#
# A fatal error has been detected by the Java Runtime Environment:
#
#  Internal Error (javaClasses.cpp:129), pid=6892, tid=140724231423744
#  fatal error: Invalid layout of preloaded class
#
# JRE version: 7.0_25-b30
# Java VM: OpenJDK 64-Bit Server VM (23.7-b01 mixed mode linux-amd64 compressed oops)
# Core dump written. Default location: /root/git/fcas/receitasvovozefa/core or core.6892
#
# If you would like to submit a bug report, please include
# instructions on how to reproduce the bug and visit:
#   https://bugs.launchpad.net/ubuntu/+source/openjdk-7/
#

---------------  T H R E A D  ---------------

Current thread (0x00007ffce0009800):  JavaThread "Unknown thread" [_thread_in_vm, id=6893, stack(0x00007ffce9c34000,0x00007ffce9d35000)]

Stack: [0x00007ffce9c34000,0x00007ffce9d35000],  sp=0x00007ffce9d339a0,  free space=1022k
Native frames: (J=compiled Java code, j=interpreted, Vv=VM code, C=native code)
V  [libjvm.so+0x84e92b]  VMError::report_and_die()+0x16b
V  [libjvm.so+0x3ebd57]  report_fatal(char const*, int, char const*)+0x57
V  [libjvm.so+0x528efa]  compute_offset(int&, klassOopDesc*, Symbol*, Symbol*, bool) [clone .constprop.123]+0x11a
V  [libjvm.so+0x529166]  java_lang_String::compute_offsets()+0x36
V  [libjvm.so+0x7dcf8d]  SystemDictionary::initialize_preloaded_classes(Thread*)+0x3d
V  [libjvm.so+0x829288]  Universe::genesis(Thread*)+0x468
V  [libjvm.so+0x82973f]  universe2_init()+0x1f
V  [libjvm.so+0x4dde1a]  init_globals()+0x9a
V  [libjvm.so+0x80d26c]  Threads::create_vm(JavaVMInitArgs*, bool*)+0x39c
V  [libjvm.so+0x545278]  JNI_CreateJavaVM+0x58
C  [libjli.so+0x2b34]  __strcat_chk+0x2b34


---------------  P R O C E S S  ---------------

Java Threads: ( => current thread )

Other Threads:

=>0x00007ffce0009800 (exited) JavaThread "Unknown thread" [_thread_in_vm, id=6893, stack(0x00007ffce9c34000,0x00007ffce9d35000)]

VM state:not at safepoint (not fully initialized)

VM Mutex/Monitor currently owned by a thread: None

GC Heap History (0 events):
No events

Deoptimization events (0 events):
No events

Internal exceptions (0 events):
No events

Events (10 events):
Event: 0.007 loading class 0x00007ffce002b720 done
Event: 0.007 loading class 0x00007ffce002afc0 done
Event: 0.007 loading class 0x00007ffce002af90
Event: 0.007 loading class 0x00007ffce0056320
Event: 0.007 loading class 0x00007ffce0056320 done
Event: 0.007 loading class 0x00007ffce0056360
Event: 0.007 loading class 0x00007ffce0056360 done
Event: 0.007 loading class 0x00007ffce00563a0
Event: 0.007 loading class 0x00007ffce00563a0 done
Event: 0.007 loading class 0x00007ffce002af90 done


Dynamic libraries:
00400000-00401000 r-xp 00000000 08:06 2103703                            /usr/lib/jvm/java-7-openjdk-amd64/jre/bin/java
00600000-00601000 r--p 00000000 08:06 2103703                            /usr/lib/jvm/java-7-openjdk-amd64/jre/bin/java
00601000-00602000 rw-p 00001000 08:06 2103703                            /usr/lib/jvm/java-7-openjdk-amd64/jre/bin/java
01ba2000-01bc3000 rw-p 00000000 00:00 0                                  [heap]
bb000000-bc4c0000 rw-p 00000000 00:00 0 
bc4c0000-c5600000 rw-p 00000000 00:00 0 
c5600000-c7d10000 rw-p 00000000 00:00 0 
c7d10000-ec760000 rw-p 00000000 00:00 0 
ec760000-edae0000 rw-p 00000000 00:00 0 
edae0000-100000000 rw-p 00000000 00:00 0 
7ffcc0000000-7ffcc0021000 rw-p 00000000 00:00 0 
7ffcc0021000-7ffcc4000000 ---p 00000000 00:00 0 
7ffcc8000000-7ffcc8021000 rw-p 00000000 00:00 0 
7ffcc8021000-7ffccc000000 ---p 00000000 00:00 0 
7ffcd0000000-7ffcd0021000 rw-p 00000000 00:00 0 
7ffcd0021000-7ffcd4000000 ---p 00000000 00:00 0 
7ffcd5d80000-7ffcd8000000 rw-p 00000000 00:00 0 
7ffcd8000000-7ffcd8021000 rw-p 00000000 00:00 0 
7ffcd8021000-7ffcdc000000 ---p 00000000 00:00 0 
7ffcdd000000-7ffcdd270000 rwxp 00000000 00:00 0 
7ffcdd270000-7ffce0061000 rw-p 00000000 00:00 0 
7ffce0061000-7ffce4000000 ---p 00000000 00:00 0 
7ffce5639000-7ffce587c000 rw-p 00000000 00:00 0 
7ffce587c000-7ffce5946000 r--s 011ad000 08:08 6697148                    /home/felipe/adt-bundle-linux-x86_64-20130729/sdk/platforms/android-18/android.jar
7ffce5946000-7ffce620e000 rw-p 00000000 00:00 0 
7ffce620e000-7ffce620f000 ---p 00000000 00:00 0 
7ffce620f000-7ffce630f000 rw-p 00000000 00:00 0                          [stack:6897]
7ffce630f000-7ffce6310000 ---p 00000000 00:00 0 
7ffce6310000-7ffce6410000 rw-p 00000000 00:00 0                          [stack:6896]
7ffce6410000-7ffce6411000 ---p 00000000 00:00 0 
7ffce6411000-7ffce6511000 rw-p 00000000 00:00 0                          [stack:6895]
7ffce6511000-7ffce6512000 ---p 00000000 00:00 0 
7ffce6512000-7ffce661d000 rw-p 00000000 00:00 0                          [stack:6894]
7ffce661d000-7ffce6665000 rw-p 00000000 00:00 0 
7ffce6665000-7ffce6679000 rw-p 00000000 00:00 0 
7ffce6679000-7ffce679e000 rw-p 00000000 00:00 0 
7ffce679e000-7ffce67a9000 rw-p 00000000 00:00 0 
7ffce67a9000-7ffce67f1000 rw-p 00000000 00:00 0 
7ffce67f1000-7ffce6805000 rw-p 00000000 00:00 0 
7ffce6805000-7ffce6929000 rw-p 00000000 00:00 0 
7ffce6929000-7ffce6934000 rw-p 00000000 00:00 0 
7ffce6934000-7ffce69c6000 rw-p 00000000 00:00 0 
7ffce69c6000-7ffce69c7000 rw-p 00000000 00:00 0 
7ffce69c7000-7ffce69cf000 r-xp 00000000 08:06 2103700                    /usr/lib/jvm/java-7-openjdk-amd64/jre/lib/amd64/libzip.so
7ffce69cf000-7ffce6bce000 ---p 00008000 08:06 2103700                    /usr/lib/jvm/java-7-openjdk-amd64/jre/lib/amd64/libzip.so
7ffce6bce000-7ffce6bcf000 r--p 00007000 08:06 2103700                    /usr/lib/jvm/java-7-openjdk-amd64/jre/lib/amd64/libzip.so
7ffce6bcf000-7ffce6bd0000 rw-p 00008000 08:06 2103700                    /usr/lib/jvm/java-7-openjdk-amd64/jre/lib/amd64/libzip.so
7ffce6bd0000-7ffce6bdc000 r-xp 00000000 08:06 935688                     /lib/x86_64-linux-gnu/libnss_files-2.17.so
7ffce6bdc000-7ffce6ddb000 ---p 0000c000 08:06 935688                     /lib/x86_64-linux-gnu/libnss_files-2.17.so
7ffce6ddb000-7ffce6ddc000 r--p 0000b000 08:06 935688                     /lib/x86_64-linux-gnu/libnss_files-2.17.so
7ffce6ddc000-7ffce6ddd000 rw-p 0000c000 08:06 935688                     /lib/x86_64-linux-gnu/libnss_files-2.17.so
7ffce6ddd000-7ffce6de8000 r-xp 00000000 08:06 935702                     /lib/x86_64-linux-gnu/libnss_nis-2.17.so
7ffce6de8000-7ffce6fe7000 ---p 0000b000 08:06 935702                     /lib/x86_64-linux-gnu/libnss_nis-2.17.so
7ffce6fe7000-7ffce6fe8000 r--p 0000a000 08:06 935702                     /lib/x86_64-linux-gnu/libnss_nis-2.17.so
7ffce6fe8000-7ffce6fe9000 rw-p 0000b000 08:06 935702                     /lib/x86_64-linux-gnu/libnss_nis-2.17.so
7ffce6fe9000-7ffce7000000 r-xp 00000000 08:06 935673                     /lib/x86_64-linux-gnu/libnsl-2.17.so
7ffce7000000-7ffce71ff000 ---p 00017000 08:06 935673                     /lib/x86_64-linux-gnu/libnsl-2.17.so
7ffce71ff000-7ffce7200000 r--p 00016000 08:06 935673                     /lib/x86_64-linux-gnu/libnsl-2.17.so
7ffce7200000-7ffce7201000 rw-p 00017000 08:06 935673                     /lib/x86_64-linux-gnu/libnsl-2.17.so
7ffce7201000-7ffce7203000 rw-p 00000000 00:00 0 
7ffce7203000-7ffce720b000 r-xp 00000000 08:06 935704                     /lib/x86_64-linux-gnu/libnss_compat-2.17.so
7ffce720b000-7ffce740a000 ---p 00008000 08:06 935704                     /lib/x86_64-linux-gnu/libnss_compat-2.17.so
7ffce740a000-7ffce740b000 r--p 00007000 08:06 935704                     /lib/x86_64-linux-gnu/libnss_compat-2.17.so
7ffce740b000-7ffce740c000 rw-p 00008000 08:06 935704                     /lib/x86_64-linux-gnu/libnss_compat-2.17.so
7ffce740c000-7ffce7437000 r-xp 00000000 08:06 2103683                    /usr/lib/jvm/java-7-openjdk-amd64/jre/lib/amd64/libjava.so
7ffce7437000-7ffce7636000 ---p 0002b000 08:06 2103683                    /usr/lib/jvm/java-7-openjdk-amd64/jre/lib/amd64/libjava.so
7ffce7636000-7ffce7637000 r--p 0002a000 08:06 2103683                    /usr/lib/jvm/java-7-openjdk-amd64/jre/lib/amd64/libjava.so
7ffce7637000-7ffce7639000 rw-p 0002b000 08:06 2103683                    /usr/lib/jvm/java-7-openjdk-amd64/jre/lib/amd64/libjava.so
7ffce7639000-7ffce7648000 r-xp 00000000 08:06 2103682                    /usr/lib/jvm/java-7-openjdk-amd64/jre/lib/amd64/libverify.so
7ffce7648000-7ffce7847000 ---p 0000f000 08:06 2103682                    /usr/lib/jvm/java-7-openjdk-amd64/jre/lib/amd64/libverify.so
7ffce7847000-7ffce7849000 r--p 0000e000 08:06 2103682                    /usr/lib/jvm/java-7-openjdk-amd64/jre/lib/amd64/libverify.so
7ffce7849000-7ffce784a000 rw-p 00010000 08:06 2103682                    /usr/lib/jvm/java-7-openjdk-amd64/jre/lib/amd64/libverify.so
7ffce784a000-7ffce7851000 r-xp 00000000 08:06 935698                     /lib/x86_64-linux-gnu/librt-2.17.so
7ffce7851000-7ffce7a50000 ---p 00007000 08:06 935698                     /lib/x86_64-linux-gnu/librt-2.17.so
7ffce7a50000-7ffce7a51000 r--p 00006000 08:06 935698                     /lib/x86_64-linux-gnu/librt-2.17.so
7ffce7a51000-7ffce7a52000 rw-p 00007000 08:06 935698                     /lib/x86_64-linux-gnu/librt-2.17.so
7ffce7a52000-7ffce7a66000 r-xp 00000000 08:06 921406                     /lib/x86_64-linux-gnu/libgcc_s.so.1
7ffce7a66000-7ffce7c66000 ---p 00014000 08:06 921406                     /lib/x86_64-linux-gnu/libgcc_s.so.1
7ffce7c66000-7ffce7c67000 r--p 00014000 08:06 921406                     /lib/x86_64-linux-gnu/libgcc_s.so.1
7ffce7c67000-7ffce7c68000 rw-p 00015000 08:06 921406                     /lib/x86_64-linux-gnu/libgcc_s.so.1
7ffce7c68000-7ffce7d6b000 r-xp 00000000 08:06 935703                     /lib/x86_64-linux-gnu/libm-2.17.so
7ffce7d6b000-7ffce7f6b000 ---p 00103000 08:06 935703                     /lib/x86_64-linux-gnu/libm-2.17.so
7ffce7f6b000-7ffce7f6c000 r--p 00103000 08:06 935703                     /lib/x86_64-linux-gnu/libm-2.17.so
7ffce7f6c000-7ffce7f6d000 rw-p 00104000 08:06 935703                     /lib/x86_64-linux-gnu/libm-2.17.so
7ffce7f6d000-7ffce8052000 r-xp 00000000 08:06 1974892                    /usr/lib/x86_64-linux-gnu/libstdc++.so.6.0.17
7ffce8052000-7ffce8251000 ---p 000e5000 08:06 1974892                    /usr/lib/x86_64-linux-gnu/libstdc++.so.6.0.17
7ffce8251000-7ffce8259000 r--p 000e4000 08:06 1974892                    /usr/lib/x86_64-linux-gnu/libstdc++.so.6.0.17
7ffce8259000-7ffce825b000 rw-p 000ec000 08:06 1974892                    /usr/lib/x86_64-linux-gnu/libstdc++.so.6.0.17
7ffce825b000-7ffce8270000 rw-p 00000000 00:00 0 
7ffce8270000-7ffce8c60000 r-xp 00000000 08:06 2103688                    /usr/lib/jvm/java-7-openjdk-amd64/jre/lib/amd64/server/libjvm.so
7ffce8c60000-7ffce8e5f000 ---p 009f0000 08:06 2103688                    /usr/lib/jvm/java-7-openjdk-amd64/jre/lib/amd64/server/libjvm.so
7ffce8e5f000-7ffce8ede000 r--p 009ef000 08:06 2103688                    /usr/lib/jvm/java-7-openjdk-amd64/jre/lib/amd64/server/libjvm.so
7ffce8ede000-7ffce8f01000 rw-p 00a6e000 08:06 2103688                    /usr/lib/jvm/java-7-openjdk-amd64/jre/lib/amd64/server/libjvm.so
7ffce8f01000-7ffce8f2c000 rw-p 00000000 00:00 0 
7ffce8f2c000-7ffce8f42000 r-xp 00000000 08:06 921534                     /lib/x86_64-linux-gnu/libz.so.1.2.7
7ffce8f42000-7ffce9141000 ---p 00016000 08:06 921534                     /lib/x86_64-linux-gnu/libz.so.1.2.7
7ffce9141000-7ffce9142000 r--p 00015000 08:06 921534                     /lib/x86_64-linux-gnu/libz.so.1.2.7
7ffce9142000-7ffce9143000 rw-p 00016000 08:06 921534                     /lib/x86_64-linux-gnu/libz.so.1.2.7
7ffce9143000-7ffce915b000 r-xp 00000000 08:06 935676                     /lib/x86_64-linux-gnu/libpthread-2.17.so
7ffce915b000-7ffce935a000 ---p 00018000 08:06 935676                     /lib/x86_64-linux-gnu/libpthread-2.17.so
7ffce935a000-7ffce935b000 r--p 00017000 08:06 935676                     /lib/x86_64-linux-gnu/libpthread-2.17.so
7ffce935b000-7ffce935c000 rw-p 00018000 08:06 935676                     /lib/x86_64-linux-gnu/libpthread-2.17.so
7ffce935c000-7ffce9360000 rw-p 00000000 00:00 0 
7ffce9360000-7ffce9363000 r-xp 00000000 08:06 935684                     /lib/x86_64-linux-gnu/libdl-2.17.so
7ffce9363000-7ffce9562000 ---p 00003000 08:06 935684                     /lib/x86_64-linux-gnu/libdl-2.17.so
7ffce9562000-7ffce9563000 r--p 00002000 08:06 935684                     /lib/x86_64-linux-gnu/libdl-2.17.so
7ffce9563000-7ffce9564000 rw-p 00003000 08:06 935684                     /lib/x86_64-linux-gnu/libdl-2.17.so
7ffce9564000-7ffce9723000 r-xp 00000000 08:06 935706                     /lib/x86_64-linux-gnu/libc-2.17.so
7ffce9723000-7ffce9922000 ---p 001bf000 08:06 935706                     /lib/x86_64-linux-gnu/libc-2.17.so
7ffce9922000-7ffce9926000 r--p 001be000 08:06 935706                     /lib/x86_64-linux-gnu/libc-2.17.so
7ffce9926000-7ffce9928000 rw-p 001c2000 08:06 935706                     /lib/x86_64-linux-gnu/libc-2.17.so
7ffce9928000-7ffce992d000 rw-p 00000000 00:00 0 
7ffce992d000-7ffce993a000 r-xp 00000000 08:06 2103664                    /usr/lib/jvm/java-7-openjdk-amd64/jre/lib/amd64/jli/libjli.so
7ffce993a000-7ffce9b39000 ---p 0000d000 08:06 2103664                    /usr/lib/jvm/java-7-openjdk-amd64/jre/lib/amd64/jli/libjli.so
7ffce9b39000-7ffce9b3a000 r--p 0000c000 08:06 2103664                    /usr/lib/jvm/java-7-openjdk-amd64/jre/lib/amd64/jli/libjli.so
7ffce9b3a000-7ffce9b3b000 rw-p 0000d000 08:06 2103664                    /usr/lib/jvm/java-7-openjdk-amd64/jre/lib/amd64/jli/libjli.so
7ffce9b3b000-7ffce9b5e000 r-xp 00000000 08:06 935651                     /lib/x86_64-linux-gnu/ld-2.17.so
7ffce9b74000-7ffce9b7e000 rw-p 00000000 00:00 0 
7ffce9b7e000-7ffce9c34000 rw-p 00000000 00:00 0 
7ffce9c34000-7ffce9c37000 ---p 00000000 00:00 0 
7ffce9c37000-7ffce9d3a000 rw-p 00000000 00:00 0                          [stack:6893]
7ffce9d4f000-7ffce9d51000 rw-p 00000000 00:00 0 
7ffce9d51000-7ffce9d59000 rw-s 00000000 08:06 542053                     /tmp/hsperfdata_root/6892
7ffce9d59000-7ffce9d5a000 rw-p 00000000 00:00 0 
7ffce9d5a000-7ffce9d5b000 r--p 00000000 00:00 0 
7ffce9d5b000-7ffce9d5d000 rw-p 00000000 00:00 0 
7ffce9d5d000-7ffce9d5e000 r--p 00022000 08:06 935651                     /lib/x86_64-linux-gnu/ld-2.17.so
7ffce9d5e000-7ffce9d60000 rw-p 00023000 08:06 935651                     /lib/x86_64-linux-gnu/ld-2.17.so
7fffc9572000-7fffc9593000 rw-p 00000000 00:00 0                          [stack]
7fffc95fe000-7fffc9600000 r-xp 00000000 00:00 0                          [vdso]
ffffffffff600000-ffffffffff601000 r-xp 00000000 00:00 0                  [vsyscall]

VM Arguments:
jvm_args: -Dfile.encoding=UTF-8 -Xbootclasspath:/home/felipe/adt-bundle-linux-x86_64-20130729/sdk/platforms/android-18/android.jar 
java_command: org.eclipse.jdt.internal.junit.runner.RemoteTestRunner -version 3 -port 44845 -testLoaderClass org.eclipse.jdt.internal.junit4.runner.JUnit4TestLoader -loaderpluginname org.eclipse.jdt.junit4.runtime -classNames test.Teste
Launcher Type: SUN_STANDARD

Environment Variables:
PATH=/usr/local/heroku/bin:/usr/local/sbin:/usr/local/bin:/usr/sbin:/usr/bin:/sbin:/bin:/usr/games:/usr/local/games
USERNAME=root
SHELL=/bin/bash
DISPLAY=:0

Signal Handlers:
SIGSEGV: [libjvm.so+0x84f410], sa_mask[0]=0x7ffbfeff, sa_flags=0x10000004
SIGBUS: [libjvm.so+0x84f410], sa_mask[0]=0x7ffbfeff, sa_flags=0x10000004
SIGFPE: [libjvm.so+0x6f19a0], sa_mask[0]=0x7ffbfeff, sa_flags=0x10000004
SIGPIPE: [libjvm.so+0x6f19a0], sa_mask[0]=0x7ffbfeff, sa_flags=0x10000004
SIGXFSZ: [libjvm.so+0x6f19a0], sa_mask[0]=0x7ffbfeff, sa_flags=0x10000004
SIGILL: [libjvm.so+0x6f19a0], sa_mask[0]=0x7ffbfeff, sa_flags=0x10000004
SIGUSR1: SIG_DFL, sa_mask[0]=0x00000000, sa_flags=0x00000000
SIGUSR2: [libjvm.so+0x6f1d70], sa_mask[0]=0x00000004, sa_flags=0x10000004
SIGHUP: SIG_DFL, sa_mask[0]=0x00000000, sa_flags=0x00000000
SIGINT: SIG_DFL, sa_mask[0]=0x00000000, sa_flags=0x00000000
SIGTERM: SIG_DFL, sa_mask[0]=0x00000000, sa_flags=0x00000000
SIGQUIT: SIG_DFL, sa_mask[0]=0x00000000, sa_flags=0x00000000


---------------  S Y S T E M  ---------------

OS:Ubuntu 13.04 (raring)
uname:Linux 3.8.0-33-generic #48-Ubuntu SMP Wed Oct 23 09:16:58 UTC 2013 x86_64
libc:glibc 2.17 NPTL 2.17 
rlimit: STACK 8192k, CORE infinity, NPROC 29807, NOFILE 4096, AS infinity
load average:1.17 0.99 0.99

/proc/meminfo:
MemTotal:        3834528 kB
MemFree:          137700 kB
Buffers:           23008 kB
Cached:           956676 kB
SwapCached:        33084 kB
Active:          2387128 kB
Inactive:        1076512 kB
Active(anon):    2024504 kB
Inactive(anon):   761484 kB
Active(file):     362624 kB
Inactive(file):   315028 kB
Unevictable:          64 kB
Mlocked:              64 kB
SwapTotal:       1951740 kB
SwapFree:        1677720 kB
Dirty:               412 kB
Writeback:             0 kB
AnonPages:       2456276 kB
Mapped:           135936 kB
Shmem:            302020 kB
Slab:             109260 kB
SReclaimable:      70800 kB
SUnreclaim:        38460 kB
KernelStack:        5448 kB
PageTables:        61176 kB
NFS_Unstable:          0 kB
Bounce:                0 kB
WritebackTmp:          0 kB
CommitLimit:     3869004 kB
Committed_AS:    8575332 kB
VmallocTotal:   34359738367 kB
VmallocUsed:      544324 kB
VmallocChunk:   34359189980 kB
HardwareCorrupted:     0 kB
AnonHugePages:         0 kB
HugePages_Total:       0
HugePages_Free:        0
HugePages_Rsvd:        0
HugePages_Surp:        0
Hugepagesize:       2048 kB
DirectMap4k:       74516 kB
DirectMap2M:     3903488 kB


CPU:total 4 (2 cores per cpu, 2 threads per core) family 6 model 37 stepping 5, cmov, cx8, fxsr, mmx, sse, sse2, sse3, ssse3, sse4.1, sse4.2, popcnt, ht, tsc, tscinvbit

/proc/cpuinfo:
processor	: 0
vendor_id	: GenuineIntel
cpu family	: 6
model		: 37
model name	: Intel(R) Core(TM) i3 CPU       M 380  @ 2.53GHz
stepping	: 5
microcode	: 0x2
cpu MHz		: 933.000
cache size	: 3072 KB
physical id	: 0
siblings	: 4
core id		: 0
cpu cores	: 2
apicid		: 0
initial apicid	: 0
fpu		: yes
fpu_exception	: yes
cpuid level	: 11
wp		: yes
flags		: fpu vme de pse tsc msr pae mce cx8 apic sep mtrr pge mca cmov pat pse36 clflush dts acpi mmx fxsr sse sse2 ss ht tm pbe syscall nx rdtscp lm constant_tsc arch_perfmon pebs bts rep_good nopl xtopology nonstop_tsc aperfmperf pni dtes64 monitor ds_cpl vmx est tm2 ssse3 cx16 xtpr pdcm pcid sse4_1 sse4_2 popcnt lahf_lm arat dtherm tpr_shadow vnmi flexpriority ept vpid
bogomips	: 5054.16
clflush size	: 64
cache_alignment	: 64
address sizes	: 36 bits physical, 48 bits virtual
power management:

processor	: 1
vendor_id	: GenuineIntel
cpu family	: 6
model		: 37
model name	: Intel(R) Core(TM) i3 CPU       M 380  @ 2.53GHz
stepping	: 5
microcode	: 0x2
cpu MHz		: 933.000
cache size	: 3072 KB
physical id	: 0
siblings	: 4
core id		: 2
cpu cores	: 2
apicid		: 4
initial apicid	: 4
fpu		: yes
fpu_exception	: yes
cpuid level	: 11
wp		: yes
flags		: fpu vme de pse tsc msr pae mce cx8 apic sep mtrr pge mca cmov pat pse36 clflush dts acpi mmx fxsr sse sse2 ss ht tm pbe syscall nx rdtscp lm constant_tsc arch_perfmon pebs bts rep_good nopl xtopology nonstop_tsc aperfmperf pni dtes64 monitor ds_cpl vmx est tm2 ssse3 cx16 xtpr pdcm pcid sse4_1 sse4_2 popcnt lahf_lm arat dtherm tpr_shadow vnmi flexpriority ept vpid
bogomips	: 5054.16
clflush size	: 64
cache_alignment	: 64
address sizes	: 36 bits physical, 48 bits virtual
power management:

processor	: 2
vendor_id	: GenuineIntel
cpu family	: 6
model		: 37
model name	: Intel(R) Core(TM) i3 CPU       M 380  @ 2.53GHz
stepping	: 5
microcode	: 0x2
cpu MHz		: 2533.000
cache size	: 3072 KB
physical id	: 0
siblings	: 4
core id		: 0
cpu cores	: 2
apicid		: 1
initial apicid	: 1
fpu		: yes
fpu_exception	: yes
cpuid level	: 11
wp		: yes
flags		: fpu vme de pse tsc msr pae mce cx8 apic sep mtrr pge mca cmov pat pse36 clflush dts acpi mmx fxsr sse sse2 ss ht tm pbe syscall nx rdtscp lm constant_tsc arch_perfmon pebs bts rep_good nopl xtopology nonstop_tsc aperfmperf pni dtes64 monitor ds_cpl vmx est tm2 ssse3 cx16 xtpr pdcm pcid sse4_1 sse4_2 popcnt lahf_lm arat dtherm tpr_shadow vnmi flexpriority ept vpid
bogomips	: 5054.16
clflush size	: 64
cache_alignment	: 64
address sizes	: 36 bits physical, 48 bits virtual
power management:

processor	: 3
vendor_id	: GenuineIntel
cpu family	: 6
model		: 37
model name	: Intel(R) Core(TM) i3 CPU       M 380  @ 2.53GHz
stepping	: 5
microcode	: 0x2
cpu MHz		: 933.000
cache size	: 3072 KB
physical id	: 0
siblings	: 4
core id		: 2
cpu cores	: 2
apicid		: 5
initial apicid	: 5
fpu		: yes
fpu_exception	: yes
cpuid level	: 11
wp		: yes
flags		: fpu vme de pse tsc msr pae mce cx8 apic sep mtrr pge mca cmov pat pse36 clflush dts acpi mmx fxsr sse sse2 ss ht tm pbe syscall nx rdtscp lm constant_tsc arch_perfmon pebs bts rep_good nopl xtopology nonstop_tsc aperfmperf pni dtes64 monitor ds_cpl vmx est tm2 ssse3 cx16 xtpr pdcm pcid sse4_1 sse4_2 popcnt lahf_lm arat dtherm tpr_shadow vnmi flexpriority ept vpid
bogomips	: 5054.16
clflush size	: 64
cache_alignment	: 64
address sizes	: 36 bits physical, 48 bits virtual
power management:



Memory: 4k page, physical 3834528k(137544k free), swap 1951740k(1677720k free)

vm_info: OpenJDK 64-Bit Server VM (23.7-b01) for linux-amd64 JRE (1.7.0_25-b30), built on Jul  3 2013 13:50:39 by "buildd" with gcc 4.7.3

time: Wed Nov 20 10:53:51 2013
elapsed time: 0 seconds

