#
# A fatal error has been detected by the Java Runtime Environment:
#
#  Internal Error (javaClasses.cpp:136), pid=5514, tid=140296570763008
#  fatal error: Invalid layout of preloaded class
#
# JRE version:  (7.0_45-b18) (build )
# Java VM: Java HotSpot(TM) 64-Bit Server VM (24.45-b08 mixed mode linux-amd64 compressed oops)
# Failed to write core dump. Core dumps have been disabled. To enable core dumping, try "ulimit -c unlimited" before starting Java again
#
# If you would like to submit a bug report, please visit:
#   http://bugreport.sun.com/bugreport/crash.jsp
#

---------------  T H R E A D  ---------------

Current thread (0x00007f995000a000):  JavaThread "Unknown thread" [_thread_in_vm, id=5516, stack(0x00007f9957337000,0x00007f9957438000)]

Stack: [0x00007f9957337000,0x00007f9957438000],  sp=0x00007f9957436780,  free space=1021k
Native frames: (J=compiled Java code, j=interpreted, Vv=VM code, C=native code)
V  [libjvm.so+0x992c8a]  VMError::report_and_die()+0x2ea
V  [libjvm.so+0x493559]  report_fatal(char const*, int, char const*)+0x59
V  [libjvm.so+0x5fdd00]  compute_offset(int&, klassOopDesc*, Symbol*, Symbol*, bool)+0x140
V  [libjvm.so+0x5fe819]  java_lang_String::compute_offsets()+0x39
V  [libjvm.so+0x918f55]  SystemDictionary::initialize_preloaded_classes(Thread*)+0x1a5
V  [libjvm.so+0x967c94]  Universe::genesis(Thread*)+0x494
V  [libjvm.so+0x968149]  universe2_init()+0x29
V  [libjvm.so+0x5a969d]  init_globals()+0xbd
V  [libjvm.so+0x94ed1d]  Threads::create_vm(JavaVMInitArgs*, bool*)+0x1ed
V  [libjvm.so+0x630804]  JNI_CreateJavaVM+0x74
C  [libjli.so+0x2f8e]  JavaMain+0x9e


---------------  P R O C E S S  ---------------

Java Threads: ( => current thread )

Other Threads:

=>0x00007f995000a000 (exited) JavaThread "Unknown thread" [_thread_in_vm, id=5516, stack(0x00007f9957337000,0x00007f9957438000)]

VM state:not at safepoint (not fully initialized)

VM Mutex/Monitor currently owned by a thread: None

GC Heap History (0 events):
No events

Deoptimization events (0 events):
No events

Internal exceptions (0 events):
No events

Events (10 events):
Event: 0.017 loading class 0x00007f99540536f0 done
Event: 0.017 loading class 0x00007f9954053110 done
Event: 0.017 loading class 0x00007f99540530f0
Event: 0.018 loading class 0x00007f995405b1f0
Event: 0.018 loading class 0x00007f995405b1f0 done
Event: 0.018 loading class 0x00007f995405b220
Event: 0.018 loading class 0x00007f995405b220 done
Event: 0.018 loading class 0x00007f995405b250
Event: 0.018 loading class 0x00007f995405b250 done
Event: 0.018 loading class 0x00007f99540530f0 done


Dynamic libraries:
00400000-00401000 r-xp 00000000 08:08 4085595                            /home/felipe/jre1.7.0_45/bin/java
00600000-00601000 rw-p 00000000 08:08 4085595                            /home/felipe/jre1.7.0_45/bin/java
01fab000-01fcc000 rw-p 00000000 00:00 0                                  [heap]
c0400000-c1900000 rw-p 00000000 00:00 0 
c1900000-c5600000 rw-p 00000000 00:00 0 
c5600000-c7d00000 rw-p 00000000 00:00 0 
c7d00000-ec700000 rw-p 00000000 00:00 0 
ec700000-eda80000 rw-p 00000000 00:00 0 
eda80000-100000000 rw-p 00000000 00:00 0 
7f9934000000-7f9934021000 rw-p 00000000 00:00 0 
7f9934021000-7f9938000000 ---p 00000000 00:00 0 
7f993c000000-7f993c021000 rw-p 00000000 00:00 0 
7f993c021000-7f9940000000 ---p 00000000 00:00 0 
7f9940000000-7f9940021000 rw-p 00000000 00:00 0 
7f9940021000-7f9944000000 ---p 00000000 00:00 0 
7f9944000000-7f9944021000 rw-p 00000000 00:00 0 
7f9944021000-7f9948000000 ---p 00000000 00:00 0 
7f994a89b000-7f994aae0000 rw-p 00000000 00:00 0 
7f994aae0000-7f994abaa000 r--s 011ad000 08:08 6697148                    /home/felipe/adt-bundle-linux-x86_64-20130729/sdk/platforms/android-18/android.jar
7f994abaa000-7f994cdfe000 rw-p 00000000 00:00 0 
7f994cdfe000-7f994cdff000 ---p 00000000 00:00 0 
7f994cdff000-7f994ceff000 rw-p 00000000 00:00 0                          [stack:5524]
7f994ceff000-7f994cf00000 ---p 00000000 00:00 0 
7f994cf00000-7f994d000000 rw-p 00000000 00:00 0                          [stack:5523]
7f994d000000-7f994d270000 rwxp 00000000 00:00 0 
7f994d270000-7f9950056000 rw-p 00000000 00:00 0 
7f9950056000-7f9954000000 ---p 00000000 00:00 0 
7f995402e000-7f99540d6000 rw-p 00000000 00:00 0 
7f99540d6000-7f99540d7000 ---p 00000000 00:00 0 
7f99540d7000-7f99541d7000 rw-p 00000000 00:00 0                          [stack:5522]
7f99541d7000-7f99541d8000 ---p 00000000 00:00 0 
7f99541d8000-7f99542e3000 rw-p 00000000 00:00 0                          [stack:5521]
7f99542e3000-7f9954301000 rw-p 00000000 00:00 0 
7f9954301000-7f9954315000 rw-p 00000000 00:00 0 
7f9954315000-7f995443a000 rw-p 00000000 00:00 0 
7f995443a000-7f9954445000 rw-p 00000000 00:00 0 
7f9954445000-7f9954463000 rw-p 00000000 00:00 0 
7f9954463000-7f9954477000 rw-p 00000000 00:00 0 
7f9954477000-7f995459b000 rw-p 00000000 00:00 0 
7f995459b000-7f99545a6000 rw-p 00000000 00:00 0 
7f99545a6000-7f9954638000 rw-p 00000000 00:00 0 
7f9954638000-7f9954639000 rw-p 00000000 00:00 0 
7f9954639000-7f9954653000 r-xp 00000000 08:08 4085555                    /home/felipe/jre1.7.0_45/lib/amd64/libzip.so
7f9954653000-7f9954853000 ---p 0001a000 08:08 4085555                    /home/felipe/jre1.7.0_45/lib/amd64/libzip.so
7f9954853000-7f9954854000 rw-p 0001a000 08:08 4085555                    /home/felipe/jre1.7.0_45/lib/amd64/libzip.so
7f9954854000-7f9954860000 r-xp 00000000 08:06 935688                     /lib/x86_64-linux-gnu/libnss_files-2.17.so
7f9954860000-7f9954a5f000 ---p 0000c000 08:06 935688                     /lib/x86_64-linux-gnu/libnss_files-2.17.so
7f9954a5f000-7f9954a60000 r--p 0000b000 08:06 935688                     /lib/x86_64-linux-gnu/libnss_files-2.17.so
7f9954a60000-7f9954a61000 rw-p 0000c000 08:06 935688                     /lib/x86_64-linux-gnu/libnss_files-2.17.so
7f9954a61000-7f9954a6c000 r-xp 00000000 08:06 935702                     /lib/x86_64-linux-gnu/libnss_nis-2.17.so
7f9954a6c000-7f9954c6b000 ---p 0000b000 08:06 935702                     /lib/x86_64-linux-gnu/libnss_nis-2.17.so
7f9954c6b000-7f9954c6c000 r--p 0000a000 08:06 935702                     /lib/x86_64-linux-gnu/libnss_nis-2.17.so
7f9954c6c000-7f9954c6d000 rw-p 0000b000 08:06 935702                     /lib/x86_64-linux-gnu/libnss_nis-2.17.so
7f9954c6d000-7f9954c84000 r-xp 00000000 08:06 935673                     /lib/x86_64-linux-gnu/libnsl-2.17.so
7f9954c84000-7f9954e83000 ---p 00017000 08:06 935673                     /lib/x86_64-linux-gnu/libnsl-2.17.so
7f9954e83000-7f9954e84000 r--p 00016000 08:06 935673                     /lib/x86_64-linux-gnu/libnsl-2.17.so
7f9954e84000-7f9954e85000 rw-p 00017000 08:06 935673                     /lib/x86_64-linux-gnu/libnsl-2.17.so
7f9954e85000-7f9954e87000 rw-p 00000000 00:00 0 
7f9954e87000-7f9954e8f000 r-xp 00000000 08:06 935704                     /lib/x86_64-linux-gnu/libnss_compat-2.17.so
7f9954e8f000-7f995508e000 ---p 00008000 08:06 935704                     /lib/x86_64-linux-gnu/libnss_compat-2.17.so
7f995508e000-7f995508f000 r--p 00007000 08:06 935704                     /lib/x86_64-linux-gnu/libnss_compat-2.17.so
7f995508f000-7f9955090000 rw-p 00008000 08:06 935704                     /lib/x86_64-linux-gnu/libnss_compat-2.17.so
7f9955090000-7f99550b9000 r-xp 00000000 08:08 4085546                    /home/felipe/jre1.7.0_45/lib/amd64/libjava.so
7f99550b9000-7f99552b9000 ---p 00029000 08:08 4085546                    /home/felipe/jre1.7.0_45/lib/amd64/libjava.so
7f99552b9000-7f99552bb000 rw-p 00029000 08:08 4085546                    /home/felipe/jre1.7.0_45/lib/amd64/libjava.so
7f99552bb000-7f99552c8000 r-xp 00000000 08:08 4085536                    /home/felipe/jre1.7.0_45/lib/amd64/libverify.so
7f99552c8000-7f99554c7000 ---p 0000d000 08:08 4085536                    /home/felipe/jre1.7.0_45/lib/amd64/libverify.so
7f99554c7000-7f99554c9000 rw-p 0000c000 08:08 4085536                    /home/felipe/jre1.7.0_45/lib/amd64/libverify.so
7f99554c9000-7f99554d0000 r-xp 00000000 08:06 935698                     /lib/x86_64-linux-gnu/librt-2.17.so
7f99554d0000-7f99556cf000 ---p 00007000 08:06 935698                     /lib/x86_64-linux-gnu/librt-2.17.so
7f99556cf000-7f99556d0000 r--p 00006000 08:06 935698                     /lib/x86_64-linux-gnu/librt-2.17.so
7f99556d0000-7f99556d1000 rw-p 00007000 08:06 935698                     /lib/x86_64-linux-gnu/librt-2.17.so
7f99556d1000-7f99557d4000 r-xp 00000000 08:06 935703                     /lib/x86_64-linux-gnu/libm-2.17.so
7f99557d4000-7f99559d4000 ---p 00103000 08:06 935703                     /lib/x86_64-linux-gnu/libm-2.17.so
7f99559d4000-7f99559d5000 r--p 00103000 08:06 935703                     /lib/x86_64-linux-gnu/libm-2.17.so
7f99559d5000-7f99559d6000 rw-p 00104000 08:06 935703                     /lib/x86_64-linux-gnu/libm-2.17.so
7f99559d6000-7f9956538000 r-xp 00000000 08:08 4085553                    /home/felipe/jre1.7.0_45/lib/amd64/server/libjvm.so
7f9956538000-7f9956738000 ---p 00b62000 08:08 4085553                    /home/felipe/jre1.7.0_45/lib/amd64/server/libjvm.so
7f9956738000-7f99567fb000 rw-p 00b62000 08:08 4085553                    /home/felipe/jre1.7.0_45/lib/amd64/server/libjvm.so
7f99567fb000-7f995683c000 rw-p 00000000 00:00 0 
7f995683c000-7f99569fb000 r-xp 00000000 08:06 935706                     /lib/x86_64-linux-gnu/libc-2.17.so
7f99569fb000-7f9956bfa000 ---p 001bf000 08:06 935706                     /lib/x86_64-linux-gnu/libc-2.17.so
7f9956bfa000-7f9956bfe000 r--p 001be000 08:06 935706                     /lib/x86_64-linux-gnu/libc-2.17.so
7f9956bfe000-7f9956c00000 rw-p 001c2000 08:06 935706                     /lib/x86_64-linux-gnu/libc-2.17.so
7f9956c00000-7f9956c05000 rw-p 00000000 00:00 0 
7f9956c05000-7f9956c08000 r-xp 00000000 08:06 935684                     /lib/x86_64-linux-gnu/libdl-2.17.so
7f9956c08000-7f9956e07000 ---p 00003000 08:06 935684                     /lib/x86_64-linux-gnu/libdl-2.17.so
7f9956e07000-7f9956e08000 r--p 00002000 08:06 935684                     /lib/x86_64-linux-gnu/libdl-2.17.so
7f9956e08000-7f9956e09000 rw-p 00003000 08:06 935684                     /lib/x86_64-linux-gnu/libdl-2.17.so
7f9956e09000-7f9956e1f000 r-xp 00000000 08:08 4085574                    /home/felipe/jre1.7.0_45/lib/amd64/jli/libjli.so
7f9956e1f000-7f995701f000 ---p 00016000 08:08 4085574                    /home/felipe/jre1.7.0_45/lib/amd64/jli/libjli.so
7f995701f000-7f9957020000 rw-p 00016000 08:08 4085574                    /home/felipe/jre1.7.0_45/lib/amd64/jli/libjli.so
7f9957020000-7f9957038000 r-xp 00000000 08:06 935676                     /lib/x86_64-linux-gnu/libpthread-2.17.so
7f9957038000-7f9957237000 ---p 00018000 08:06 935676                     /lib/x86_64-linux-gnu/libpthread-2.17.so
7f9957237000-7f9957238000 r--p 00017000 08:06 935676                     /lib/x86_64-linux-gnu/libpthread-2.17.so
7f9957238000-7f9957239000 rw-p 00018000 08:06 935676                     /lib/x86_64-linux-gnu/libpthread-2.17.so
7f9957239000-7f995723d000 rw-p 00000000 00:00 0 
7f995723d000-7f9957260000 r-xp 00000000 08:06 935651                     /lib/x86_64-linux-gnu/ld-2.17.so
7f9957277000-7f9957281000 rw-p 00000000 00:00 0 
7f9957281000-7f9957337000 rw-p 00000000 00:00 0 
7f9957337000-7f995733a000 ---p 00000000 00:00 0 
7f995733a000-7f995743c000 rw-p 00000000 00:00 0                          [stack:5516]
7f995743d000-7f9957453000 rw-p 00000000 00:00 0 
7f9957453000-7f995745b000 rw-s 00000000 08:06 541808                     /tmp/hsperfdata_root/5514
7f995745b000-7f995745c000 rw-p 00000000 00:00 0 
7f995745c000-7f995745d000 r--p 00000000 00:00 0 
7f995745d000-7f995745f000 rw-p 00000000 00:00 0 
7f995745f000-7f9957460000 r--p 00022000 08:06 935651                     /lib/x86_64-linux-gnu/ld-2.17.so
7f9957460000-7f9957462000 rw-p 00023000 08:06 935651                     /lib/x86_64-linux-gnu/ld-2.17.so
7fff31ff1000-7fff32012000 rw-p 00000000 00:00 0                          [stack]
7fff320bd000-7fff320bf000 r-xp 00000000 00:00 0                          [vdso]
ffffffffff600000-ffffffffff601000 r-xp 00000000 00:00 0                  [vsyscall]

VM Arguments:
jvm_args: -Dfile.encoding=UTF-8 -Xbootclasspath/p:/home/felipe/adt-bundle-linux-x86_64-20130729/sdk/platforms/android-18/android.jar 
java_command: org.eclipse.jdt.internal.junit.runner.RemoteTestRunner -version 3 -port 48074 -testLoaderClass org.eclipse.jdt.internal.junit4.runner.JUnit4TestLoader -loaderpluginname org.eclipse.jdt.junit4.runtime -classNames test.Teste
Launcher Type: SUN_STANDARD

Environment Variables:
PATH=/usr/local/heroku/bin:/usr/local/sbin:/usr/local/bin:/usr/sbin:/usr/bin:/sbin:/bin:/usr/games:/usr/local/games
USERNAME=root
SHELL=/bin/bash
DISPLAY=:0

Signal Handlers:
SIGSEGV: [libjvm.so+0x9935b0], sa_mask[0]=0x7ffbfeff, sa_flags=0x10000004
SIGBUS: [libjvm.so+0x9935b0], sa_mask[0]=0x7ffbfeff, sa_flags=0x10000004
SIGFPE: [libjvm.so+0x810330], sa_mask[0]=0x7ffbfeff, sa_flags=0x10000004
SIGPIPE: [libjvm.so+0x810330], sa_mask[0]=0x7ffbfeff, sa_flags=0x10000004
SIGXFSZ: [libjvm.so+0x810330], sa_mask[0]=0x7ffbfeff, sa_flags=0x10000004
SIGILL: [libjvm.so+0x810330], sa_mask[0]=0x7ffbfeff, sa_flags=0x10000004
SIGUSR1: SIG_DFL, sa_mask[0]=0x00000000, sa_flags=0x00000000
SIGUSR2: [libjvm.so+0x811820], sa_mask[0]=0x00000004, sa_flags=0x10000004
SIGHUP: SIG_DFL, sa_mask[0]=0x00000000, sa_flags=0x00000000
SIGINT: SIG_DFL, sa_mask[0]=0x00000000, sa_flags=0x00000000
SIGTERM: SIG_DFL, sa_mask[0]=0x00000000, sa_flags=0x00000000
SIGQUIT: SIG_DFL, sa_mask[0]=0x00000000, sa_flags=0x00000000


---------------  S Y S T E M  ---------------

OS:wheezy/sid

uname:Linux 3.8.0-33-generic #48-Ubuntu SMP Wed Oct 23 09:16:58 UTC 2013 x86_64
libc:glibc 2.17 NPTL 2.17 
rlimit: STACK 8192k, CORE 0k, NPROC 29807, NOFILE 4096, AS infinity
load average:0.80 0.89 0.86

/proc/meminfo:
MemTotal:        3834528 kB
MemFree:          149352 kB
Buffers:           12468 kB
Cached:           570808 kB
SwapCached:       107064 kB
Active:          2505792 kB
Inactive:         955600 kB
Active(anon):    2373176 kB
Inactive(anon):   820624 kB
Active(file):     132616 kB
Inactive(file):   134976 kB
Unevictable:          64 kB
Mlocked:              64 kB
SwapTotal:       1951740 kB
SwapFree:        1349796 kB
Dirty:               296 kB
Writeback:             0 kB
AnonPages:       2811840 kB
Mapped:           129060 kB
Shmem:            315832 kB
Slab:             102300 kB
SReclaimable:      63228 kB
SUnreclaim:        39072 kB
KernelStack:        5576 kB
PageTables:        62112 kB
NFS_Unstable:          0 kB
Bounce:                0 kB
WritebackTmp:          0 kB
CommitLimit:     3869004 kB
Committed_AS:    9416248 kB
VmallocTotal:   34359738367 kB
VmallocUsed:      544324 kB
VmallocChunk:   34359190492 kB
HardwareCorrupted:     0 kB
AnonHugePages:         0 kB
HugePages_Total:       0
HugePages_Free:        0
HugePages_Rsvd:        0
HugePages_Surp:        0
Hugepagesize:       2048 kB
DirectMap4k:       68372 kB
DirectMap2M:     3909632 kB


CPU:total 4 (2 cores per cpu, 2 threads per core) family 6 model 37 stepping 5, cmov, cx8, fxsr, mmx, sse, sse2, sse3, ssse3, sse4.1, sse4.2, popcnt, ht, tsc, tscinvbit

/proc/cpuinfo:
processor	: 0
vendor_id	: GenuineIntel
cpu family	: 6
model		: 37
model name	: Intel(R) Core(TM) i3 CPU       M 380  @ 2.53GHz
stepping	: 5
microcode	: 0x2
cpu MHz		: 1599.000
cache size	: 3072 KB
physical id	: 0
siblings	: 4
core id		: 0
cpu cores	: 2
apicid		: 0
initial apicid	: 0
fpu		: yes
fpu_exception	: yes
cpuid level	: 11
wp		: yes
flags		: fpu vme de pse tsc msr pae mce cx8 apic sep mtrr pge mca cmov pat pse36 clflush dts acpi mmx fxsr sse sse2 ss ht tm pbe syscall nx rdtscp lm constant_tsc arch_perfmon pebs bts rep_good nopl xtopology nonstop_tsc aperfmperf pni dtes64 monitor ds_cpl vmx est tm2 ssse3 cx16 xtpr pdcm pcid sse4_1 sse4_2 popcnt lahf_lm arat dtherm tpr_shadow vnmi flexpriority ept vpid
bogomips	: 5054.12
clflush size	: 64
cache_alignment	: 64
address sizes	: 36 bits physical, 48 bits virtual
power management:

processor	: 1
vendor_id	: GenuineIntel
cpu family	: 6
model		: 37
model name	: Intel(R) Core(TM) i3 CPU       M 380  @ 2.53GHz
stepping	: 5
microcode	: 0x2
cpu MHz		: 1066.000
cache size	: 3072 KB
physical id	: 0
siblings	: 4
core id		: 2
cpu cores	: 2
apicid		: 4
initial apicid	: 4
fpu		: yes
fpu_exception	: yes
cpuid level	: 11
wp		: yes
flags		: fpu vme de pse tsc msr pae mce cx8 apic sep mtrr pge mca cmov pat pse36 clflush dts acpi mmx fxsr sse sse2 ss ht tm pbe syscall nx rdtscp lm constant_tsc arch_perfmon pebs bts rep_good nopl xtopology nonstop_tsc aperfmperf pni dtes64 monitor ds_cpl vmx est tm2 ssse3 cx16 xtpr pdcm pcid sse4_1 sse4_2 popcnt lahf_lm arat dtherm tpr_shadow vnmi flexpriority ept vpid
bogomips	: 5054.12
clflush size	: 64
cache_alignment	: 64
address sizes	: 36 bits physical, 48 bits virtual
power management:

processor	: 2
vendor_id	: GenuineIntel
cpu family	: 6
model		: 37
model name	: Intel(R) Core(TM) i3 CPU       M 380  @ 2.53GHz
stepping	: 5
microcode	: 0x2
cpu MHz		: 1999.000
cache size	: 3072 KB
physical id	: 0
siblings	: 4
core id		: 0
cpu cores	: 2
apicid		: 1
initial apicid	: 1
fpu		: yes
fpu_exception	: yes
cpuid level	: 11
wp		: yes
flags		: fpu vme de pse tsc msr pae mce cx8 apic sep mtrr pge mca cmov pat pse36 clflush dts acpi mmx fxsr sse sse2 ss ht tm pbe syscall nx rdtscp lm constant_tsc arch_perfmon pebs bts rep_good nopl xtopology nonstop_tsc aperfmperf pni dtes64 monitor ds_cpl vmx est tm2 ssse3 cx16 xtpr pdcm pcid sse4_1 sse4_2 popcnt lahf_lm arat dtherm tpr_shadow vnmi flexpriority ept vpid
bogomips	: 5054.12
clflush size	: 64
cache_alignment	: 64
address sizes	: 36 bits physical, 48 bits virtual
power management:

processor	: 3
vendor_id	: GenuineIntel
cpu family	: 6
model		: 37
model name	: Intel(R) Core(TM) i3 CPU       M 380  @ 2.53GHz
stepping	: 5
microcode	: 0x2
cpu MHz		: 1999.000
cache size	: 3072 KB
physical id	: 0
siblings	: 4
core id		: 2
cpu cores	: 2
apicid		: 5
initial apicid	: 5
fpu		: yes
fpu_exception	: yes
cpuid level	: 11
wp		: yes
flags		: fpu vme de pse tsc msr pae mce cx8 apic sep mtrr pge mca cmov pat pse36 clflush dts acpi mmx fxsr sse sse2 ss ht tm pbe syscall nx rdtscp lm constant_tsc arch_perfmon pebs bts rep_good nopl xtopology nonstop_tsc aperfmperf pni dtes64 monitor ds_cpl vmx est tm2 ssse3 cx16 xtpr pdcm pcid sse4_1 sse4_2 popcnt lahf_lm arat dtherm tpr_shadow vnmi flexpriority ept vpid
bogomips	: 5054.12
clflush size	: 64
cache_alignment	: 64
address sizes	: 36 bits physical, 48 bits virtual
power management:



Memory: 4k page, physical 3834528k(149352k free), swap 1951740k(1349796k free)

vm_info: Java HotSpot(TM) 64-Bit Server VM (24.45-b08) for linux-amd64 JRE (1.7.0_45-b18), built on Oct  8 2013 05:44:25 by "java_re" with gcc 4.3.0 20080428 (Red Hat 4.3.0-8)

time: Sat Nov 23 01:04:26 2013
elapsed time: 0 seconds

