#
# A fatal error has been detected by the Java Runtime Environment:
#
#  Internal Error (javaClasses.cpp:129), pid=3594, tid=139680535885568
#  fatal error: Invalid layout of preloaded class
#
# JRE version: 7.0_25-b30
# Java VM: OpenJDK 64-Bit Server VM (23.7-b01 mixed mode linux-amd64 compressed oops)
# Failed to write core dump. Core dumps have been disabled. To enable core dumping, try "ulimit -c unlimited" before starting Java again
#
# If you would like to submit a bug report, please include
# instructions on how to reproduce the bug and visit:
#   https://bugs.launchpad.net/ubuntu/+source/openjdk-7/
#

---------------  T H R E A D  ---------------

Current thread (0x00007f09e0009800):  JavaThread "Unknown thread" [_thread_in_vm, id=3601, stack(0x00007f09e8a93000,0x00007f09e8b94000)]

Stack: [0x00007f09e8a93000,0x00007f09e8b94000],  sp=0x00007f09e8b929a0,  free space=1022k
Native frames: (J=compiled Java code, j=interpreted, Vv=VM code, C=native code)
V  [libjvm.so+0x84e92b]  VMError::report_and_die()+0x16b
V  [libjvm.so+0x3ebd57]  report_fatal(char const*, int, char const*)+0x57
V  [libjvm.so+0x528efa]  compute_offset(int&, klassOopDesc*, Symbol*, Symbol*, bool) [clone .constprop.123]+0x11a
V  [libjvm.so+0x529166]  java_lang_String::compute_offsets()+0x36
V  [libjvm.so+0x7dcf8d]  SystemDictionary::initialize_preloaded_classes(Thread*)+0x3d
V  [libjvm.so+0x829288]  Universe::genesis(Thread*)+0x468
V  [libjvm.so+0x82973f]  universe2_init()+0x1f
V  [libjvm.so+0x4dde1a]  init_globals()+0x9a
V  [libjvm.so+0x80d26c]  Threads::create_vm(JavaVMInitArgs*, bool*)+0x39c
V  [libjvm.so+0x545278]  JNI_CreateJavaVM+0x58
C  [libjli.so+0x2b34]  __strcat_chk+0x2b34


---------------  P R O C E S S  ---------------

Java Threads: ( => current thread )

Other Threads:

=>0x00007f09e0009800 (exited) JavaThread "Unknown thread" [_thread_in_vm, id=3601, stack(0x00007f09e8a93000,0x00007f09e8b94000)]

VM state:not at safepoint (not fully initialized)

VM Mutex/Monitor currently owned by a thread: None

GC Heap History (0 events):
No events

Deoptimization events (0 events):
No events

Internal exceptions (0 events):
No events

Events (10 events):
Event: 0.044 loading class 0x00007f09e002b720 done
Event: 0.044 loading class 0x00007f09e002afc0 done
Event: 0.044 loading class 0x00007f09e002af90
Event: 0.044 loading class 0x00007f09e0056320
Event: 0.044 loading class 0x00007f09e0056320 done
Event: 0.044 loading class 0x00007f09e0056360
Event: 0.044 loading class 0x00007f09e0056360 done
Event: 0.044 loading class 0x00007f09e00563a0
Event: 0.044 loading class 0x00007f09e00563a0 done
Event: 0.045 loading class 0x00007f09e002af90 done


Dynamic libraries:
00400000-00401000 r-xp 00000000 08:06 2103703                            /usr/lib/jvm/java-7-openjdk-amd64/jre/bin/java
00600000-00601000 r--p 00000000 08:06 2103703                            /usr/lib/jvm/java-7-openjdk-amd64/jre/bin/java
00601000-00602000 rw-p 00001000 08:06 2103703                            /usr/lib/jvm/java-7-openjdk-amd64/jre/bin/java
00622000-00643000 rw-p 00000000 00:00 0                                  [heap]
bb000000-bc4c0000 rw-p 00000000 00:00 0 
bc4c0000-c5600000 rw-p 00000000 00:00 0 
c5600000-c7d10000 rw-p 00000000 00:00 0 
c7d10000-ec760000 rw-p 00000000 00:00 0 
ec760000-edae0000 rw-p 00000000 00:00 0 
edae0000-100000000 rw-p 00000000 00:00 0 
7f09c4000000-7f09c4021000 rw-p 00000000 00:00 0 
7f09c4021000-7f09c8000000 ---p 00000000 00:00 0 
7f09cc000000-7f09cc021000 rw-p 00000000 00:00 0 
7f09cc021000-7f09d0000000 ---p 00000000 00:00 0 
7f09d0000000-7f09d0021000 rw-p 00000000 00:00 0 
7f09d0021000-7f09d4000000 ---p 00000000 00:00 0 
7f09d4000000-7f09d4021000 rw-p 00000000 00:00 0 
7f09d4021000-7f09d8000000 ---p 00000000 00:00 0 
7f09dad80000-7f09dd000000 rw-p 00000000 00:00 0 
7f09dd000000-7f09dd270000 rwxp 00000000 00:00 0 
7f09dd270000-7f09e0061000 rw-p 00000000 00:00 0 
7f09e0061000-7f09e4000000 ---p 00000000 00:00 0 
7f09e4498000-7f09e46db000 rw-p 00000000 00:00 0 
7f09e46db000-7f09e47a5000 r--s 011ad000 08:08 6697148                    /home/felipe/adt-bundle-linux-x86_64-20130729/sdk/platforms/android-18/android.jar
7f09e47a5000-7f09e506d000 rw-p 00000000 00:00 0 
7f09e506d000-7f09e506e000 ---p 00000000 00:00 0 
7f09e506e000-7f09e516e000 rw-p 00000000 00:00 0                          [stack:3605]
7f09e516e000-7f09e516f000 ---p 00000000 00:00 0 
7f09e516f000-7f09e526f000 rw-p 00000000 00:00 0                          [stack:3604]
7f09e526f000-7f09e5270000 ---p 00000000 00:00 0 
7f09e5270000-7f09e5370000 rw-p 00000000 00:00 0                          [stack:3603]
7f09e5370000-7f09e5371000 ---p 00000000 00:00 0 
7f09e5371000-7f09e547c000 rw-p 00000000 00:00 0                          [stack:3602]
7f09e547c000-7f09e54c4000 rw-p 00000000 00:00 0 
7f09e54c4000-7f09e54d8000 rw-p 00000000 00:00 0 
7f09e54d8000-7f09e55fd000 rw-p 00000000 00:00 0 
7f09e55fd000-7f09e5608000 rw-p 00000000 00:00 0 
7f09e5608000-7f09e5650000 rw-p 00000000 00:00 0 
7f09e5650000-7f09e5664000 rw-p 00000000 00:00 0 
7f09e5664000-7f09e5788000 rw-p 00000000 00:00 0 
7f09e5788000-7f09e5793000 rw-p 00000000 00:00 0 
7f09e5793000-7f09e5825000 rw-p 00000000 00:00 0 
7f09e5825000-7f09e5826000 rw-p 00000000 00:00 0 
7f09e5826000-7f09e582e000 r-xp 00000000 08:06 2103700                    /usr/lib/jvm/java-7-openjdk-amd64/jre/lib/amd64/libzip.so
7f09e582e000-7f09e5a2d000 ---p 00008000 08:06 2103700                    /usr/lib/jvm/java-7-openjdk-amd64/jre/lib/amd64/libzip.so
7f09e5a2d000-7f09e5a2e000 r--p 00007000 08:06 2103700                    /usr/lib/jvm/java-7-openjdk-amd64/jre/lib/amd64/libzip.so
7f09e5a2e000-7f09e5a2f000 rw-p 00008000 08:06 2103700                    /usr/lib/jvm/java-7-openjdk-amd64/jre/lib/amd64/libzip.so
7f09e5a2f000-7f09e5a3b000 r-xp 00000000 08:06 935688                     /lib/x86_64-linux-gnu/libnss_files-2.17.so
7f09e5a3b000-7f09e5c3a000 ---p 0000c000 08:06 935688                     /lib/x86_64-linux-gnu/libnss_files-2.17.so
7f09e5c3a000-7f09e5c3b000 r--p 0000b000 08:06 935688                     /lib/x86_64-linux-gnu/libnss_files-2.17.so
7f09e5c3b000-7f09e5c3c000 rw-p 0000c000 08:06 935688                     /lib/x86_64-linux-gnu/libnss_files-2.17.so
7f09e5c3c000-7f09e5c47000 r-xp 00000000 08:06 935702                     /lib/x86_64-linux-gnu/libnss_nis-2.17.so
7f09e5c47000-7f09e5e46000 ---p 0000b000 08:06 935702                     /lib/x86_64-linux-gnu/libnss_nis-2.17.so
7f09e5e46000-7f09e5e47000 r--p 0000a000 08:06 935702                     /lib/x86_64-linux-gnu/libnss_nis-2.17.so
7f09e5e47000-7f09e5e48000 rw-p 0000b000 08:06 935702                     /lib/x86_64-linux-gnu/libnss_nis-2.17.so
7f09e5e48000-7f09e5e5f000 r-xp 00000000 08:06 935673                     /lib/x86_64-linux-gnu/libnsl-2.17.so
7f09e5e5f000-7f09e605e000 ---p 00017000 08:06 935673                     /lib/x86_64-linux-gnu/libnsl-2.17.so
7f09e605e000-7f09e605f000 r--p 00016000 08:06 935673                     /lib/x86_64-linux-gnu/libnsl-2.17.so
7f09e605f000-7f09e6060000 rw-p 00017000 08:06 935673                     /lib/x86_64-linux-gnu/libnsl-2.17.so
7f09e6060000-7f09e6062000 rw-p 00000000 00:00 0 
7f09e6062000-7f09e606a000 r-xp 00000000 08:06 935704                     /lib/x86_64-linux-gnu/libnss_compat-2.17.so
7f09e606a000-7f09e6269000 ---p 00008000 08:06 935704                     /lib/x86_64-linux-gnu/libnss_compat-2.17.so
7f09e6269000-7f09e626a000 r--p 00007000 08:06 935704                     /lib/x86_64-linux-gnu/libnss_compat-2.17.so
7f09e626a000-7f09e626b000 rw-p 00008000 08:06 935704                     /lib/x86_64-linux-gnu/libnss_compat-2.17.so
7f09e626b000-7f09e6296000 r-xp 00000000 08:06 2103683                    /usr/lib/jvm/java-7-openjdk-amd64/jre/lib/amd64/libjava.so
7f09e6296000-7f09e6495000 ---p 0002b000 08:06 2103683                    /usr/lib/jvm/java-7-openjdk-amd64/jre/lib/amd64/libjava.so
7f09e6495000-7f09e6496000 r--p 0002a000 08:06 2103683                    /usr/lib/jvm/java-7-openjdk-amd64/jre/lib/amd64/libjava.so
7f09e6496000-7f09e6498000 rw-p 0002b000 08:06 2103683                    /usr/lib/jvm/java-7-openjdk-amd64/jre/lib/amd64/libjava.so
7f09e6498000-7f09e64a7000 r-xp 00000000 08:06 2103682                    /usr/lib/jvm/java-7-openjdk-amd64/jre/lib/amd64/libverify.so
7f09e64a7000-7f09e66a6000 ---p 0000f000 08:06 2103682                    /usr/lib/jvm/java-7-openjdk-amd64/jre/lib/amd64/libverify.so
7f09e66a6000-7f09e66a8000 r--p 0000e000 08:06 2103682                    /usr/lib/jvm/java-7-openjdk-amd64/jre/lib/amd64/libverify.so
7f09e66a8000-7f09e66a9000 rw-p 00010000 08:06 2103682                    /usr/lib/jvm/java-7-openjdk-amd64/jre/lib/amd64/libverify.so
7f09e66a9000-7f09e66b0000 r-xp 00000000 08:06 935698                     /lib/x86_64-linux-gnu/librt-2.17.so
7f09e66b0000-7f09e68af000 ---p 00007000 08:06 935698                     /lib/x86_64-linux-gnu/librt-2.17.so
7f09e68af000-7f09e68b0000 r--p 00006000 08:06 935698                     /lib/x86_64-linux-gnu/librt-2.17.so
7f09e68b0000-7f09e68b1000 rw-p 00007000 08:06 935698                     /lib/x86_64-linux-gnu/librt-2.17.so
7f09e68b1000-7f09e68c5000 r-xp 00000000 08:06 921406                     /lib/x86_64-linux-gnu/libgcc_s.so.1
7f09e68c5000-7f09e6ac5000 ---p 00014000 08:06 921406                     /lib/x86_64-linux-gnu/libgcc_s.so.1
7f09e6ac5000-7f09e6ac6000 r--p 00014000 08:06 921406                     /lib/x86_64-linux-gnu/libgcc_s.so.1
7f09e6ac6000-7f09e6ac7000 rw-p 00015000 08:06 921406                     /lib/x86_64-linux-gnu/libgcc_s.so.1
7f09e6ac7000-7f09e6bca000 r-xp 00000000 08:06 935703                     /lib/x86_64-linux-gnu/libm-2.17.so
7f09e6bca000-7f09e6dca000 ---p 00103000 08:06 935703                     /lib/x86_64-linux-gnu/libm-2.17.so
7f09e6dca000-7f09e6dcb000 r--p 00103000 08:06 935703                     /lib/x86_64-linux-gnu/libm-2.17.so
7f09e6dcb000-7f09e6dcc000 rw-p 00104000 08:06 935703                     /lib/x86_64-linux-gnu/libm-2.17.so
7f09e6dcc000-7f09e6eb1000 r-xp 00000000 08:06 1974892                    /usr/lib/x86_64-linux-gnu/libstdc++.so.6.0.17
7f09e6eb1000-7f09e70b0000 ---p 000e5000 08:06 1974892                    /usr/lib/x86_64-linux-gnu/libstdc++.so.6.0.17
7f09e70b0000-7f09e70b8000 r--p 000e4000 08:06 1974892                    /usr/lib/x86_64-linux-gnu/libstdc++.so.6.0.17
7f09e70b8000-7f09e70ba000 rw-p 000ec000 08:06 1974892                    /usr/lib/x86_64-linux-gnu/libstdc++.so.6.0.17
7f09e70ba000-7f09e70cf000 rw-p 00000000 00:00 0 
7f09e70cf000-7f09e7abf000 r-xp 00000000 08:06 2103688                    /usr/lib/jvm/java-7-openjdk-amd64/jre/lib/amd64/server/libjvm.so
7f09e7abf000-7f09e7cbe000 ---p 009f0000 08:06 2103688                    /usr/lib/jvm/java-7-openjdk-amd64/jre/lib/amd64/server/libjvm.so
7f09e7cbe000-7f09e7d3d000 r--p 009ef000 08:06 2103688                    /usr/lib/jvm/java-7-openjdk-amd64/jre/lib/amd64/server/libjvm.so
7f09e7d3d000-7f09e7d60000 rw-p 00a6e000 08:06 2103688                    /usr/lib/jvm/java-7-openjdk-amd64/jre/lib/amd64/server/libjvm.so
7f09e7d60000-7f09e7d8b000 rw-p 00000000 00:00 0 
7f09e7d8b000-7f09e7da1000 r-xp 00000000 08:06 921534                     /lib/x86_64-linux-gnu/libz.so.1.2.7
7f09e7da1000-7f09e7fa0000 ---p 00016000 08:06 921534                     /lib/x86_64-linux-gnu/libz.so.1.2.7
7f09e7fa0000-7f09e7fa1000 r--p 00015000 08:06 921534                     /lib/x86_64-linux-gnu/libz.so.1.2.7
7f09e7fa1000-7f09e7fa2000 rw-p 00016000 08:06 921534                     /lib/x86_64-linux-gnu/libz.so.1.2.7
7f09e7fa2000-7f09e7fba000 r-xp 00000000 08:06 935676                     /lib/x86_64-linux-gnu/libpthread-2.17.so
7f09e7fba000-7f09e81b9000 ---p 00018000 08:06 935676                     /lib/x86_64-linux-gnu/libpthread-2.17.so
7f09e81b9000-7f09e81ba000 r--p 00017000 08:06 935676                     /lib/x86_64-linux-gnu/libpthread-2.17.so
7f09e81ba000-7f09e81bb000 rw-p 00018000 08:06 935676                     /lib/x86_64-linux-gnu/libpthread-2.17.so
7f09e81bb000-7f09e81bf000 rw-p 00000000 00:00 0 
7f09e81bf000-7f09e81c2000 r-xp 00000000 08:06 935684                     /lib/x86_64-linux-gnu/libdl-2.17.so
7f09e81c2000-7f09e83c1000 ---p 00003000 08:06 935684                     /lib/x86_64-linux-gnu/libdl-2.17.so
7f09e83c1000-7f09e83c2000 r--p 00002000 08:06 935684                     /lib/x86_64-linux-gnu/libdl-2.17.so
7f09e83c2000-7f09e83c3000 rw-p 00003000 08:06 935684                     /lib/x86_64-linux-gnu/libdl-2.17.so
7f09e83c3000-7f09e8582000 r-xp 00000000 08:06 935706                     /lib/x86_64-linux-gnu/libc-2.17.so
7f09e8582000-7f09e8781000 ---p 001bf000 08:06 935706                     /lib/x86_64-linux-gnu/libc-2.17.so
7f09e8781000-7f09e8785000 r--p 001be000 08:06 935706                     /lib/x86_64-linux-gnu/libc-2.17.so
7f09e8785000-7f09e8787000 rw-p 001c2000 08:06 935706                     /lib/x86_64-linux-gnu/libc-2.17.so
7f09e8787000-7f09e878c000 rw-p 00000000 00:00 0 
7f09e878c000-7f09e8799000 r-xp 00000000 08:06 2103664                    /usr/lib/jvm/java-7-openjdk-amd64/jre/lib/amd64/jli/libjli.so
7f09e8799000-7f09e8998000 ---p 0000d000 08:06 2103664                    /usr/lib/jvm/java-7-openjdk-amd64/jre/lib/amd64/jli/libjli.so
7f09e8998000-7f09e8999000 r--p 0000c000 08:06 2103664                    /usr/lib/jvm/java-7-openjdk-amd64/jre/lib/amd64/jli/libjli.so
7f09e8999000-7f09e899a000 rw-p 0000d000 08:06 2103664                    /usr/lib/jvm/java-7-openjdk-amd64/jre/lib/amd64/jli/libjli.so
7f09e899a000-7f09e89bd000 r-xp 00000000 08:06 935651                     /lib/x86_64-linux-gnu/ld-2.17.so
7f09e89d3000-7f09e89dd000 rw-p 00000000 00:00 0 
7f09e89dd000-7f09e8a93000 rw-p 00000000 00:00 0 
7f09e8a93000-7f09e8a96000 ---p 00000000 00:00 0 
7f09e8a96000-7f09e8b99000 rw-p 00000000 00:00 0                          [stack:3601]
7f09e8bae000-7f09e8bb0000 rw-p 00000000 00:00 0 
7f09e8bb0000-7f09e8bb8000 rw-s 00000000 08:06 542029                     /tmp/hsperfdata_root/3594
7f09e8bb8000-7f09e8bb9000 rw-p 00000000 00:00 0 
7f09e8bb9000-7f09e8bba000 r--p 00000000 00:00 0 
7f09e8bba000-7f09e8bbc000 rw-p 00000000 00:00 0 
7f09e8bbc000-7f09e8bbd000 r--p 00022000 08:06 935651                     /lib/x86_64-linux-gnu/ld-2.17.so
7f09e8bbd000-7f09e8bbf000 rw-p 00023000 08:06 935651                     /lib/x86_64-linux-gnu/ld-2.17.so
7fffd7bc6000-7fffd7be7000 rw-p 00000000 00:00 0                          [stack]
7fffd7bfe000-7fffd7c00000 r-xp 00000000 00:00 0                          [vdso]
ffffffffff600000-ffffffffff601000 r-xp 00000000 00:00 0                  [vsyscall]

VM Arguments:
jvm_args: -Dfile.encoding=UTF-8 -Xbootclasspath:/home/felipe/adt-bundle-linux-x86_64-20130729/sdk/platforms/android-18/android.jar 
java_command: org.eclipse.jdt.internal.junit.runner.RemoteTestRunner -version 3 -port 41331 -testLoaderClass org.eclipse.jdt.internal.junit4.runner.JUnit4TestLoader -loaderpluginname org.eclipse.jdt.junit4.runtime -classNames test.Teste
Launcher Type: SUN_STANDARD

Environment Variables:
PATH=/usr/local/heroku/bin:/usr/local/sbin:/usr/local/bin:/usr/sbin:/usr/bin:/sbin:/bin:/usr/games:/usr/local/games
USERNAME=root
SHELL=/bin/bash
DISPLAY=:0

Signal Handlers:
SIGSEGV: [libjvm.so+0x84f410], sa_mask[0]=0x7ffbfeff, sa_flags=0x10000004
SIGBUS: [libjvm.so+0x84f410], sa_mask[0]=0x7ffbfeff, sa_flags=0x10000004
SIGFPE: [libjvm.so+0x6f19a0], sa_mask[0]=0x7ffbfeff, sa_flags=0x10000004
SIGPIPE: [libjvm.so+0x6f19a0], sa_mask[0]=0x7ffbfeff, sa_flags=0x10000004
SIGXFSZ: [libjvm.so+0x6f19a0], sa_mask[0]=0x7ffbfeff, sa_flags=0x10000004
SIGILL: [libjvm.so+0x6f19a0], sa_mask[0]=0x7ffbfeff, sa_flags=0x10000004
SIGUSR1: SIG_DFL, sa_mask[0]=0x00000000, sa_flags=0x00000000
SIGUSR2: [libjvm.so+0x6f1d70], sa_mask[0]=0x00000004, sa_flags=0x10000004
SIGHUP: SIG_DFL, sa_mask[0]=0x00000000, sa_flags=0x00000000
SIGINT: SIG_DFL, sa_mask[0]=0x00000000, sa_flags=0x00000000
SIGTERM: SIG_DFL, sa_mask[0]=0x00000000, sa_flags=0x00000000
SIGQUIT: SIG_DFL, sa_mask[0]=0x00000000, sa_flags=0x00000000


---------------  S Y S T E M  ---------------

OS:Ubuntu 13.04 (raring)
uname:Linux 3.8.0-33-generic #48-Ubuntu SMP Wed Oct 23 09:16:58 UTC 2013 x86_64
libc:glibc 2.17 NPTL 2.17 
rlimit: STACK 8192k, CORE 0k, NPROC 29807, NOFILE 4096, AS infinity
load average:1.81 2.25 1.58

/proc/meminfo:
MemTotal:        3834528 kB
MemFree:          115768 kB
Buffers:           29504 kB
Cached:           492336 kB
SwapCached:         4084 kB
Active:          2490924 kB
Inactive:         999472 kB
Active(anon):    2335508 kB
Inactive(anon):   841384 kB
Active(file):     155416 kB
Inactive(file):   158088 kB
Unevictable:          64 kB
Mlocked:              64 kB
SwapTotal:       1951740 kB
SwapFree:        1874824 kB
Dirty:               684 kB
Writeback:             0 kB
AnonPages:       2964860 kB
Mapped:           155116 kB
Shmem:            208808 kB
Slab:             110732 kB
SReclaimable:      73440 kB
SUnreclaim:        37292 kB
KernelStack:        5464 kB
PageTables:        57984 kB
NFS_Unstable:          0 kB
Bounce:                0 kB
WritebackTmp:          0 kB
CommitLimit:     3869004 kB
Committed_AS:    8798984 kB
VmallocTotal:   34359738367 kB
VmallocUsed:      544324 kB
VmallocChunk:   34359191004 kB
HardwareCorrupted:     0 kB
AnonHugePages:         0 kB
HugePages_Total:       0
HugePages_Free:        0
HugePages_Rsvd:        0
HugePages_Surp:        0
Hugepagesize:       2048 kB
DirectMap4k:       64276 kB
DirectMap2M:     3913728 kB


CPU:total 4 (2 cores per cpu, 2 threads per core) family 6 model 37 stepping 5, cmov, cx8, fxsr, mmx, sse, sse2, sse3, ssse3, sse4.1, sse4.2, popcnt, ht, tsc, tscinvbit

/proc/cpuinfo:
processor	: 0
vendor_id	: GenuineIntel
cpu family	: 6
model		: 37
model name	: Intel(R) Core(TM) i3 CPU       M 380  @ 2.53GHz
stepping	: 5
microcode	: 0x2
cpu MHz		: 2533.000
cache size	: 3072 KB
physical id	: 0
siblings	: 4
core id		: 0
cpu cores	: 2
apicid		: 0
initial apicid	: 0
fpu		: yes
fpu_exception	: yes
cpuid level	: 11
wp		: yes
flags		: fpu vme de pse tsc msr pae mce cx8 apic sep mtrr pge mca cmov pat pse36 clflush dts acpi mmx fxsr sse sse2 ss ht tm pbe syscall nx rdtscp lm constant_tsc arch_perfmon pebs bts rep_good nopl xtopology nonstop_tsc aperfmperf pni dtes64 monitor ds_cpl vmx est tm2 ssse3 cx16 xtpr pdcm pcid sse4_1 sse4_2 popcnt lahf_lm arat dtherm tpr_shadow vnmi flexpriority ept vpid
bogomips	: 5054.31
clflush size	: 64
cache_alignment	: 64
address sizes	: 36 bits physical, 48 bits virtual
power management:

processor	: 1
vendor_id	: GenuineIntel
cpu family	: 6
model		: 37
model name	: Intel(R) Core(TM) i3 CPU       M 380  @ 2.53GHz
stepping	: 5
microcode	: 0x2
cpu MHz		: 2533.000
cache size	: 3072 KB
physical id	: 0
siblings	: 4
core id		: 2
cpu cores	: 2
apicid		: 4
initial apicid	: 4
fpu		: yes
fpu_exception	: yes
cpuid level	: 11
wp		: yes
flags		: fpu vme de pse tsc msr pae mce cx8 apic sep mtrr pge mca cmov pat pse36 clflush dts acpi mmx fxsr sse sse2 ss ht tm pbe syscall nx rdtscp lm constant_tsc arch_perfmon pebs bts rep_good nopl xtopology nonstop_tsc aperfmperf pni dtes64 monitor ds_cpl vmx est tm2 ssse3 cx16 xtpr pdcm pcid sse4_1 sse4_2 popcnt lahf_lm arat dtherm tpr_shadow vnmi flexpriority ept vpid
bogomips	: 5054.31
clflush size	: 64
cache_alignment	: 64
address sizes	: 36 bits physical, 48 bits virtual
power management:

processor	: 2
vendor_id	: GenuineIntel
cpu family	: 6
model		: 37
model name	: Intel(R) Core(TM) i3 CPU       M 380  @ 2.53GHz
stepping	: 5
microcode	: 0x2
cpu MHz		: 933.000
cache size	: 3072 KB
physical id	: 0
siblings	: 4
core id		: 0
cpu cores	: 2
apicid		: 1
initial apicid	: 1
fpu		: yes
fpu_exception	: yes
cpuid level	: 11
wp		: yes
flags		: fpu vme de pse tsc msr pae mce cx8 apic sep mtrr pge mca cmov pat pse36 clflush dts acpi mmx fxsr sse sse2 ss ht tm pbe syscall nx rdtscp lm constant_tsc arch_perfmon pebs bts rep_good nopl xtopology nonstop_tsc aperfmperf pni dtes64 monitor ds_cpl vmx est tm2 ssse3 cx16 xtpr pdcm pcid sse4_1 sse4_2 popcnt lahf_lm arat dtherm tpr_shadow vnmi flexpriority ept vpid
bogomips	: 5054.31
clflush size	: 64
cache_alignment	: 64
address sizes	: 36 bits physical, 48 bits virtual
power management:

processor	: 3
vendor_id	: GenuineIntel
cpu family	: 6
model		: 37
model name	: Intel(R) Core(TM) i3 CPU       M 380  @ 2.53GHz
stepping	: 5
microcode	: 0x2
cpu MHz		: 2533.000
cache size	: 3072 KB
physical id	: 0
siblings	: 4
core id		: 2
cpu cores	: 2
apicid		: 5
initial apicid	: 5
fpu		: yes
fpu_exception	: yes
cpuid level	: 11
wp		: yes
flags		: fpu vme de pse tsc msr pae mce cx8 apic sep mtrr pge mca cmov pat pse36 clflush dts acpi mmx fxsr sse sse2 ss ht tm pbe syscall nx rdtscp lm constant_tsc arch_perfmon pebs bts rep_good nopl xtopology nonstop_tsc aperfmperf pni dtes64 monitor ds_cpl vmx est tm2 ssse3 cx16 xtpr pdcm pcid sse4_1 sse4_2 popcnt lahf_lm arat dtherm tpr_shadow vnmi flexpriority ept vpid
bogomips	: 5054.31
clflush size	: 64
cache_alignment	: 64
address sizes	: 36 bits physical, 48 bits virtual
power management:



Memory: 4k page, physical 3834528k(115768k free), swap 1951740k(1874824k free)

vm_info: OpenJDK 64-Bit Server VM (23.7-b01) for linux-amd64 JRE (1.7.0_25-b30), built on Jul  3 2013 13:50:39 by "buildd" with gcc 4.7.3

time: Wed Nov 20 11:14:41 2013
elapsed time: 0 seconds

