#
# A fatal error has been detected by the Java Runtime Environment:
#
#  Internal Error (javaClasses.cpp:136), pid=5496, tid=139808437479168
#  fatal error: Invalid layout of preloaded class
#
# JRE version:  (7.0_45-b18) (build )
# Java VM: Java HotSpot(TM) 64-Bit Server VM (24.45-b08 mixed mode linux-amd64 compressed oops)
# Failed to write core dump. Core dumps have been disabled. To enable core dumping, try "ulimit -c unlimited" before starting Java again
#
# If you would like to submit a bug report, please visit:
#   http://bugreport.sun.com/bugreport/crash.jsp
#

---------------  T H R E A D  ---------------

Current thread (0x00007f27a800a000):  JavaThread "Unknown thread" [_thread_in_vm, id=5503, stack(0x00007f27b030a000,0x00007f27b040b000)]

Stack: [0x00007f27b030a000,0x00007f27b040b000],  sp=0x00007f27b0409780,  free space=1021k
Native frames: (J=compiled Java code, j=interpreted, Vv=VM code, C=native code)
V  [libjvm.so+0x992c8a]  VMError::report_and_die()+0x2ea
V  [libjvm.so+0x493559]  report_fatal(char const*, int, char const*)+0x59
V  [libjvm.so+0x5fdd00]  compute_offset(int&, klassOopDesc*, Symbol*, Symbol*, bool)+0x140
V  [libjvm.so+0x5fe819]  java_lang_String::compute_offsets()+0x39
V  [libjvm.so+0x918f55]  SystemDictionary::initialize_preloaded_classes(Thread*)+0x1a5
V  [libjvm.so+0x967c94]  Universe::genesis(Thread*)+0x494
V  [libjvm.so+0x968149]  universe2_init()+0x29
V  [libjvm.so+0x5a969d]  init_globals()+0xbd
V  [libjvm.so+0x94ed1d]  Threads::create_vm(JavaVMInitArgs*, bool*)+0x1ed
V  [libjvm.so+0x630804]  JNI_CreateJavaVM+0x74
C  [libjli.so+0x2f8e]  JavaMain+0x9e


---------------  P R O C E S S  ---------------

Java Threads: ( => current thread )

Other Threads:

=>0x00007f27a800a000 (exited) JavaThread "Unknown thread" [_thread_in_vm, id=5503, stack(0x00007f27b030a000,0x00007f27b040b000)]

VM state:not at safepoint (not fully initialized)

VM Mutex/Monitor currently owned by a thread: None

GC Heap History (0 events):
No events

Deoptimization events (0 events):
No events

Internal exceptions (0 events):
No events

Events (10 events):
Event: 0.639 loading class 0x00007f27acc266f0 done
Event: 0.639 loading class 0x00007f27acc26110 done
Event: 0.639 loading class 0x00007f27acc260f0
Event: 0.639 loading class 0x00007f27acc2e1f0
Event: 0.639 loading class 0x00007f27acc2e1f0 done
Event: 0.639 loading class 0x00007f27acc2e220
Event: 0.640 loading class 0x00007f27acc2e220 done
Event: 0.640 loading class 0x00007f27acc2e250
Event: 0.640 loading class 0x00007f27acc2e250 done
Event: 0.640 loading class 0x00007f27acc260f0 done


Dynamic libraries:
00400000-00401000 r-xp 00000000 08:08 4085595                            /home/felipe/jre1.7.0_45/bin/java
00600000-00601000 rw-p 00000000 08:08 4085595                            /home/felipe/jre1.7.0_45/bin/java
007df000-00800000 rw-p 00000000 00:00 0                                  [heap]
c0400000-c1900000 rw-p 00000000 00:00 0 
c1900000-c5600000 rw-p 00000000 00:00 0 
c5600000-c7d00000 rw-p 00000000 00:00 0 
c7d00000-ec700000 rw-p 00000000 00:00 0 
ec700000-eda80000 rw-p 00000000 00:00 0 
eda80000-100000000 rw-p 00000000 00:00 0 
7f2788000000-7f2788021000 rw-p 00000000 00:00 0 
7f2788021000-7f278c000000 ---p 00000000 00:00 0 
7f2790000000-7f2790021000 rw-p 00000000 00:00 0 
7f2790021000-7f2794000000 ---p 00000000 00:00 0 
7f2798000000-7f2798021000 rw-p 00000000 00:00 0 
7f2798021000-7f279c000000 ---p 00000000 00:00 0 
7f279e020000-7f27a0000000 rw-p 00000000 00:00 0 
7f27a0000000-7f27a0021000 rw-p 00000000 00:00 0 
7f27a0021000-7f27a4000000 ---p 00000000 00:00 0 
7f27a5000000-7f27a5270000 rwxp 00000000 00:00 0 
7f27a5270000-7f27a8054000 rw-p 00000000 00:00 0 
7f27a8054000-7f27ac000000 ---p 00000000 00:00 0 
7f27ac87c000-7f27acae6000 rw-p 00000000 00:00 0 
7f27acae6000-7f27acbb0000 r--s 011ad000 08:08 6697148                    /home/felipe/adt-bundle-linux-x86_64-20130729/sdk/platforms/android-18/android.jar
7f27acbb0000-7f27acea7000 rw-p 00000000 00:00 0 
7f27acea7000-7f27acea8000 ---p 00000000 00:00 0 
7f27acea8000-7f27acfa8000 rw-p 00000000 00:00 0                          [stack:5507]
7f27acfa8000-7f27acfa9000 ---p 00000000 00:00 0 
7f27acfa9000-7f27ad0a9000 rw-p 00000000 00:00 0                          [stack:5506]
7f27ad0a9000-7f27ad0aa000 ---p 00000000 00:00 0 
7f27ad0aa000-7f27ad1aa000 rw-p 00000000 00:00 0                          [stack:5505]
7f27ad1aa000-7f27ad1ab000 ---p 00000000 00:00 0 
7f27ad1ab000-7f27ad2b6000 rw-p 00000000 00:00 0                          [stack:5504]
7f27ad2b6000-7f27ad2d4000 rw-p 00000000 00:00 0 
7f27ad2d4000-7f27ad2e8000 rw-p 00000000 00:00 0 
7f27ad2e8000-7f27ad40d000 rw-p 00000000 00:00 0 
7f27ad40d000-7f27ad418000 rw-p 00000000 00:00 0 
7f27ad418000-7f27ad436000 rw-p 00000000 00:00 0 
7f27ad436000-7f27ad44a000 rw-p 00000000 00:00 0 
7f27ad44a000-7f27ad56e000 rw-p 00000000 00:00 0 
7f27ad56e000-7f27ad579000 rw-p 00000000 00:00 0 
7f27ad579000-7f27ad60b000 rw-p 00000000 00:00 0 
7f27ad60b000-7f27ad60c000 rw-p 00000000 00:00 0 
7f27ad60c000-7f27ad626000 r-xp 00000000 08:08 4085555                    /home/felipe/jre1.7.0_45/lib/amd64/libzip.so
7f27ad626000-7f27ad826000 ---p 0001a000 08:08 4085555                    /home/felipe/jre1.7.0_45/lib/amd64/libzip.so
7f27ad826000-7f27ad827000 rw-p 0001a000 08:08 4085555                    /home/felipe/jre1.7.0_45/lib/amd64/libzip.so
7f27ad827000-7f27ad833000 r-xp 00000000 08:06 935688                     /lib/x86_64-linux-gnu/libnss_files-2.17.so
7f27ad833000-7f27ada32000 ---p 0000c000 08:06 935688                     /lib/x86_64-linux-gnu/libnss_files-2.17.so
7f27ada32000-7f27ada33000 r--p 0000b000 08:06 935688                     /lib/x86_64-linux-gnu/libnss_files-2.17.so
7f27ada33000-7f27ada34000 rw-p 0000c000 08:06 935688                     /lib/x86_64-linux-gnu/libnss_files-2.17.so
7f27ada34000-7f27ada3f000 r-xp 00000000 08:06 935702                     /lib/x86_64-linux-gnu/libnss_nis-2.17.so
7f27ada3f000-7f27adc3e000 ---p 0000b000 08:06 935702                     /lib/x86_64-linux-gnu/libnss_nis-2.17.so
7f27adc3e000-7f27adc3f000 r--p 0000a000 08:06 935702                     /lib/x86_64-linux-gnu/libnss_nis-2.17.so
7f27adc3f000-7f27adc40000 rw-p 0000b000 08:06 935702                     /lib/x86_64-linux-gnu/libnss_nis-2.17.so
7f27adc40000-7f27adc57000 r-xp 00000000 08:06 935673                     /lib/x86_64-linux-gnu/libnsl-2.17.so
7f27adc57000-7f27ade56000 ---p 00017000 08:06 935673                     /lib/x86_64-linux-gnu/libnsl-2.17.so
7f27ade56000-7f27ade57000 r--p 00016000 08:06 935673                     /lib/x86_64-linux-gnu/libnsl-2.17.so
7f27ade57000-7f27ade58000 rw-p 00017000 08:06 935673                     /lib/x86_64-linux-gnu/libnsl-2.17.so
7f27ade58000-7f27ade5a000 rw-p 00000000 00:00 0 
7f27ade5a000-7f27ade62000 r-xp 00000000 08:06 935704                     /lib/x86_64-linux-gnu/libnss_compat-2.17.so
7f27ade62000-7f27ae061000 ---p 00008000 08:06 935704                     /lib/x86_64-linux-gnu/libnss_compat-2.17.so
7f27ae061000-7f27ae062000 r--p 00007000 08:06 935704                     /lib/x86_64-linux-gnu/libnss_compat-2.17.so
7f27ae062000-7f27ae063000 rw-p 00008000 08:06 935704                     /lib/x86_64-linux-gnu/libnss_compat-2.17.so
7f27ae063000-7f27ae08c000 r-xp 00000000 08:08 4085546                    /home/felipe/jre1.7.0_45/lib/amd64/libjava.so
7f27ae08c000-7f27ae28c000 ---p 00029000 08:08 4085546                    /home/felipe/jre1.7.0_45/lib/amd64/libjava.so
7f27ae28c000-7f27ae28e000 rw-p 00029000 08:08 4085546                    /home/felipe/jre1.7.0_45/lib/amd64/libjava.so
7f27ae28e000-7f27ae29b000 r-xp 00000000 08:08 4085536                    /home/felipe/jre1.7.0_45/lib/amd64/libverify.so
7f27ae29b000-7f27ae49a000 ---p 0000d000 08:08 4085536                    /home/felipe/jre1.7.0_45/lib/amd64/libverify.so
7f27ae49a000-7f27ae49c000 rw-p 0000c000 08:08 4085536                    /home/felipe/jre1.7.0_45/lib/amd64/libverify.so
7f27ae49c000-7f27ae4a3000 r-xp 00000000 08:06 935698                     /lib/x86_64-linux-gnu/librt-2.17.so
7f27ae4a3000-7f27ae6a2000 ---p 00007000 08:06 935698                     /lib/x86_64-linux-gnu/librt-2.17.so
7f27ae6a2000-7f27ae6a3000 r--p 00006000 08:06 935698                     /lib/x86_64-linux-gnu/librt-2.17.so
7f27ae6a3000-7f27ae6a4000 rw-p 00007000 08:06 935698                     /lib/x86_64-linux-gnu/librt-2.17.so
7f27ae6a4000-7f27ae7a7000 r-xp 00000000 08:06 935703                     /lib/x86_64-linux-gnu/libm-2.17.so
7f27ae7a7000-7f27ae9a7000 ---p 00103000 08:06 935703                     /lib/x86_64-linux-gnu/libm-2.17.so
7f27ae9a7000-7f27ae9a8000 r--p 00103000 08:06 935703                     /lib/x86_64-linux-gnu/libm-2.17.so
7f27ae9a8000-7f27ae9a9000 rw-p 00104000 08:06 935703                     /lib/x86_64-linux-gnu/libm-2.17.so
7f27ae9a9000-7f27af50b000 r-xp 00000000 08:08 4085553                    /home/felipe/jre1.7.0_45/lib/amd64/server/libjvm.so
7f27af50b000-7f27af70b000 ---p 00b62000 08:08 4085553                    /home/felipe/jre1.7.0_45/lib/amd64/server/libjvm.so
7f27af70b000-7f27af7ce000 rw-p 00b62000 08:08 4085553                    /home/felipe/jre1.7.0_45/lib/amd64/server/libjvm.so
7f27af7ce000-7f27af80f000 rw-p 00000000 00:00 0 
7f27af80f000-7f27af9ce000 r-xp 00000000 08:06 935706                     /lib/x86_64-linux-gnu/libc-2.17.so
7f27af9ce000-7f27afbcd000 ---p 001bf000 08:06 935706                     /lib/x86_64-linux-gnu/libc-2.17.so
7f27afbcd000-7f27afbd1000 r--p 001be000 08:06 935706                     /lib/x86_64-linux-gnu/libc-2.17.so
7f27afbd1000-7f27afbd3000 rw-p 001c2000 08:06 935706                     /lib/x86_64-linux-gnu/libc-2.17.so
7f27afbd3000-7f27afbd8000 rw-p 00000000 00:00 0 
7f27afbd8000-7f27afbdb000 r-xp 00000000 08:06 935684                     /lib/x86_64-linux-gnu/libdl-2.17.so
7f27afbdb000-7f27afdda000 ---p 00003000 08:06 935684                     /lib/x86_64-linux-gnu/libdl-2.17.so
7f27afdda000-7f27afddb000 r--p 00002000 08:06 935684                     /lib/x86_64-linux-gnu/libdl-2.17.so
7f27afddb000-7f27afddc000 rw-p 00003000 08:06 935684                     /lib/x86_64-linux-gnu/libdl-2.17.so
7f27afddc000-7f27afdf2000 r-xp 00000000 08:08 4085574                    /home/felipe/jre1.7.0_45/lib/amd64/jli/libjli.so
7f27afdf2000-7f27afff2000 ---p 00016000 08:08 4085574                    /home/felipe/jre1.7.0_45/lib/amd64/jli/libjli.so
7f27afff2000-7f27afff3000 rw-p 00016000 08:08 4085574                    /home/felipe/jre1.7.0_45/lib/amd64/jli/libjli.so
7f27afff3000-7f27b000b000 r-xp 00000000 08:06 935676                     /lib/x86_64-linux-gnu/libpthread-2.17.so
7f27b000b000-7f27b020a000 ---p 00018000 08:06 935676                     /lib/x86_64-linux-gnu/libpthread-2.17.so
7f27b020a000-7f27b020b000 r--p 00017000 08:06 935676                     /lib/x86_64-linux-gnu/libpthread-2.17.so
7f27b020b000-7f27b020c000 rw-p 00018000 08:06 935676                     /lib/x86_64-linux-gnu/libpthread-2.17.so
7f27b020c000-7f27b0210000 rw-p 00000000 00:00 0 
7f27b0210000-7f27b0233000 r-xp 00000000 08:06 935651                     /lib/x86_64-linux-gnu/ld-2.17.so
7f27b024a000-7f27b0254000 rw-p 00000000 00:00 0 
7f27b0254000-7f27b030a000 rw-p 00000000 00:00 0 
7f27b030a000-7f27b030d000 ---p 00000000 00:00 0 
7f27b030d000-7f27b040f000 rw-p 00000000 00:00 0                          [stack:5503]
7f27b0410000-7f27b0426000 rw-p 00000000 00:00 0 
7f27b0426000-7f27b042e000 rw-s 00000000 08:06 541808                     /tmp/hsperfdata_root/5496
7f27b042e000-7f27b042f000 rw-p 00000000 00:00 0 
7f27b042f000-7f27b0430000 r--p 00000000 00:00 0 
7f27b0430000-7f27b0432000 rw-p 00000000 00:00 0 
7f27b0432000-7f27b0433000 r--p 00022000 08:06 935651                     /lib/x86_64-linux-gnu/ld-2.17.so
7f27b0433000-7f27b0435000 rw-p 00023000 08:06 935651                     /lib/x86_64-linux-gnu/ld-2.17.so
7fffa7e74000-7fffa7e95000 rw-p 00000000 00:00 0                          [stack]
7fffa7fe5000-7fffa7fe7000 r-xp 00000000 00:00 0                          [vdso]
ffffffffff600000-ffffffffff601000 r-xp 00000000 00:00 0                  [vsyscall]

VM Arguments:
jvm_args: -Dfile.encoding=UTF-8 -Xbootclasspath:/home/felipe/adt-bundle-linux-x86_64-20130729/sdk/platforms/android-18/android.jar 
java_command: org.eclipse.jdt.internal.junit.runner.RemoteTestRunner -version 3 -port 47034 -testLoaderClass org.eclipse.jdt.internal.junit4.runner.JUnit4TestLoader -loaderpluginname org.eclipse.jdt.junit4.runtime -classNames test.Teste
Launcher Type: SUN_STANDARD

Environment Variables:
PATH=/usr/local/heroku/bin:/usr/local/sbin:/usr/local/bin:/usr/sbin:/usr/bin:/sbin:/bin:/usr/games:/usr/local/games
USERNAME=root
SHELL=/bin/bash
DISPLAY=:0

Signal Handlers:
SIGSEGV: [libjvm.so+0x9935b0], sa_mask[0]=0x7ffbfeff, sa_flags=0x10000004
SIGBUS: [libjvm.so+0x9935b0], sa_mask[0]=0x7ffbfeff, sa_flags=0x10000004
SIGFPE: [libjvm.so+0x810330], sa_mask[0]=0x7ffbfeff, sa_flags=0x10000004
SIGPIPE: [libjvm.so+0x810330], sa_mask[0]=0x7ffbfeff, sa_flags=0x10000004
SIGXFSZ: [libjvm.so+0x810330], sa_mask[0]=0x7ffbfeff, sa_flags=0x10000004
SIGILL: [libjvm.so+0x810330], sa_mask[0]=0x7ffbfeff, sa_flags=0x10000004
SIGUSR1: SIG_DFL, sa_mask[0]=0x00000000, sa_flags=0x00000000
SIGUSR2: [libjvm.so+0x811820], sa_mask[0]=0x00000004, sa_flags=0x10000004
SIGHUP: SIG_DFL, sa_mask[0]=0x00000000, sa_flags=0x00000000
SIGINT: SIG_DFL, sa_mask[0]=0x00000000, sa_flags=0x00000000
SIGTERM: SIG_DFL, sa_mask[0]=0x00000000, sa_flags=0x00000000
SIGQUIT: SIG_DFL, sa_mask[0]=0x00000000, sa_flags=0x00000000


---------------  S Y S T E M  ---------------

OS:wheezy/sid

uname:Linux 3.8.0-33-generic #48-Ubuntu SMP Wed Oct 23 09:16:58 UTC 2013 x86_64
libc:glibc 2.17 NPTL 2.17 
rlimit: STACK 8192k, CORE 0k, NPROC 29807, NOFILE 4096, AS infinity
load average:0.87 0.93 0.86

/proc/meminfo:
MemTotal:        3834528 kB
MemFree:          176748 kB
Buffers:           11076 kB
Cached:           556732 kB
SwapCached:       106868 kB
Active:          2490520 kB
Inactive:         942332 kB
Active(anon):    2360728 kB
Inactive(anon):   816796 kB
Active(file):     129792 kB
Inactive(file):   125536 kB
Unevictable:          64 kB
Mlocked:              64 kB
SwapTotal:       1951740 kB
SwapFree:        1349780 kB
Dirty:               704 kB
Writeback:             0 kB
AnonPages:       2799276 kB
Mapped:           132564 kB
Shmem:            312204 kB
Slab:             102292 kB
SReclaimable:      63212 kB
SUnreclaim:        39080 kB
KernelStack:        5696 kB
PageTables:        62916 kB
NFS_Unstable:          0 kB
Bounce:                0 kB
WritebackTmp:          0 kB
CommitLimit:     3869004 kB
Committed_AS:    9477100 kB
VmallocTotal:   34359738367 kB
VmallocUsed:      544324 kB
VmallocChunk:   34359190492 kB
HardwareCorrupted:     0 kB
AnonHugePages:         0 kB
HugePages_Total:       0
HugePages_Free:        0
HugePages_Rsvd:        0
HugePages_Surp:        0
Hugepagesize:       2048 kB
DirectMap4k:       68372 kB
DirectMap2M:     3909632 kB


CPU:total 4 (2 cores per cpu, 2 threads per core) family 6 model 37 stepping 5, cmov, cx8, fxsr, mmx, sse, sse2, sse3, ssse3, sse4.1, sse4.2, popcnt, ht, tsc, tscinvbit

/proc/cpuinfo:
processor	: 0
vendor_id	: GenuineIntel
cpu family	: 6
model		: 37
model name	: Intel(R) Core(TM) i3 CPU       M 380  @ 2.53GHz
stepping	: 5
microcode	: 0x2
cpu MHz		: 1999.000
cache size	: 3072 KB
physical id	: 0
siblings	: 4
core id		: 0
cpu cores	: 2
apicid		: 0
initial apicid	: 0
fpu		: yes
fpu_exception	: yes
cpuid level	: 11
wp		: yes
flags		: fpu vme de pse tsc msr pae mce cx8 apic sep mtrr pge mca cmov pat pse36 clflush dts acpi mmx fxsr sse sse2 ss ht tm pbe syscall nx rdtscp lm constant_tsc arch_perfmon pebs bts rep_good nopl xtopology nonstop_tsc aperfmperf pni dtes64 monitor ds_cpl vmx est tm2 ssse3 cx16 xtpr pdcm pcid sse4_1 sse4_2 popcnt lahf_lm arat dtherm tpr_shadow vnmi flexpriority ept vpid
bogomips	: 5054.12
clflush size	: 64
cache_alignment	: 64
address sizes	: 36 bits physical, 48 bits virtual
power management:

processor	: 1
vendor_id	: GenuineIntel
cpu family	: 6
model		: 37
model name	: Intel(R) Core(TM) i3 CPU       M 380  @ 2.53GHz
stepping	: 5
microcode	: 0x2
cpu MHz		: 933.000
cache size	: 3072 KB
physical id	: 0
siblings	: 4
core id		: 2
cpu cores	: 2
apicid		: 4
initial apicid	: 4
fpu		: yes
fpu_exception	: yes
cpuid level	: 11
wp		: yes
flags		: fpu vme de pse tsc msr pae mce cx8 apic sep mtrr pge mca cmov pat pse36 clflush dts acpi mmx fxsr sse sse2 ss ht tm pbe syscall nx rdtscp lm constant_tsc arch_perfmon pebs bts rep_good nopl xtopology nonstop_tsc aperfmperf pni dtes64 monitor ds_cpl vmx est tm2 ssse3 cx16 xtpr pdcm pcid sse4_1 sse4_2 popcnt lahf_lm arat dtherm tpr_shadow vnmi flexpriority ept vpid
bogomips	: 5054.12
clflush size	: 64
cache_alignment	: 64
address sizes	: 36 bits physical, 48 bits virtual
power management:

processor	: 2
vendor_id	: GenuineIntel
cpu family	: 6
model		: 37
model name	: Intel(R) Core(TM) i3 CPU       M 380  @ 2.53GHz
stepping	: 5
microcode	: 0x2
cpu MHz		: 1999.000
cache size	: 3072 KB
physical id	: 0
siblings	: 4
core id		: 0
cpu cores	: 2
apicid		: 1
initial apicid	: 1
fpu		: yes
fpu_exception	: yes
cpuid level	: 11
wp		: yes
flags		: fpu vme de pse tsc msr pae mce cx8 apic sep mtrr pge mca cmov pat pse36 clflush dts acpi mmx fxsr sse sse2 ss ht tm pbe syscall nx rdtscp lm constant_tsc arch_perfmon pebs bts rep_good nopl xtopology nonstop_tsc aperfmperf pni dtes64 monitor ds_cpl vmx est tm2 ssse3 cx16 xtpr pdcm pcid sse4_1 sse4_2 popcnt lahf_lm arat dtherm tpr_shadow vnmi flexpriority ept vpid
bogomips	: 5054.12
clflush size	: 64
cache_alignment	: 64
address sizes	: 36 bits physical, 48 bits virtual
power management:

processor	: 3
vendor_id	: GenuineIntel
cpu family	: 6
model		: 37
model name	: Intel(R) Core(TM) i3 CPU       M 380  @ 2.53GHz
stepping	: 5
microcode	: 0x2
cpu MHz		: 1999.000
cache size	: 3072 KB
physical id	: 0
siblings	: 4
core id		: 2
cpu cores	: 2
apicid		: 5
initial apicid	: 5
fpu		: yes
fpu_exception	: yes
cpuid level	: 11
wp		: yes
flags		: fpu vme de pse tsc msr pae mce cx8 apic sep mtrr pge mca cmov pat pse36 clflush dts acpi mmx fxsr sse sse2 ss ht tm pbe syscall nx rdtscp lm constant_tsc arch_perfmon pebs bts rep_good nopl xtopology nonstop_tsc aperfmperf pni dtes64 monitor ds_cpl vmx est tm2 ssse3 cx16 xtpr pdcm pcid sse4_1 sse4_2 popcnt lahf_lm arat dtherm tpr_shadow vnmi flexpriority ept vpid
bogomips	: 5054.12
clflush size	: 64
cache_alignment	: 64
address sizes	: 36 bits physical, 48 bits virtual
power management:



Memory: 4k page, physical 3834528k(176748k free), swap 1951740k(1349780k free)

vm_info: Java HotSpot(TM) 64-Bit Server VM (24.45-b08) for linux-amd64 JRE (1.7.0_45-b18), built on Oct  8 2013 05:44:25 by "java_re" with gcc 4.3.0 20080428 (Red Hat 4.3.0-8)

time: Sat Nov 23 01:03:49 2013
elapsed time: 0 seconds

