#
# A fatal error has been detected by the Java Runtime Environment:
#
#  Internal Error (javaClasses.cpp:129), pid=6006, tid=140314281621248
#  fatal error: Invalid layout of preloaded class
#
# JRE version: 7.0_25-b30
# Java VM: OpenJDK 64-Bit Server VM (23.7-b01 mixed mode linux-amd64 compressed oops)
# Failed to write core dump. Core dumps have been disabled. To enable core dumping, try "ulimit -c unlimited" before starting Java again
#
# If you would like to submit a bug report, please include
# instructions on how to reproduce the bug and visit:
#   https://bugs.launchpad.net/ubuntu/+source/openjdk-7/
#

---------------  T H R E A D  ---------------

Current thread (0x00007f9d70009800):  JavaThread "Unknown thread" [_thread_in_vm, id=6013, stack(0x00007f9d76d9b000,0x00007f9d76e9c000)]

Stack: [0x00007f9d76d9b000,0x00007f9d76e9c000],  sp=0x00007f9d76e9a9a0,  free space=1022k
Native frames: (J=compiled Java code, j=interpreted, Vv=VM code, C=native code)
V  [libjvm.so+0x84e92b]  VMError::report_and_die()+0x16b
V  [libjvm.so+0x3ebd57]  report_fatal(char const*, int, char const*)+0x57
V  [libjvm.so+0x528efa]  compute_offset(int&, klassOopDesc*, Symbol*, Symbol*, bool) [clone .constprop.123]+0x11a
V  [libjvm.so+0x529166]  java_lang_String::compute_offsets()+0x36
V  [libjvm.so+0x7dcf8d]  SystemDictionary::initialize_preloaded_classes(Thread*)+0x3d
V  [libjvm.so+0x829288]  Universe::genesis(Thread*)+0x468
V  [libjvm.so+0x82973f]  universe2_init()+0x1f
V  [libjvm.so+0x4dde1a]  init_globals()+0x9a
V  [libjvm.so+0x80d26c]  Threads::create_vm(JavaVMInitArgs*, bool*)+0x39c
V  [libjvm.so+0x545278]  JNI_CreateJavaVM+0x58
C  [libjli.so+0x2b34]  __strcat_chk+0x2b34


---------------  P R O C E S S  ---------------

Java Threads: ( => current thread )

Other Threads:

=>0x00007f9d70009800 (exited) JavaThread "Unknown thread" [_thread_in_vm, id=6013, stack(0x00007f9d76d9b000,0x00007f9d76e9c000)]

VM state:not at safepoint (not fully initialized)

VM Mutex/Monitor currently owned by a thread: None

GC Heap History (0 events):
No events

Deoptimization events (0 events):
No events

Internal exceptions (0 events):
No events

Events (10 events):
Event: 0.207 loading class 0x00007f9d7002b640 done
Event: 0.208 loading class 0x00007f9d7002aee0 done
Event: 0.208 loading class 0x00007f9d7002aeb0
Event: 0.208 loading class 0x00007f9d70056240
Event: 0.208 loading class 0x00007f9d70056240 done
Event: 0.208 loading class 0x00007f9d70056280
Event: 0.208 loading class 0x00007f9d70056280 done
Event: 0.208 loading class 0x00007f9d700562c0
Event: 0.208 loading class 0x00007f9d700562c0 done
Event: 0.208 loading class 0x00007f9d7002aeb0 done


Dynamic libraries:
00400000-00401000 r-xp 00000000 08:06 2103703                            /usr/lib/jvm/java-7-openjdk-amd64/jre/bin/java
00600000-00601000 r--p 00000000 08:06 2103703                            /usr/lib/jvm/java-7-openjdk-amd64/jre/bin/java
00601000-00602000 rw-p 00001000 08:06 2103703                            /usr/lib/jvm/java-7-openjdk-amd64/jre/bin/java
00849000-0086a000 rw-p 00000000 00:00 0                                  [heap]
bb000000-bc4c0000 rw-p 00000000 00:00 0 
bc4c0000-c5600000 rw-p 00000000 00:00 0 
c5600000-c7d10000 rw-p 00000000 00:00 0 
c7d10000-ec760000 rw-p 00000000 00:00 0 
ec760000-edae0000 rw-p 00000000 00:00 0 
edae0000-100000000 rw-p 00000000 00:00 0 
7f9d4c000000-7f9d4c021000 rw-p 00000000 00:00 0 
7f9d4c021000-7f9d50000000 ---p 00000000 00:00 0 
7f9d54000000-7f9d54021000 rw-p 00000000 00:00 0 
7f9d54021000-7f9d58000000 ---p 00000000 00:00 0 
7f9d5c000000-7f9d5c021000 rw-p 00000000 00:00 0 
7f9d5c021000-7f9d60000000 ---p 00000000 00:00 0 
7f9d63760000-7f9d64000000 rw-p 00000000 00:00 0 
7f9d64000000-7f9d64021000 rw-p 00000000 00:00 0 
7f9d64021000-7f9d68000000 ---p 00000000 00:00 0 
7f9d69da9000-7f9d69fec000 rw-p 00000000 00:00 0 
7f9d69fec000-7f9d6a0b6000 r--s 011ad000 08:08 6697148                    /home/felipe/adt-bundle-linux-x86_64-20130729/sdk/platforms/android-18/android.jar
7f9d6a0b6000-7f9d6c35e000 rw-p 00000000 00:00 0 
7f9d6c35e000-7f9d6c35f000 ---p 00000000 00:00 0 
7f9d6c35f000-7f9d6c45f000 rw-p 00000000 00:00 0                          [stack:6017]
7f9d6c45f000-7f9d6c460000 ---p 00000000 00:00 0 
7f9d6c460000-7f9d6c560000 rw-p 00000000 00:00 0                          [stack:6016]
7f9d6c560000-7f9d6c561000 ---p 00000000 00:00 0 
7f9d6c561000-7f9d6c661000 rw-p 00000000 00:00 0                          [stack:6015]
7f9d6c661000-7f9d6c662000 ---p 00000000 00:00 0 
7f9d6c662000-7f9d6c76d000 rw-p 00000000 00:00 0                          [stack:6014]
7f9d6c76d000-7f9d6c7b5000 rw-p 00000000 00:00 0 
7f9d6c7b5000-7f9d6c7c0000 rw-p 00000000 00:00 0 
7f9d6c7c0000-7f9d6c808000 rw-p 00000000 00:00 0 
7f9d6c808000-7f9d6c81c000 rw-p 00000000 00:00 0 
7f9d6c81c000-7f9d6c940000 rw-p 00000000 00:00 0 
7f9d6c940000-7f9d6c94b000 rw-p 00000000 00:00 0 
7f9d6c94b000-7f9d6c9dd000 rw-p 00000000 00:00 0 
7f9d6c9dd000-7f9d6c9de000 rw-p 00000000 00:00 0 
7f9d6c9de000-7f9d6cc4e000 rwxp 00000000 00:00 0 
7f9d6cc4e000-7f9d6f9de000 rw-p 00000000 00:00 0 
7f9d6f9de000-7f9d6f9e6000 r-xp 00000000 08:06 2103700                    /usr/lib/jvm/java-7-openjdk-amd64/jre/lib/amd64/libzip.so
7f9d6f9e6000-7f9d6fbe5000 ---p 00008000 08:06 2103700                    /usr/lib/jvm/java-7-openjdk-amd64/jre/lib/amd64/libzip.so
7f9d6fbe5000-7f9d6fbe6000 r--p 00007000 08:06 2103700                    /usr/lib/jvm/java-7-openjdk-amd64/jre/lib/amd64/libzip.so
7f9d6fbe6000-7f9d6fbe7000 rw-p 00008000 08:06 2103700                    /usr/lib/jvm/java-7-openjdk-amd64/jre/lib/amd64/libzip.so
7f9d6fbe7000-7f9d6fbf3000 r-xp 00000000 08:06 935688                     /lib/x86_64-linux-gnu/libnss_files-2.17.so
7f9d6fbf3000-7f9d6fdf2000 ---p 0000c000 08:06 935688                     /lib/x86_64-linux-gnu/libnss_files-2.17.so
7f9d6fdf2000-7f9d6fdf3000 r--p 0000b000 08:06 935688                     /lib/x86_64-linux-gnu/libnss_files-2.17.so
7f9d6fdf3000-7f9d6fdf4000 rw-p 0000c000 08:06 935688                     /lib/x86_64-linux-gnu/libnss_files-2.17.so
7f9d6fdf4000-7f9d6fdff000 r-xp 00000000 08:06 935702                     /lib/x86_64-linux-gnu/libnss_nis-2.17.so
7f9d6fdff000-7f9d6fffe000 ---p 0000b000 08:06 935702                     /lib/x86_64-linux-gnu/libnss_nis-2.17.so
7f9d6fffe000-7f9d6ffff000 r--p 0000a000 08:06 935702                     /lib/x86_64-linux-gnu/libnss_nis-2.17.so
7f9d6ffff000-7f9d70000000 rw-p 0000b000 08:06 935702                     /lib/x86_64-linux-gnu/libnss_nis-2.17.so
7f9d70000000-7f9d70061000 rw-p 00000000 00:00 0 
7f9d70061000-7f9d74000000 ---p 00000000 00:00 0 
7f9d74017000-7f9d7402b000 rw-p 00000000 00:00 0 
7f9d7402b000-7f9d74150000 rw-p 00000000 00:00 0 
7f9d74150000-7f9d74167000 r-xp 00000000 08:06 935673                     /lib/x86_64-linux-gnu/libnsl-2.17.so
7f9d74167000-7f9d74366000 ---p 00017000 08:06 935673                     /lib/x86_64-linux-gnu/libnsl-2.17.so
7f9d74366000-7f9d74367000 r--p 00016000 08:06 935673                     /lib/x86_64-linux-gnu/libnsl-2.17.so
7f9d74367000-7f9d74368000 rw-p 00017000 08:06 935673                     /lib/x86_64-linux-gnu/libnsl-2.17.so
7f9d74368000-7f9d7436a000 rw-p 00000000 00:00 0 
7f9d7436a000-7f9d74372000 r-xp 00000000 08:06 935704                     /lib/x86_64-linux-gnu/libnss_compat-2.17.so
7f9d74372000-7f9d74571000 ---p 00008000 08:06 935704                     /lib/x86_64-linux-gnu/libnss_compat-2.17.so
7f9d74571000-7f9d74572000 r--p 00007000 08:06 935704                     /lib/x86_64-linux-gnu/libnss_compat-2.17.so
7f9d74572000-7f9d74573000 rw-p 00008000 08:06 935704                     /lib/x86_64-linux-gnu/libnss_compat-2.17.so
7f9d74573000-7f9d7459e000 r-xp 00000000 08:06 2103683                    /usr/lib/jvm/java-7-openjdk-amd64/jre/lib/amd64/libjava.so
7f9d7459e000-7f9d7479d000 ---p 0002b000 08:06 2103683                    /usr/lib/jvm/java-7-openjdk-amd64/jre/lib/amd64/libjava.so
7f9d7479d000-7f9d7479e000 r--p 0002a000 08:06 2103683                    /usr/lib/jvm/java-7-openjdk-amd64/jre/lib/amd64/libjava.so
7f9d7479e000-7f9d747a0000 rw-p 0002b000 08:06 2103683                    /usr/lib/jvm/java-7-openjdk-amd64/jre/lib/amd64/libjava.so
7f9d747a0000-7f9d747af000 r-xp 00000000 08:06 2103682                    /usr/lib/jvm/java-7-openjdk-amd64/jre/lib/amd64/libverify.so
7f9d747af000-7f9d749ae000 ---p 0000f000 08:06 2103682                    /usr/lib/jvm/java-7-openjdk-amd64/jre/lib/amd64/libverify.so
7f9d749ae000-7f9d749b0000 r--p 0000e000 08:06 2103682                    /usr/lib/jvm/java-7-openjdk-amd64/jre/lib/amd64/libverify.so
7f9d749b0000-7f9d749b1000 rw-p 00010000 08:06 2103682                    /usr/lib/jvm/java-7-openjdk-amd64/jre/lib/amd64/libverify.so
7f9d749b1000-7f9d749b8000 r-xp 00000000 08:06 935698                     /lib/x86_64-linux-gnu/librt-2.17.so
7f9d749b8000-7f9d74bb7000 ---p 00007000 08:06 935698                     /lib/x86_64-linux-gnu/librt-2.17.so
7f9d74bb7000-7f9d74bb8000 r--p 00006000 08:06 935698                     /lib/x86_64-linux-gnu/librt-2.17.so
7f9d74bb8000-7f9d74bb9000 rw-p 00007000 08:06 935698                     /lib/x86_64-linux-gnu/librt-2.17.so
7f9d74bb9000-7f9d74bcd000 r-xp 00000000 08:06 921406                     /lib/x86_64-linux-gnu/libgcc_s.so.1
7f9d74bcd000-7f9d74dcd000 ---p 00014000 08:06 921406                     /lib/x86_64-linux-gnu/libgcc_s.so.1
7f9d74dcd000-7f9d74dce000 r--p 00014000 08:06 921406                     /lib/x86_64-linux-gnu/libgcc_s.so.1
7f9d74dce000-7f9d74dcf000 rw-p 00015000 08:06 921406                     /lib/x86_64-linux-gnu/libgcc_s.so.1
7f9d74dcf000-7f9d74ed2000 r-xp 00000000 08:06 935703                     /lib/x86_64-linux-gnu/libm-2.17.so
7f9d74ed2000-7f9d750d2000 ---p 00103000 08:06 935703                     /lib/x86_64-linux-gnu/libm-2.17.so
7f9d750d2000-7f9d750d3000 r--p 00103000 08:06 935703                     /lib/x86_64-linux-gnu/libm-2.17.so
7f9d750d3000-7f9d750d4000 rw-p 00104000 08:06 935703                     /lib/x86_64-linux-gnu/libm-2.17.so
7f9d750d4000-7f9d751b9000 r-xp 00000000 08:06 1974892                    /usr/lib/x86_64-linux-gnu/libstdc++.so.6.0.17
7f9d751b9000-7f9d753b8000 ---p 000e5000 08:06 1974892                    /usr/lib/x86_64-linux-gnu/libstdc++.so.6.0.17
7f9d753b8000-7f9d753c0000 r--p 000e4000 08:06 1974892                    /usr/lib/x86_64-linux-gnu/libstdc++.so.6.0.17
7f9d753c0000-7f9d753c2000 rw-p 000ec000 08:06 1974892                    /usr/lib/x86_64-linux-gnu/libstdc++.so.6.0.17
7f9d753c2000-7f9d753d7000 rw-p 00000000 00:00 0 
7f9d753d7000-7f9d75dc7000 r-xp 00000000 08:06 2103688                    /usr/lib/jvm/java-7-openjdk-amd64/jre/lib/amd64/server/libjvm.so
7f9d75dc7000-7f9d75fc6000 ---p 009f0000 08:06 2103688                    /usr/lib/jvm/java-7-openjdk-amd64/jre/lib/amd64/server/libjvm.so
7f9d75fc6000-7f9d76045000 r--p 009ef000 08:06 2103688                    /usr/lib/jvm/java-7-openjdk-amd64/jre/lib/amd64/server/libjvm.so
7f9d76045000-7f9d76068000 rw-p 00a6e000 08:06 2103688                    /usr/lib/jvm/java-7-openjdk-amd64/jre/lib/amd64/server/libjvm.so
7f9d76068000-7f9d76093000 rw-p 00000000 00:00 0 
7f9d76093000-7f9d760a9000 r-xp 00000000 08:06 921534                     /lib/x86_64-linux-gnu/libz.so.1.2.7
7f9d760a9000-7f9d762a8000 ---p 00016000 08:06 921534                     /lib/x86_64-linux-gnu/libz.so.1.2.7
7f9d762a8000-7f9d762a9000 r--p 00015000 08:06 921534                     /lib/x86_64-linux-gnu/libz.so.1.2.7
7f9d762a9000-7f9d762aa000 rw-p 00016000 08:06 921534                     /lib/x86_64-linux-gnu/libz.so.1.2.7
7f9d762aa000-7f9d762c2000 r-xp 00000000 08:06 935676                     /lib/x86_64-linux-gnu/libpthread-2.17.so
7f9d762c2000-7f9d764c1000 ---p 00018000 08:06 935676                     /lib/x86_64-linux-gnu/libpthread-2.17.so
7f9d764c1000-7f9d764c2000 r--p 00017000 08:06 935676                     /lib/x86_64-linux-gnu/libpthread-2.17.so
7f9d764c2000-7f9d764c3000 rw-p 00018000 08:06 935676                     /lib/x86_64-linux-gnu/libpthread-2.17.so
7f9d764c3000-7f9d764c7000 rw-p 00000000 00:00 0 
7f9d764c7000-7f9d764ca000 r-xp 00000000 08:06 935684                     /lib/x86_64-linux-gnu/libdl-2.17.so
7f9d764ca000-7f9d766c9000 ---p 00003000 08:06 935684                     /lib/x86_64-linux-gnu/libdl-2.17.so
7f9d766c9000-7f9d766ca000 r--p 00002000 08:06 935684                     /lib/x86_64-linux-gnu/libdl-2.17.so
7f9d766ca000-7f9d766cb000 rw-p 00003000 08:06 935684                     /lib/x86_64-linux-gnu/libdl-2.17.so
7f9d766cb000-7f9d7688a000 r-xp 00000000 08:06 935706                     /lib/x86_64-linux-gnu/libc-2.17.so
7f9d7688a000-7f9d76a89000 ---p 001bf000 08:06 935706                     /lib/x86_64-linux-gnu/libc-2.17.so
7f9d76a89000-7f9d76a8d000 r--p 001be000 08:06 935706                     /lib/x86_64-linux-gnu/libc-2.17.so
7f9d76a8d000-7f9d76a8f000 rw-p 001c2000 08:06 935706                     /lib/x86_64-linux-gnu/libc-2.17.so
7f9d76a8f000-7f9d76a94000 rw-p 00000000 00:00 0 
7f9d76a94000-7f9d76aa1000 r-xp 00000000 08:06 2103664                    /usr/lib/jvm/java-7-openjdk-amd64/jre/lib/amd64/jli/libjli.so
7f9d76aa1000-7f9d76ca0000 ---p 0000d000 08:06 2103664                    /usr/lib/jvm/java-7-openjdk-amd64/jre/lib/amd64/jli/libjli.so
7f9d76ca0000-7f9d76ca1000 r--p 0000c000 08:06 2103664                    /usr/lib/jvm/java-7-openjdk-amd64/jre/lib/amd64/jli/libjli.so
7f9d76ca1000-7f9d76ca2000 rw-p 0000d000 08:06 2103664                    /usr/lib/jvm/java-7-openjdk-amd64/jre/lib/amd64/jli/libjli.so
7f9d76ca2000-7f9d76cc5000 r-xp 00000000 08:06 935651                     /lib/x86_64-linux-gnu/ld-2.17.so
7f9d76cdb000-7f9d76ce5000 rw-p 00000000 00:00 0 
7f9d76ce5000-7f9d76d9b000 rw-p 00000000 00:00 0 
7f9d76d9b000-7f9d76d9e000 ---p 00000000 00:00 0 
7f9d76d9e000-7f9d76ea1000 rw-p 00000000 00:00 0                          [stack:6013]
7f9d76eb6000-7f9d76eb8000 rw-p 00000000 00:00 0 
7f9d76eb8000-7f9d76ec0000 rw-s 00000000 08:06 542051                     /tmp/hsperfdata_root/6006
7f9d76ec0000-7f9d76ec1000 rw-p 00000000 00:00 0 
7f9d76ec1000-7f9d76ec2000 r--p 00000000 00:00 0 
7f9d76ec2000-7f9d76ec4000 rw-p 00000000 00:00 0 
7f9d76ec4000-7f9d76ec5000 r--p 00022000 08:06 935651                     /lib/x86_64-linux-gnu/ld-2.17.so
7f9d76ec5000-7f9d76ec7000 rw-p 00023000 08:06 935651                     /lib/x86_64-linux-gnu/ld-2.17.so
7fff37cb3000-7fff37cd4000 rw-p 00000000 00:00 0                          [stack]
7fff37d97000-7fff37d99000 r-xp 00000000 00:00 0                          [vdso]
ffffffffff600000-ffffffffff601000 r-xp 00000000 00:00 0                  [vsyscall]

VM Arguments:
jvm_args: -Dfile.encoding=UTF-8 -Xbootclasspath:/home/felipe/adt-bundle-linux-x86_64-20130729/sdk/platforms/android-18/android.jar 
java_command: org.eclipse.jdt.internal.junit.runner.RemoteTestRunner -version 3 -port 44152 -testLoaderClass org.eclipse.jdt.internal.junit4.runner.JUnit4TestLoader -loaderpluginname org.eclipse.jdt.junit4.runtime -classNames test.Teste
Launcher Type: SUN_STANDARD

Environment Variables:
PATH=/usr/local/heroku/bin:/usr/local/sbin:/usr/local/bin:/usr/sbin:/usr/bin:/sbin:/bin:/usr/games:/usr/local/games
USERNAME=root
SHELL=/bin/bash
DISPLAY=:0

Signal Handlers:
SIGSEGV: [libjvm.so+0x84f410], sa_mask[0]=0x7ffbfeff, sa_flags=0x10000004
SIGBUS: [libjvm.so+0x84f410], sa_mask[0]=0x7ffbfeff, sa_flags=0x10000004
SIGFPE: [libjvm.so+0x6f19a0], sa_mask[0]=0x7ffbfeff, sa_flags=0x10000004
SIGPIPE: [libjvm.so+0x6f19a0], sa_mask[0]=0x7ffbfeff, sa_flags=0x10000004
SIGXFSZ: [libjvm.so+0x6f19a0], sa_mask[0]=0x7ffbfeff, sa_flags=0x10000004
SIGILL: [libjvm.so+0x6f19a0], sa_mask[0]=0x7ffbfeff, sa_flags=0x10000004
SIGUSR1: SIG_DFL, sa_mask[0]=0x00000000, sa_flags=0x00000000
SIGUSR2: [libjvm.so+0x6f1d70], sa_mask[0]=0x00000004, sa_flags=0x10000004
SIGHUP: SIG_DFL, sa_mask[0]=0x00000000, sa_flags=0x00000000
SIGINT: SIG_DFL, sa_mask[0]=0x00000000, sa_flags=0x00000000
SIGTERM: SIG_DFL, sa_mask[0]=0x00000000, sa_flags=0x00000000
SIGQUIT: SIG_DFL, sa_mask[0]=0x00000000, sa_flags=0x00000000


---------------  S Y S T E M  ---------------

OS:Ubuntu 13.04 (raring)
uname:Linux 3.8.0-33-generic #48-Ubuntu SMP Wed Oct 23 09:16:58 UTC 2013 x86_64
libc:glibc 2.17 NPTL 2.17 
rlimit: STACK 8192k, CORE 0k, NPROC 29807, NOFILE 4096, AS infinity
load average:0.61 0.73 0.74

/proc/meminfo:
MemTotal:        3834528 kB
MemFree:          508680 kB
Buffers:            6544 kB
Cached:           502320 kB
SwapCached:         6220 kB
Active:          2123796 kB
Inactive:         966292 kB
Active(anon):    2032460 kB
Inactive(anon):   839276 kB
Active(file):      91336 kB
Inactive(file):   127016 kB
Unevictable:          64 kB
Mlocked:              64 kB
SwapTotal:       1951740 kB
SwapFree:        1700652 kB
Dirty:               244 kB
Writeback:             0 kB
AnonPages:       2575600 kB
Mapped:           138872 kB
Shmem:            290292 kB
Slab:             112632 kB
SReclaimable:      74092 kB
SUnreclaim:        38540 kB
KernelStack:        5552 kB
PageTables:        60596 kB
NFS_Unstable:          0 kB
Bounce:                0 kB
WritebackTmp:          0 kB
CommitLimit:     3869004 kB
Committed_AS:    8618796 kB
VmallocTotal:   34359738367 kB
VmallocUsed:      544324 kB
VmallocChunk:   34359189980 kB
HardwareCorrupted:     0 kB
AnonHugePages:         0 kB
HugePages_Total:       0
HugePages_Free:        0
HugePages_Rsvd:        0
HugePages_Surp:        0
Hugepagesize:       2048 kB
DirectMap4k:       74516 kB
DirectMap2M:     3903488 kB


CPU:total 4 (2 cores per cpu, 2 threads per core) family 6 model 37 stepping 5, cmov, cx8, fxsr, mmx, sse, sse2, sse3, ssse3, sse4.1, sse4.2, popcnt, ht, tsc, tscinvbit

/proc/cpuinfo:
processor	: 0
vendor_id	: GenuineIntel
cpu family	: 6
model		: 37
model name	: Intel(R) Core(TM) i3 CPU       M 380  @ 2.53GHz
stepping	: 5
microcode	: 0x2
cpu MHz		: 2533.000
cache size	: 3072 KB
physical id	: 0
siblings	: 4
core id		: 0
cpu cores	: 2
apicid		: 0
initial apicid	: 0
fpu		: yes
fpu_exception	: yes
cpuid level	: 11
wp		: yes
flags		: fpu vme de pse tsc msr pae mce cx8 apic sep mtrr pge mca cmov pat pse36 clflush dts acpi mmx fxsr sse sse2 ss ht tm pbe syscall nx rdtscp lm constant_tsc arch_perfmon pebs bts rep_good nopl xtopology nonstop_tsc aperfmperf pni dtes64 monitor ds_cpl vmx est tm2 ssse3 cx16 xtpr pdcm pcid sse4_1 sse4_2 popcnt lahf_lm arat dtherm tpr_shadow vnmi flexpriority ept vpid
bogomips	: 5054.16
clflush size	: 64
cache_alignment	: 64
address sizes	: 36 bits physical, 48 bits virtual
power management:

processor	: 1
vendor_id	: GenuineIntel
cpu family	: 6
model		: 37
model name	: Intel(R) Core(TM) i3 CPU       M 380  @ 2.53GHz
stepping	: 5
microcode	: 0x2
cpu MHz		: 933.000
cache size	: 3072 KB
physical id	: 0
siblings	: 4
core id		: 2
cpu cores	: 2
apicid		: 4
initial apicid	: 4
fpu		: yes
fpu_exception	: yes
cpuid level	: 11
wp		: yes
flags		: fpu vme de pse tsc msr pae mce cx8 apic sep mtrr pge mca cmov pat pse36 clflush dts acpi mmx fxsr sse sse2 ss ht tm pbe syscall nx rdtscp lm constant_tsc arch_perfmon pebs bts rep_good nopl xtopology nonstop_tsc aperfmperf pni dtes64 monitor ds_cpl vmx est tm2 ssse3 cx16 xtpr pdcm pcid sse4_1 sse4_2 popcnt lahf_lm arat dtherm tpr_shadow vnmi flexpriority ept vpid
bogomips	: 5054.16
clflush size	: 64
cache_alignment	: 64
address sizes	: 36 bits physical, 48 bits virtual
power management:

processor	: 2
vendor_id	: GenuineIntel
cpu family	: 6
model		: 37
model name	: Intel(R) Core(TM) i3 CPU       M 380  @ 2.53GHz
stepping	: 5
microcode	: 0x2
cpu MHz		: 933.000
cache size	: 3072 KB
physical id	: 0
siblings	: 4
core id		: 0
cpu cores	: 2
apicid		: 1
initial apicid	: 1
fpu		: yes
fpu_exception	: yes
cpuid level	: 11
wp		: yes
flags		: fpu vme de pse tsc msr pae mce cx8 apic sep mtrr pge mca cmov pat pse36 clflush dts acpi mmx fxsr sse sse2 ss ht tm pbe syscall nx rdtscp lm constant_tsc arch_perfmon pebs bts rep_good nopl xtopology nonstop_tsc aperfmperf pni dtes64 monitor ds_cpl vmx est tm2 ssse3 cx16 xtpr pdcm pcid sse4_1 sse4_2 popcnt lahf_lm arat dtherm tpr_shadow vnmi flexpriority ept vpid
bogomips	: 5054.16
clflush size	: 64
cache_alignment	: 64
address sizes	: 36 bits physical, 48 bits virtual
power management:

processor	: 3
vendor_id	: GenuineIntel
cpu family	: 6
model		: 37
model name	: Intel(R) Core(TM) i3 CPU       M 380  @ 2.53GHz
stepping	: 5
microcode	: 0x2
cpu MHz		: 933.000
cache size	: 3072 KB
physical id	: 0
siblings	: 4
core id		: 2
cpu cores	: 2
apicid		: 5
initial apicid	: 5
fpu		: yes
fpu_exception	: yes
cpuid level	: 11
wp		: yes
flags		: fpu vme de pse tsc msr pae mce cx8 apic sep mtrr pge mca cmov pat pse36 clflush dts acpi mmx fxsr sse sse2 ss ht tm pbe syscall nx rdtscp lm constant_tsc arch_perfmon pebs bts rep_good nopl xtopology nonstop_tsc aperfmperf pni dtes64 monitor ds_cpl vmx est tm2 ssse3 cx16 xtpr pdcm pcid sse4_1 sse4_2 popcnt lahf_lm arat dtherm tpr_shadow vnmi flexpriority ept vpid
bogomips	: 5054.16
clflush size	: 64
cache_alignment	: 64
address sizes	: 36 bits physical, 48 bits virtual
power management:



Memory: 4k page, physical 3834528k(508680k free), swap 1951740k(1700652k free)

vm_info: OpenJDK 64-Bit Server VM (23.7-b01) for linux-amd64 JRE (1.7.0_25-b30), built on Jul  3 2013 13:50:39 by "buildd" with gcc 4.7.3

time: Wed Nov 20 10:36:47 2013
elapsed time: 0 seconds

