#
# A fatal error has been detected by the Java Runtime Environment:
#
#  Internal Error (javaClasses.cpp:136), pid=10040, tid=140274130454272
#  fatal error: Invalid layout of preloaded class
#
# JRE version:  (7.0_45-b18) (build )
# Java VM: Java HotSpot(TM) 64-Bit Server VM (24.45-b08 mixed mode linux-amd64 compressed oops)
# Failed to write core dump. Core dumps have been disabled. To enable core dumping, try "ulimit -c unlimited" before starting Java again
#
# If you would like to submit a bug report, please visit:
#   http://bugreport.sun.com/bugreport/crash.jsp
#

---------------  T H R E A D  ---------------

Current thread (0x00007f941400a000):  JavaThread "Unknown thread" [_thread_in_vm, id=10047, stack(0x00007f941da78000,0x00007f941db79000)]

Stack: [0x00007f941da78000,0x00007f941db79000],  sp=0x00007f941db77780,  free space=1021k
Native frames: (J=compiled Java code, j=interpreted, Vv=VM code, C=native code)
V  [libjvm.so+0x992c8a]  VMError::report_and_die()+0x2ea
V  [libjvm.so+0x493559]  report_fatal(char const*, int, char const*)+0x59
V  [libjvm.so+0x5fdd00]  compute_offset(int&, klassOopDesc*, Symbol*, Symbol*, bool)+0x140
V  [libjvm.so+0x5fe819]  java_lang_String::compute_offsets()+0x39
V  [libjvm.so+0x918f55]  SystemDictionary::initialize_preloaded_classes(Thread*)+0x1a5
V  [libjvm.so+0x967c94]  Universe::genesis(Thread*)+0x494
V  [libjvm.so+0x968149]  universe2_init()+0x29
V  [libjvm.so+0x5a969d]  init_globals()+0xbd
V  [libjvm.so+0x94ed1d]  Threads::create_vm(JavaVMInitArgs*, bool*)+0x1ed
V  [libjvm.so+0x630804]  JNI_CreateJavaVM+0x74
C  [libjli.so+0x2f8e]  JavaMain+0x9e


---------------  P R O C E S S  ---------------

Java Threads: ( => current thread )

Other Threads:

=>0x00007f941400a000 (exited) JavaThread "Unknown thread" [_thread_in_vm, id=10047, stack(0x00007f941da78000,0x00007f941db79000)]

VM state:not at safepoint (not fully initialized)

VM Mutex/Monitor currently owned by a thread: None

GC Heap History (0 events):
No events

Deoptimization events (0 events):
No events

Internal exceptions (0 events):
No events

Events (10 events):
Event: 0.270 loading class 0x00007f94183b46f0 done
Event: 0.271 loading class 0x00007f94183b4110 done
Event: 0.271 loading class 0x00007f94183b40f0
Event: 0.272 loading class 0x00007f94183bc1f0
Event: 0.272 loading class 0x00007f94183bc1f0 done
Event: 0.272 loading class 0x00007f94183bc220
Event: 0.272 loading class 0x00007f94183bc220 done
Event: 0.272 loading class 0x00007f94183bc250
Event: 0.272 loading class 0x00007f94183bc250 done
Event: 0.273 loading class 0x00007f94183b40f0 done


Dynamic libraries:
00400000-00401000 r-xp 00000000 08:08 4085595                            /home/felipe/jre1.7.0_45/bin/java
00600000-00601000 rw-p 00000000 08:08 4085595                            /home/felipe/jre1.7.0_45/bin/java
015d1000-015f2000 rw-p 00000000 00:00 0                                  [heap]
c0400000-c1900000 rw-p 00000000 00:00 0 
c1900000-c5600000 rw-p 00000000 00:00 0 
c5600000-c7d00000 rw-p 00000000 00:00 0 
c7d00000-ec700000 rw-p 00000000 00:00 0 
ec700000-eda80000 rw-p 00000000 00:00 0 
eda80000-100000000 rw-p 00000000 00:00 0 
7f93f4000000-7f93f4021000 rw-p 00000000 00:00 0 
7f93f4021000-7f93f8000000 ---p 00000000 00:00 0 
7f93fc000000-7f93fc021000 rw-p 00000000 00:00 0 
7f93fc021000-7f9400000000 ---p 00000000 00:00 0 
7f9404000000-7f9404021000 rw-p 00000000 00:00 0 
7f9404021000-7f9408000000 ---p 00000000 00:00 0 
7f940c000000-7f940c021000 rw-p 00000000 00:00 0 
7f940c021000-7f9410000000 ---p 00000000 00:00 0 
7f9411000000-7f9411270000 rwxp 00000000 00:00 0 
7f9411270000-7f9414056000 rw-p 00000000 00:00 0 
7f9414056000-7f9418000000 ---p 00000000 00:00 0 
7f941800a000-7f9418274000 rw-p 00000000 00:00 0 
7f9418274000-7f941833e000 r--s 011ad000 08:08 6697148                    /home/felipe/adt-bundle-linux-x86_64-20130729/sdk/platforms/android-18/android.jar
7f941833e000-7f941a615000 rw-p 00000000 00:00 0 
7f941a615000-7f941a616000 ---p 00000000 00:00 0 
7f941a616000-7f941a716000 rw-p 00000000 00:00 0                          [stack:10051]
7f941a716000-7f941a717000 ---p 00000000 00:00 0 
7f941a717000-7f941a817000 rw-p 00000000 00:00 0                          [stack:10050]
7f941a817000-7f941a818000 ---p 00000000 00:00 0 
7f941a818000-7f941a918000 rw-p 00000000 00:00 0                          [stack:10049]
7f941a918000-7f941a919000 ---p 00000000 00:00 0 
7f941a919000-7f941aa24000 rw-p 00000000 00:00 0                          [stack:10048]
7f941aa24000-7f941aa42000 rw-p 00000000 00:00 0 
7f941aa42000-7f941aa56000 rw-p 00000000 00:00 0 
7f941aa56000-7f941ab7b000 rw-p 00000000 00:00 0 
7f941ab7b000-7f941ab86000 rw-p 00000000 00:00 0 
7f941ab86000-7f941aba4000 rw-p 00000000 00:00 0 
7f941aba4000-7f941abb8000 rw-p 00000000 00:00 0 
7f941abb8000-7f941acdc000 rw-p 00000000 00:00 0 
7f941acdc000-7f941ace7000 rw-p 00000000 00:00 0 
7f941ace7000-7f941ad79000 rw-p 00000000 00:00 0 
7f941ad79000-7f941ad7a000 rw-p 00000000 00:00 0 
7f941ad7a000-7f941ad94000 r-xp 00000000 08:08 4085555                    /home/felipe/jre1.7.0_45/lib/amd64/libzip.so
7f941ad94000-7f941af94000 ---p 0001a000 08:08 4085555                    /home/felipe/jre1.7.0_45/lib/amd64/libzip.so
7f941af94000-7f941af95000 rw-p 0001a000 08:08 4085555                    /home/felipe/jre1.7.0_45/lib/amd64/libzip.so
7f941af95000-7f941afa1000 r-xp 00000000 08:06 935688                     /lib/x86_64-linux-gnu/libnss_files-2.17.so
7f941afa1000-7f941b1a0000 ---p 0000c000 08:06 935688                     /lib/x86_64-linux-gnu/libnss_files-2.17.so
7f941b1a0000-7f941b1a1000 r--p 0000b000 08:06 935688                     /lib/x86_64-linux-gnu/libnss_files-2.17.so
7f941b1a1000-7f941b1a2000 rw-p 0000c000 08:06 935688                     /lib/x86_64-linux-gnu/libnss_files-2.17.so
7f941b1a2000-7f941b1ad000 r-xp 00000000 08:06 935702                     /lib/x86_64-linux-gnu/libnss_nis-2.17.so
7f941b1ad000-7f941b3ac000 ---p 0000b000 08:06 935702                     /lib/x86_64-linux-gnu/libnss_nis-2.17.so
7f941b3ac000-7f941b3ad000 r--p 0000a000 08:06 935702                     /lib/x86_64-linux-gnu/libnss_nis-2.17.so
7f941b3ad000-7f941b3ae000 rw-p 0000b000 08:06 935702                     /lib/x86_64-linux-gnu/libnss_nis-2.17.so
7f941b3ae000-7f941b3c5000 r-xp 00000000 08:06 935673                     /lib/x86_64-linux-gnu/libnsl-2.17.so
7f941b3c5000-7f941b5c4000 ---p 00017000 08:06 935673                     /lib/x86_64-linux-gnu/libnsl-2.17.so
7f941b5c4000-7f941b5c5000 r--p 00016000 08:06 935673                     /lib/x86_64-linux-gnu/libnsl-2.17.so
7f941b5c5000-7f941b5c6000 rw-p 00017000 08:06 935673                     /lib/x86_64-linux-gnu/libnsl-2.17.so
7f941b5c6000-7f941b5c8000 rw-p 00000000 00:00 0 
7f941b5c8000-7f941b5d0000 r-xp 00000000 08:06 935704                     /lib/x86_64-linux-gnu/libnss_compat-2.17.so
7f941b5d0000-7f941b7cf000 ---p 00008000 08:06 935704                     /lib/x86_64-linux-gnu/libnss_compat-2.17.so
7f941b7cf000-7f941b7d0000 r--p 00007000 08:06 935704                     /lib/x86_64-linux-gnu/libnss_compat-2.17.so
7f941b7d0000-7f941b7d1000 rw-p 00008000 08:06 935704                     /lib/x86_64-linux-gnu/libnss_compat-2.17.so
7f941b7d1000-7f941b7fa000 r-xp 00000000 08:08 4085546                    /home/felipe/jre1.7.0_45/lib/amd64/libjava.so
7f941b7fa000-7f941b9fa000 ---p 00029000 08:08 4085546                    /home/felipe/jre1.7.0_45/lib/amd64/libjava.so
7f941b9fa000-7f941b9fc000 rw-p 00029000 08:08 4085546                    /home/felipe/jre1.7.0_45/lib/amd64/libjava.so
7f941b9fc000-7f941ba09000 r-xp 00000000 08:08 4085536                    /home/felipe/jre1.7.0_45/lib/amd64/libverify.so
7f941ba09000-7f941bc08000 ---p 0000d000 08:08 4085536                    /home/felipe/jre1.7.0_45/lib/amd64/libverify.so
7f941bc08000-7f941bc0a000 rw-p 0000c000 08:08 4085536                    /home/felipe/jre1.7.0_45/lib/amd64/libverify.so
7f941bc0a000-7f941bc11000 r-xp 00000000 08:06 935698                     /lib/x86_64-linux-gnu/librt-2.17.so
7f941bc11000-7f941be10000 ---p 00007000 08:06 935698                     /lib/x86_64-linux-gnu/librt-2.17.so
7f941be10000-7f941be11000 r--p 00006000 08:06 935698                     /lib/x86_64-linux-gnu/librt-2.17.so
7f941be11000-7f941be12000 rw-p 00007000 08:06 935698                     /lib/x86_64-linux-gnu/librt-2.17.so
7f941be12000-7f941bf15000 r-xp 00000000 08:06 935703                     /lib/x86_64-linux-gnu/libm-2.17.so
7f941bf15000-7f941c115000 ---p 00103000 08:06 935703                     /lib/x86_64-linux-gnu/libm-2.17.so
7f941c115000-7f941c116000 r--p 00103000 08:06 935703                     /lib/x86_64-linux-gnu/libm-2.17.so
7f941c116000-7f941c117000 rw-p 00104000 08:06 935703                     /lib/x86_64-linux-gnu/libm-2.17.so
7f941c117000-7f941cc79000 r-xp 00000000 08:08 4085553                    /home/felipe/jre1.7.0_45/lib/amd64/server/libjvm.so
7f941cc79000-7f941ce79000 ---p 00b62000 08:08 4085553                    /home/felipe/jre1.7.0_45/lib/amd64/server/libjvm.so
7f941ce79000-7f941cf3c000 rw-p 00b62000 08:08 4085553                    /home/felipe/jre1.7.0_45/lib/amd64/server/libjvm.so
7f941cf3c000-7f941cf7d000 rw-p 00000000 00:00 0 
7f941cf7d000-7f941d13c000 r-xp 00000000 08:06 935706                     /lib/x86_64-linux-gnu/libc-2.17.so
7f941d13c000-7f941d33b000 ---p 001bf000 08:06 935706                     /lib/x86_64-linux-gnu/libc-2.17.so
7f941d33b000-7f941d33f000 r--p 001be000 08:06 935706                     /lib/x86_64-linux-gnu/libc-2.17.so
7f941d33f000-7f941d341000 rw-p 001c2000 08:06 935706                     /lib/x86_64-linux-gnu/libc-2.17.so
7f941d341000-7f941d346000 rw-p 00000000 00:00 0 
7f941d346000-7f941d349000 r-xp 00000000 08:06 935684                     /lib/x86_64-linux-gnu/libdl-2.17.so
7f941d349000-7f941d548000 ---p 00003000 08:06 935684                     /lib/x86_64-linux-gnu/libdl-2.17.so
7f941d548000-7f941d549000 r--p 00002000 08:06 935684                     /lib/x86_64-linux-gnu/libdl-2.17.so
7f941d549000-7f941d54a000 rw-p 00003000 08:06 935684                     /lib/x86_64-linux-gnu/libdl-2.17.so
7f941d54a000-7f941d560000 r-xp 00000000 08:08 4085574                    /home/felipe/jre1.7.0_45/lib/amd64/jli/libjli.so
7f941d560000-7f941d760000 ---p 00016000 08:08 4085574                    /home/felipe/jre1.7.0_45/lib/amd64/jli/libjli.so
7f941d760000-7f941d761000 rw-p 00016000 08:08 4085574                    /home/felipe/jre1.7.0_45/lib/amd64/jli/libjli.so
7f941d761000-7f941d779000 r-xp 00000000 08:06 935676                     /lib/x86_64-linux-gnu/libpthread-2.17.so
7f941d779000-7f941d978000 ---p 00018000 08:06 935676                     /lib/x86_64-linux-gnu/libpthread-2.17.so
7f941d978000-7f941d979000 r--p 00017000 08:06 935676                     /lib/x86_64-linux-gnu/libpthread-2.17.so
7f941d979000-7f941d97a000 rw-p 00018000 08:06 935676                     /lib/x86_64-linux-gnu/libpthread-2.17.so
7f941d97a000-7f941d97e000 rw-p 00000000 00:00 0 
7f941d97e000-7f941d9a1000 r-xp 00000000 08:06 935651                     /lib/x86_64-linux-gnu/ld-2.17.so
7f941d9b8000-7f941d9c2000 rw-p 00000000 00:00 0 
7f941d9c2000-7f941da78000 rw-p 00000000 00:00 0 
7f941da78000-7f941da7b000 ---p 00000000 00:00 0 
7f941da7b000-7f941db7d000 rw-p 00000000 00:00 0                          [stack:10047]
7f941db7e000-7f941db94000 rw-p 00000000 00:00 0 
7f941db94000-7f941db9c000 rw-s 00000000 08:06 541949                     /tmp/hsperfdata_root/10040
7f941db9c000-7f941db9d000 rw-p 00000000 00:00 0 
7f941db9d000-7f941db9e000 r--p 00000000 00:00 0 
7f941db9e000-7f941dba0000 rw-p 00000000 00:00 0 
7f941dba0000-7f941dba1000 r--p 00022000 08:06 935651                     /lib/x86_64-linux-gnu/ld-2.17.so
7f941dba1000-7f941dba3000 rw-p 00023000 08:06 935651                     /lib/x86_64-linux-gnu/ld-2.17.so
7fff3b513000-7fff3b534000 rw-p 00000000 00:00 0                          [stack]
7fff3b5fe000-7fff3b600000 r-xp 00000000 00:00 0                          [vdso]
ffffffffff600000-ffffffffff601000 r-xp 00000000 00:00 0                  [vsyscall]

VM Arguments:
jvm_args: -Dfile.encoding=UTF-8 -Xbootclasspath/p:/home/felipe/adt-bundle-linux-x86_64-20130729/sdk/platforms/android-18/android.jar 
java_command: org.eclipse.jdt.internal.junit.runner.RemoteTestRunner -version 3 -port 42050 -testLoaderClass org.eclipse.jdt.internal.junit4.runner.JUnit4TestLoader -loaderpluginname org.eclipse.jdt.junit4.runtime -classNames Teste
Launcher Type: SUN_STANDARD

Environment Variables:
PATH=/usr/local/heroku/bin:/usr/local/sbin:/usr/local/bin:/usr/sbin:/usr/bin:/sbin:/bin:/usr/games:/usr/local/games
USERNAME=root
SHELL=/bin/bash
DISPLAY=:0

Signal Handlers:
SIGSEGV: [libjvm.so+0x9935b0], sa_mask[0]=0x7ffbfeff, sa_flags=0x10000004
SIGBUS: [libjvm.so+0x9935b0], sa_mask[0]=0x7ffbfeff, sa_flags=0x10000004
SIGFPE: [libjvm.so+0x810330], sa_mask[0]=0x7ffbfeff, sa_flags=0x10000004
SIGPIPE: [libjvm.so+0x810330], sa_mask[0]=0x7ffbfeff, sa_flags=0x10000004
SIGXFSZ: [libjvm.so+0x810330], sa_mask[0]=0x7ffbfeff, sa_flags=0x10000004
SIGILL: [libjvm.so+0x810330], sa_mask[0]=0x7ffbfeff, sa_flags=0x10000004
SIGUSR1: SIG_DFL, sa_mask[0]=0x00000000, sa_flags=0x00000000
SIGUSR2: [libjvm.so+0x811820], sa_mask[0]=0x00000004, sa_flags=0x10000004
SIGHUP: SIG_DFL, sa_mask[0]=0x00000000, sa_flags=0x00000000
SIGINT: SIG_DFL, sa_mask[0]=0x00000000, sa_flags=0x00000000
SIGTERM: SIG_DFL, sa_mask[0]=0x00000000, sa_flags=0x00000000
SIGQUIT: SIG_DFL, sa_mask[0]=0x00000000, sa_flags=0x00000000


---------------  S Y S T E M  ---------------

OS:wheezy/sid

uname:Linux 3.8.0-33-generic #48-Ubuntu SMP Wed Oct 23 09:16:58 UTC 2013 x86_64
libc:glibc 2.17 NPTL 2.17 
rlimit: STACK 8192k, CORE 0k, NPROC 29807, NOFILE 4096, AS infinity
load average:0.81 0.50 0.45

/proc/meminfo:
MemTotal:        3834528 kB
MemFree:          445292 kB
Buffers:           10032 kB
Cached:           460048 kB
SwapCached:        72692 kB
Active:          2229212 kB
Inactive:         933272 kB
Active(anon):    2100664 kB
Inactive(anon):   842352 kB
Active(file):     128548 kB
Inactive(file):    90920 kB
Unevictable:          80 kB
Mlocked:              80 kB
SwapTotal:       1951740 kB
SwapFree:         394568 kB
Dirty:               584 kB
Writeback:             0 kB
AnonPages:       2645144 kB
Mapped:           143688 kB
Shmem:            250512 kB
Slab:              98444 kB
SReclaimable:      57248 kB
SUnreclaim:        41196 kB
KernelStack:        6064 kB
PageTables:        66796 kB
NFS_Unstable:          0 kB
Bounce:                0 kB
WritebackTmp:          0 kB
CommitLimit:     3869004 kB
Committed_AS:   10435956 kB
VmallocTotal:   34359738367 kB
VmallocUsed:      544324 kB
VmallocChunk:   34359190492 kB
HardwareCorrupted:     0 kB
AnonHugePages:         0 kB
HugePages_Total:       0
HugePages_Free:        0
HugePages_Rsvd:        0
HugePages_Surp:        0
Hugepagesize:       2048 kB
DirectMap4k:       68372 kB
DirectMap2M:     3909632 kB


CPU:total 4 (2 cores per cpu, 2 threads per core) family 6 model 37 stepping 5, cmov, cx8, fxsr, mmx, sse, sse2, sse3, ssse3, sse4.1, sse4.2, popcnt, ht, tsc, tscinvbit

/proc/cpuinfo:
processor	: 0
vendor_id	: GenuineIntel
cpu family	: 6
model		: 37
model name	: Intel(R) Core(TM) i3 CPU       M 380  @ 2.53GHz
stepping	: 5
microcode	: 0x2
cpu MHz		: 933.000
cache size	: 3072 KB
physical id	: 0
siblings	: 4
core id		: 0
cpu cores	: 2
apicid		: 0
initial apicid	: 0
fpu		: yes
fpu_exception	: yes
cpuid level	: 11
wp		: yes
flags		: fpu vme de pse tsc msr pae mce cx8 apic sep mtrr pge mca cmov pat pse36 clflush dts acpi mmx fxsr sse sse2 ss ht tm pbe syscall nx rdtscp lm constant_tsc arch_perfmon pebs bts rep_good nopl xtopology nonstop_tsc aperfmperf pni dtes64 monitor ds_cpl vmx est tm2 ssse3 cx16 xtpr pdcm pcid sse4_1 sse4_2 popcnt lahf_lm arat dtherm tpr_shadow vnmi flexpriority ept vpid
bogomips	: 5054.12
clflush size	: 64
cache_alignment	: 64
address sizes	: 36 bits physical, 48 bits virtual
power management:

processor	: 1
vendor_id	: GenuineIntel
cpu family	: 6
model		: 37
model name	: Intel(R) Core(TM) i3 CPU       M 380  @ 2.53GHz
stepping	: 5
microcode	: 0x2
cpu MHz		: 933.000
cache size	: 3072 KB
physical id	: 0
siblings	: 4
core id		: 2
cpu cores	: 2
apicid		: 4
initial apicid	: 4
fpu		: yes
fpu_exception	: yes
cpuid level	: 11
wp		: yes
flags		: fpu vme de pse tsc msr pae mce cx8 apic sep mtrr pge mca cmov pat pse36 clflush dts acpi mmx fxsr sse sse2 ss ht tm pbe syscall nx rdtscp lm constant_tsc arch_perfmon pebs bts rep_good nopl xtopology nonstop_tsc aperfmperf pni dtes64 monitor ds_cpl vmx est tm2 ssse3 cx16 xtpr pdcm pcid sse4_1 sse4_2 popcnt lahf_lm arat dtherm tpr_shadow vnmi flexpriority ept vpid
bogomips	: 5054.12
clflush size	: 64
cache_alignment	: 64
address sizes	: 36 bits physical, 48 bits virtual
power management:

processor	: 2
vendor_id	: GenuineIntel
cpu family	: 6
model		: 37
model name	: Intel(R) Core(TM) i3 CPU       M 380  @ 2.53GHz
stepping	: 5
microcode	: 0x2
cpu MHz		: 933.000
cache size	: 3072 KB
physical id	: 0
siblings	: 4
core id		: 0
cpu cores	: 2
apicid		: 1
initial apicid	: 1
fpu		: yes
fpu_exception	: yes
cpuid level	: 11
wp		: yes
flags		: fpu vme de pse tsc msr pae mce cx8 apic sep mtrr pge mca cmov pat pse36 clflush dts acpi mmx fxsr sse sse2 ss ht tm pbe syscall nx rdtscp lm constant_tsc arch_perfmon pebs bts rep_good nopl xtopology nonstop_tsc aperfmperf pni dtes64 monitor ds_cpl vmx est tm2 ssse3 cx16 xtpr pdcm pcid sse4_1 sse4_2 popcnt lahf_lm arat dtherm tpr_shadow vnmi flexpriority ept vpid
bogomips	: 5054.12
clflush size	: 64
cache_alignment	: 64
address sizes	: 36 bits physical, 48 bits virtual
power management:

processor	: 3
vendor_id	: GenuineIntel
cpu family	: 6
model		: 37
model name	: Intel(R) Core(TM) i3 CPU       M 380  @ 2.53GHz
stepping	: 5
microcode	: 0x2
cpu MHz		: 933.000
cache size	: 3072 KB
physical id	: 0
siblings	: 4
core id		: 2
cpu cores	: 2
apicid		: 5
initial apicid	: 5
fpu		: yes
fpu_exception	: yes
cpuid level	: 11
wp		: yes
flags		: fpu vme de pse tsc msr pae mce cx8 apic sep mtrr pge mca cmov pat pse36 clflush dts acpi mmx fxsr sse sse2 ss ht tm pbe syscall nx rdtscp lm constant_tsc arch_perfmon pebs bts rep_good nopl xtopology nonstop_tsc aperfmperf pni dtes64 monitor ds_cpl vmx est tm2 ssse3 cx16 xtpr pdcm pcid sse4_1 sse4_2 popcnt lahf_lm arat dtherm tpr_shadow vnmi flexpriority ept vpid
bogomips	: 5054.12
clflush size	: 64
cache_alignment	: 64
address sizes	: 36 bits physical, 48 bits virtual
power management:



Memory: 4k page, physical 3834528k(445292k free), swap 1951740k(394568k free)

vm_info: Java HotSpot(TM) 64-Bit Server VM (24.45-b08) for linux-amd64 JRE (1.7.0_45-b18), built on Oct  8 2013 05:44:25 by "java_re" with gcc 4.3.0 20080428 (Red Hat 4.3.0-8)

time: Sat Nov 23 03:20:53 2013
elapsed time: 0 seconds

