#
# A fatal error has been detected by the Java Runtime Environment:
#
#  Internal Error (javaClasses.cpp:129), pid=6642, tid=140320438617856
#  fatal error: Invalid layout of preloaded class
#
# JRE version: 7.0_25-b30
# Java VM: OpenJDK 64-Bit Server VM (23.7-b01 mixed mode linux-amd64 compressed oops)
# Failed to write core dump. Core dumps have been disabled. To enable core dumping, try "ulimit -c unlimited" before starting Java again
#
# If you would like to submit a bug report, please include
# instructions on how to reproduce the bug and visit:
#   https://bugs.launchpad.net/ubuntu/+source/openjdk-7/
#

---------------  T H R E A D  ---------------

Current thread (0x00007f9edc009800):  JavaThread "Unknown thread" [_thread_in_vm, id=6644, stack(0x00007f9ee5d60000,0x00007f9ee5e61000)]

Stack: [0x00007f9ee5d60000,0x00007f9ee5e61000],  sp=0x00007f9ee5e5f9a0,  free space=1022k
Native frames: (J=compiled Java code, j=interpreted, Vv=VM code, C=native code)
V  [libjvm.so+0x84e92b]  VMError::report_and_die()+0x16b
V  [libjvm.so+0x3ebd57]  report_fatal(char const*, int, char const*)+0x57
V  [libjvm.so+0x528efa]  compute_offset(int&, klassOopDesc*, Symbol*, Symbol*, bool) [clone .constprop.123]+0x11a
V  [libjvm.so+0x529166]  java_lang_String::compute_offsets()+0x36
V  [libjvm.so+0x7dcf8d]  SystemDictionary::initialize_preloaded_classes(Thread*)+0x3d
V  [libjvm.so+0x829288]  Universe::genesis(Thread*)+0x468
V  [libjvm.so+0x82973f]  universe2_init()+0x1f
V  [libjvm.so+0x4dde1a]  init_globals()+0x9a
V  [libjvm.so+0x80d26c]  Threads::create_vm(JavaVMInitArgs*, bool*)+0x39c
V  [libjvm.so+0x545278]  JNI_CreateJavaVM+0x58
C  [libjli.so+0x2b34]  __strcat_chk+0x2b34


---------------  P R O C E S S  ---------------

Java Threads: ( => current thread )

Other Threads:

=>0x00007f9edc009800 (exited) JavaThread "Unknown thread" [_thread_in_vm, id=6644, stack(0x00007f9ee5d60000,0x00007f9ee5e61000)]

VM state:not at safepoint (not fully initialized)

VM Mutex/Monitor currently owned by a thread: None

GC Heap History (0 events):
No events

Deoptimization events (0 events):
No events

Internal exceptions (0 events):
No events

Events (10 events):
Event: 0.007 loading class 0x00007f9edc02b720 done
Event: 0.007 loading class 0x00007f9edc02afc0 done
Event: 0.007 loading class 0x00007f9edc02af90
Event: 0.007 loading class 0x00007f9edc056320
Event: 0.007 loading class 0x00007f9edc056320 done
Event: 0.007 loading class 0x00007f9edc056360
Event: 0.007 loading class 0x00007f9edc056360 done
Event: 0.007 loading class 0x00007f9edc0563a0
Event: 0.007 loading class 0x00007f9edc0563a0 done
Event: 0.007 loading class 0x00007f9edc02af90 done


Dynamic libraries:
00400000-00401000 r-xp 00000000 08:06 2103703                            /usr/lib/jvm/java-7-openjdk-amd64/jre/bin/java
00600000-00601000 r--p 00000000 08:06 2103703                            /usr/lib/jvm/java-7-openjdk-amd64/jre/bin/java
00601000-00602000 rw-p 00001000 08:06 2103703                            /usr/lib/jvm/java-7-openjdk-amd64/jre/bin/java
0169b000-016bc000 rw-p 00000000 00:00 0                                  [heap]
bb000000-bc4c0000 rw-p 00000000 00:00 0 
bc4c0000-c5600000 rw-p 00000000 00:00 0 
c5600000-c7d10000 rw-p 00000000 00:00 0 
c7d10000-ec760000 rw-p 00000000 00:00 0 
ec760000-edae0000 rw-p 00000000 00:00 0 
edae0000-100000000 rw-p 00000000 00:00 0 
7f9ebc000000-7f9ebc021000 rw-p 00000000 00:00 0 
7f9ebc021000-7f9ec0000000 ---p 00000000 00:00 0 
7f9ec4000000-7f9ec4021000 rw-p 00000000 00:00 0 
7f9ec4021000-7f9ec8000000 ---p 00000000 00:00 0 
7f9ecc000000-7f9ecc021000 rw-p 00000000 00:00 0 
7f9ecc021000-7f9ed0000000 ---p 00000000 00:00 0 
7f9ed4000000-7f9ed4021000 rw-p 00000000 00:00 0 
7f9ed4021000-7f9ed8000000 ---p 00000000 00:00 0 
7f9ed848a000-7f9ed8696000 rw-p 00000000 00:00 0 
7f9ed8696000-7f9ed8760000 r--s 011ad000 08:08 6697148                    /home/felipe/adt-bundle-linux-x86_64-20130729/sdk/platforms/android-18/android.jar
7f9ed8760000-7f9ed9000000 rw-p 00000000 00:00 0 
7f9ed9000000-7f9ed9270000 rwxp 00000000 00:00 0 
7f9ed9270000-7f9edc061000 rw-p 00000000 00:00 0 
7f9edc061000-7f9ee0000000 ---p 00000000 00:00 0 
7f9ee005b000-7f9ee233a000 rw-p 00000000 00:00 0 
7f9ee233a000-7f9ee233b000 ---p 00000000 00:00 0 
7f9ee233b000-7f9ee243b000 rw-p 00000000 00:00 0                          [stack:6650]
7f9ee243b000-7f9ee243c000 ---p 00000000 00:00 0 
7f9ee243c000-7f9ee253c000 rw-p 00000000 00:00 0                          [stack:6649]
7f9ee253c000-7f9ee253d000 ---p 00000000 00:00 0 
7f9ee253d000-7f9ee263d000 rw-p 00000000 00:00 0                          [stack:6648]
7f9ee263d000-7f9ee263e000 ---p 00000000 00:00 0 
7f9ee263e000-7f9ee2749000 rw-p 00000000 00:00 0                          [stack:6647]
7f9ee2749000-7f9ee2791000 rw-p 00000000 00:00 0 
7f9ee2791000-7f9ee27a5000 rw-p 00000000 00:00 0 
7f9ee27a5000-7f9ee28ca000 rw-p 00000000 00:00 0 
7f9ee28ca000-7f9ee28d5000 rw-p 00000000 00:00 0 
7f9ee28d5000-7f9ee291d000 rw-p 00000000 00:00 0 
7f9ee291d000-7f9ee2931000 rw-p 00000000 00:00 0 
7f9ee2931000-7f9ee2a55000 rw-p 00000000 00:00 0 
7f9ee2a55000-7f9ee2a60000 rw-p 00000000 00:00 0 
7f9ee2a60000-7f9ee2af2000 rw-p 00000000 00:00 0 
7f9ee2af2000-7f9ee2af3000 rw-p 00000000 00:00 0 
7f9ee2af3000-7f9ee2afb000 r-xp 00000000 08:06 2103700                    /usr/lib/jvm/java-7-openjdk-amd64/jre/lib/amd64/libzip.so
7f9ee2afb000-7f9ee2cfa000 ---p 00008000 08:06 2103700                    /usr/lib/jvm/java-7-openjdk-amd64/jre/lib/amd64/libzip.so
7f9ee2cfa000-7f9ee2cfb000 r--p 00007000 08:06 2103700                    /usr/lib/jvm/java-7-openjdk-amd64/jre/lib/amd64/libzip.so
7f9ee2cfb000-7f9ee2cfc000 rw-p 00008000 08:06 2103700                    /usr/lib/jvm/java-7-openjdk-amd64/jre/lib/amd64/libzip.so
7f9ee2cfc000-7f9ee2d08000 r-xp 00000000 08:06 935688                     /lib/x86_64-linux-gnu/libnss_files-2.17.so
7f9ee2d08000-7f9ee2f07000 ---p 0000c000 08:06 935688                     /lib/x86_64-linux-gnu/libnss_files-2.17.so
7f9ee2f07000-7f9ee2f08000 r--p 0000b000 08:06 935688                     /lib/x86_64-linux-gnu/libnss_files-2.17.so
7f9ee2f08000-7f9ee2f09000 rw-p 0000c000 08:06 935688                     /lib/x86_64-linux-gnu/libnss_files-2.17.so
7f9ee2f09000-7f9ee2f14000 r-xp 00000000 08:06 935702                     /lib/x86_64-linux-gnu/libnss_nis-2.17.so
7f9ee2f14000-7f9ee3113000 ---p 0000b000 08:06 935702                     /lib/x86_64-linux-gnu/libnss_nis-2.17.so
7f9ee3113000-7f9ee3114000 r--p 0000a000 08:06 935702                     /lib/x86_64-linux-gnu/libnss_nis-2.17.so
7f9ee3114000-7f9ee3115000 rw-p 0000b000 08:06 935702                     /lib/x86_64-linux-gnu/libnss_nis-2.17.so
7f9ee3115000-7f9ee312c000 r-xp 00000000 08:06 935673                     /lib/x86_64-linux-gnu/libnsl-2.17.so
7f9ee312c000-7f9ee332b000 ---p 00017000 08:06 935673                     /lib/x86_64-linux-gnu/libnsl-2.17.so
7f9ee332b000-7f9ee332c000 r--p 00016000 08:06 935673                     /lib/x86_64-linux-gnu/libnsl-2.17.so
7f9ee332c000-7f9ee332d000 rw-p 00017000 08:06 935673                     /lib/x86_64-linux-gnu/libnsl-2.17.so
7f9ee332d000-7f9ee332f000 rw-p 00000000 00:00 0 
7f9ee332f000-7f9ee3337000 r-xp 00000000 08:06 935704                     /lib/x86_64-linux-gnu/libnss_compat-2.17.so
7f9ee3337000-7f9ee3536000 ---p 00008000 08:06 935704                     /lib/x86_64-linux-gnu/libnss_compat-2.17.so
7f9ee3536000-7f9ee3537000 r--p 00007000 08:06 935704                     /lib/x86_64-linux-gnu/libnss_compat-2.17.so
7f9ee3537000-7f9ee3538000 rw-p 00008000 08:06 935704                     /lib/x86_64-linux-gnu/libnss_compat-2.17.so
7f9ee3538000-7f9ee3563000 r-xp 00000000 08:06 2103683                    /usr/lib/jvm/java-7-openjdk-amd64/jre/lib/amd64/libjava.so
7f9ee3563000-7f9ee3762000 ---p 0002b000 08:06 2103683                    /usr/lib/jvm/java-7-openjdk-amd64/jre/lib/amd64/libjava.so
7f9ee3762000-7f9ee3763000 r--p 0002a000 08:06 2103683                    /usr/lib/jvm/java-7-openjdk-amd64/jre/lib/amd64/libjava.so
7f9ee3763000-7f9ee3765000 rw-p 0002b000 08:06 2103683                    /usr/lib/jvm/java-7-openjdk-amd64/jre/lib/amd64/libjava.so
7f9ee3765000-7f9ee3774000 r-xp 00000000 08:06 2103682                    /usr/lib/jvm/java-7-openjdk-amd64/jre/lib/amd64/libverify.so
7f9ee3774000-7f9ee3973000 ---p 0000f000 08:06 2103682                    /usr/lib/jvm/java-7-openjdk-amd64/jre/lib/amd64/libverify.so
7f9ee3973000-7f9ee3975000 r--p 0000e000 08:06 2103682                    /usr/lib/jvm/java-7-openjdk-amd64/jre/lib/amd64/libverify.so
7f9ee3975000-7f9ee3976000 rw-p 00010000 08:06 2103682                    /usr/lib/jvm/java-7-openjdk-amd64/jre/lib/amd64/libverify.so
7f9ee3976000-7f9ee397d000 r-xp 00000000 08:06 935698                     /lib/x86_64-linux-gnu/librt-2.17.so
7f9ee397d000-7f9ee3b7c000 ---p 00007000 08:06 935698                     /lib/x86_64-linux-gnu/librt-2.17.so
7f9ee3b7c000-7f9ee3b7d000 r--p 00006000 08:06 935698                     /lib/x86_64-linux-gnu/librt-2.17.so
7f9ee3b7d000-7f9ee3b7e000 rw-p 00007000 08:06 935698                     /lib/x86_64-linux-gnu/librt-2.17.so
7f9ee3b7e000-7f9ee3b92000 r-xp 00000000 08:06 921406                     /lib/x86_64-linux-gnu/libgcc_s.so.1
7f9ee3b92000-7f9ee3d92000 ---p 00014000 08:06 921406                     /lib/x86_64-linux-gnu/libgcc_s.so.1
7f9ee3d92000-7f9ee3d93000 r--p 00014000 08:06 921406                     /lib/x86_64-linux-gnu/libgcc_s.so.1
7f9ee3d93000-7f9ee3d94000 rw-p 00015000 08:06 921406                     /lib/x86_64-linux-gnu/libgcc_s.so.1
7f9ee3d94000-7f9ee3e97000 r-xp 00000000 08:06 935703                     /lib/x86_64-linux-gnu/libm-2.17.so
7f9ee3e97000-7f9ee4097000 ---p 00103000 08:06 935703                     /lib/x86_64-linux-gnu/libm-2.17.so
7f9ee4097000-7f9ee4098000 r--p 00103000 08:06 935703                     /lib/x86_64-linux-gnu/libm-2.17.so
7f9ee4098000-7f9ee4099000 rw-p 00104000 08:06 935703                     /lib/x86_64-linux-gnu/libm-2.17.so
7f9ee4099000-7f9ee417e000 r-xp 00000000 08:06 1974892                    /usr/lib/x86_64-linux-gnu/libstdc++.so.6.0.17
7f9ee417e000-7f9ee437d000 ---p 000e5000 08:06 1974892                    /usr/lib/x86_64-linux-gnu/libstdc++.so.6.0.17
7f9ee437d000-7f9ee4385000 r--p 000e4000 08:06 1974892                    /usr/lib/x86_64-linux-gnu/libstdc++.so.6.0.17
7f9ee4385000-7f9ee4387000 rw-p 000ec000 08:06 1974892                    /usr/lib/x86_64-linux-gnu/libstdc++.so.6.0.17
7f9ee4387000-7f9ee439c000 rw-p 00000000 00:00 0 
7f9ee439c000-7f9ee4d8c000 r-xp 00000000 08:06 2103688                    /usr/lib/jvm/java-7-openjdk-amd64/jre/lib/amd64/server/libjvm.so
7f9ee4d8c000-7f9ee4f8b000 ---p 009f0000 08:06 2103688                    /usr/lib/jvm/java-7-openjdk-amd64/jre/lib/amd64/server/libjvm.so
7f9ee4f8b000-7f9ee500a000 r--p 009ef000 08:06 2103688                    /usr/lib/jvm/java-7-openjdk-amd64/jre/lib/amd64/server/libjvm.so
7f9ee500a000-7f9ee502d000 rw-p 00a6e000 08:06 2103688                    /usr/lib/jvm/java-7-openjdk-amd64/jre/lib/amd64/server/libjvm.so
7f9ee502d000-7f9ee5058000 rw-p 00000000 00:00 0 
7f9ee5058000-7f9ee506e000 r-xp 00000000 08:06 921534                     /lib/x86_64-linux-gnu/libz.so.1.2.7
7f9ee506e000-7f9ee526d000 ---p 00016000 08:06 921534                     /lib/x86_64-linux-gnu/libz.so.1.2.7
7f9ee526d000-7f9ee526e000 r--p 00015000 08:06 921534                     /lib/x86_64-linux-gnu/libz.so.1.2.7
7f9ee526e000-7f9ee526f000 rw-p 00016000 08:06 921534                     /lib/x86_64-linux-gnu/libz.so.1.2.7
7f9ee526f000-7f9ee5287000 r-xp 00000000 08:06 935676                     /lib/x86_64-linux-gnu/libpthread-2.17.so
7f9ee5287000-7f9ee5486000 ---p 00018000 08:06 935676                     /lib/x86_64-linux-gnu/libpthread-2.17.so
7f9ee5486000-7f9ee5487000 r--p 00017000 08:06 935676                     /lib/x86_64-linux-gnu/libpthread-2.17.so
7f9ee5487000-7f9ee5488000 rw-p 00018000 08:06 935676                     /lib/x86_64-linux-gnu/libpthread-2.17.so
7f9ee5488000-7f9ee548c000 rw-p 00000000 00:00 0 
7f9ee548c000-7f9ee548f000 r-xp 00000000 08:06 935684                     /lib/x86_64-linux-gnu/libdl-2.17.so
7f9ee548f000-7f9ee568e000 ---p 00003000 08:06 935684                     /lib/x86_64-linux-gnu/libdl-2.17.so
7f9ee568e000-7f9ee568f000 r--p 00002000 08:06 935684                     /lib/x86_64-linux-gnu/libdl-2.17.so
7f9ee568f000-7f9ee5690000 rw-p 00003000 08:06 935684                     /lib/x86_64-linux-gnu/libdl-2.17.so
7f9ee5690000-7f9ee584f000 r-xp 00000000 08:06 935706                     /lib/x86_64-linux-gnu/libc-2.17.so
7f9ee584f000-7f9ee5a4e000 ---p 001bf000 08:06 935706                     /lib/x86_64-linux-gnu/libc-2.17.so
7f9ee5a4e000-7f9ee5a52000 r--p 001be000 08:06 935706                     /lib/x86_64-linux-gnu/libc-2.17.so
7f9ee5a52000-7f9ee5a54000 rw-p 001c2000 08:06 935706                     /lib/x86_64-linux-gnu/libc-2.17.so
7f9ee5a54000-7f9ee5a59000 rw-p 00000000 00:00 0 
7f9ee5a59000-7f9ee5a66000 r-xp 00000000 08:06 2103664                    /usr/lib/jvm/java-7-openjdk-amd64/jre/lib/amd64/jli/libjli.so
7f9ee5a66000-7f9ee5c65000 ---p 0000d000 08:06 2103664                    /usr/lib/jvm/java-7-openjdk-amd64/jre/lib/amd64/jli/libjli.so
7f9ee5c65000-7f9ee5c66000 r--p 0000c000 08:06 2103664                    /usr/lib/jvm/java-7-openjdk-amd64/jre/lib/amd64/jli/libjli.so
7f9ee5c66000-7f9ee5c67000 rw-p 0000d000 08:06 2103664                    /usr/lib/jvm/java-7-openjdk-amd64/jre/lib/amd64/jli/libjli.so
7f9ee5c67000-7f9ee5c8a000 r-xp 00000000 08:06 935651                     /lib/x86_64-linux-gnu/ld-2.17.so
7f9ee5ca0000-7f9ee5caa000 rw-p 00000000 00:00 0 
7f9ee5caa000-7f9ee5d60000 rw-p 00000000 00:00 0 
7f9ee5d60000-7f9ee5d63000 ---p 00000000 00:00 0 
7f9ee5d63000-7f9ee5e66000 rw-p 00000000 00:00 0                          [stack:6644]
7f9ee5e7b000-7f9ee5e7d000 rw-p 00000000 00:00 0 
7f9ee5e7d000-7f9ee5e85000 rw-s 00000000 08:06 542053                     /tmp/hsperfdata_root/6642
7f9ee5e85000-7f9ee5e86000 rw-p 00000000 00:00 0 
7f9ee5e86000-7f9ee5e87000 r--p 00000000 00:00 0 
7f9ee5e87000-7f9ee5e89000 rw-p 00000000 00:00 0 
7f9ee5e89000-7f9ee5e8a000 r--p 00022000 08:06 935651                     /lib/x86_64-linux-gnu/ld-2.17.so
7f9ee5e8a000-7f9ee5e8c000 rw-p 00023000 08:06 935651                     /lib/x86_64-linux-gnu/ld-2.17.so
7fffcb107000-7fffcb128000 rw-p 00000000 00:00 0                          [stack]
7fffcb1fe000-7fffcb200000 r-xp 00000000 00:00 0                          [vdso]
ffffffffff600000-ffffffffff601000 r-xp 00000000 00:00 0                  [vsyscall]

VM Arguments:
jvm_args: -Dfile.encoding=UTF-8 -Xbootclasspath:/home/felipe/adt-bundle-linux-x86_64-20130729/sdk/platforms/android-18/android.jar 
java_command: org.eclipse.jdt.internal.junit.runner.RemoteTestRunner -version 3 -port 39451 -testLoaderClass org.eclipse.jdt.internal.junit4.runner.JUnit4TestLoader -loaderpluginname org.eclipse.jdt.junit4.runtime -classNames test.Teste
Launcher Type: SUN_STANDARD

Environment Variables:
PATH=/usr/local/heroku/bin:/usr/local/sbin:/usr/local/bin:/usr/sbin:/usr/bin:/sbin:/bin:/usr/games:/usr/local/games
USERNAME=root
SHELL=/bin/bash
DISPLAY=:0

Signal Handlers:
SIGSEGV: [libjvm.so+0x84f410], sa_mask[0]=0x7ffbfeff, sa_flags=0x10000004
SIGBUS: [libjvm.so+0x84f410], sa_mask[0]=0x7ffbfeff, sa_flags=0x10000004
SIGFPE: [libjvm.so+0x6f19a0], sa_mask[0]=0x7ffbfeff, sa_flags=0x10000004
SIGPIPE: [libjvm.so+0x6f19a0], sa_mask[0]=0x7ffbfeff, sa_flags=0x10000004
SIGXFSZ: [libjvm.so+0x6f19a0], sa_mask[0]=0x7ffbfeff, sa_flags=0x10000004
SIGILL: [libjvm.so+0x6f19a0], sa_mask[0]=0x7ffbfeff, sa_flags=0x10000004
SIGUSR1: SIG_DFL, sa_mask[0]=0x00000000, sa_flags=0x00000000
SIGUSR2: [libjvm.so+0x6f1d70], sa_mask[0]=0x00000004, sa_flags=0x10000004
SIGHUP: SIG_DFL, sa_mask[0]=0x00000000, sa_flags=0x00000000
SIGINT: SIG_DFL, sa_mask[0]=0x00000000, sa_flags=0x00000000
SIGTERM: SIG_DFL, sa_mask[0]=0x00000000, sa_flags=0x00000000
SIGQUIT: SIG_DFL, sa_mask[0]=0x00000000, sa_flags=0x00000000


---------------  S Y S T E M  ---------------

OS:Ubuntu 13.04 (raring)
uname:Linux 3.8.0-33-generic #48-Ubuntu SMP Wed Oct 23 09:16:58 UTC 2013 x86_64
libc:glibc 2.17 NPTL 2.17 
rlimit: STACK 8192k, CORE 0k, NPROC 29807, NOFILE 4096, AS infinity
load average:0.97 1.16 1.05

/proc/meminfo:
MemTotal:        3834528 kB
MemFree:          216576 kB
Buffers:           28184 kB
Cached:           955564 kB
SwapCached:        30900 kB
Active:          2343360 kB
Inactive:        1046300 kB
Active(anon):    1965240 kB
Inactive(anon):   739148 kB
Active(file):     378120 kB
Inactive(file):   307152 kB
Unevictable:          64 kB
Mlocked:              64 kB
SwapTotal:       1951740 kB
SwapFree:        1669304 kB
Dirty:                20 kB
Writeback:             0 kB
AnonPages:       2379820 kB
Mapped:           128244 kB
Shmem:            298476 kB
Slab:             109180 kB
SReclaimable:      70680 kB
SUnreclaim:        38500 kB
KernelStack:        5352 kB
PageTables:        58784 kB
NFS_Unstable:          0 kB
Bounce:                0 kB
WritebackTmp:          0 kB
CommitLimit:     3869004 kB
Committed_AS:    8246432 kB
VmallocTotal:   34359738367 kB
VmallocUsed:      544324 kB
VmallocChunk:   34359189980 kB
HardwareCorrupted:     0 kB
AnonHugePages:         0 kB
HugePages_Total:       0
HugePages_Free:        0
HugePages_Rsvd:        0
HugePages_Surp:        0
Hugepagesize:       2048 kB
DirectMap4k:       74516 kB
DirectMap2M:     3903488 kB


CPU:total 4 (2 cores per cpu, 2 threads per core) family 6 model 37 stepping 5, cmov, cx8, fxsr, mmx, sse, sse2, sse3, ssse3, sse4.1, sse4.2, popcnt, ht, tsc, tscinvbit

/proc/cpuinfo:
processor	: 0
vendor_id	: GenuineIntel
cpu family	: 6
model		: 37
model name	: Intel(R) Core(TM) i3 CPU       M 380  @ 2.53GHz
stepping	: 5
microcode	: 0x2
cpu MHz		: 2533.000
cache size	: 3072 KB
physical id	: 0
siblings	: 4
core id		: 0
cpu cores	: 2
apicid		: 0
initial apicid	: 0
fpu		: yes
fpu_exception	: yes
cpuid level	: 11
wp		: yes
flags		: fpu vme de pse tsc msr pae mce cx8 apic sep mtrr pge mca cmov pat pse36 clflush dts acpi mmx fxsr sse sse2 ss ht tm pbe syscall nx rdtscp lm constant_tsc arch_perfmon pebs bts rep_good nopl xtopology nonstop_tsc aperfmperf pni dtes64 monitor ds_cpl vmx est tm2 ssse3 cx16 xtpr pdcm pcid sse4_1 sse4_2 popcnt lahf_lm arat dtherm tpr_shadow vnmi flexpriority ept vpid
bogomips	: 5054.16
clflush size	: 64
cache_alignment	: 64
address sizes	: 36 bits physical, 48 bits virtual
power management:

processor	: 1
vendor_id	: GenuineIntel
cpu family	: 6
model		: 37
model name	: Intel(R) Core(TM) i3 CPU       M 380  @ 2.53GHz
stepping	: 5
microcode	: 0x2
cpu MHz		: 2533.000
cache size	: 3072 KB
physical id	: 0
siblings	: 4
core id		: 2
cpu cores	: 2
apicid		: 4
initial apicid	: 4
fpu		: yes
fpu_exception	: yes
cpuid level	: 11
wp		: yes
flags		: fpu vme de pse tsc msr pae mce cx8 apic sep mtrr pge mca cmov pat pse36 clflush dts acpi mmx fxsr sse sse2 ss ht tm pbe syscall nx rdtscp lm constant_tsc arch_perfmon pebs bts rep_good nopl xtopology nonstop_tsc aperfmperf pni dtes64 monitor ds_cpl vmx est tm2 ssse3 cx16 xtpr pdcm pcid sse4_1 sse4_2 popcnt lahf_lm arat dtherm tpr_shadow vnmi flexpriority ept vpid
bogomips	: 5054.16
clflush size	: 64
cache_alignment	: 64
address sizes	: 36 bits physical, 48 bits virtual
power management:

processor	: 2
vendor_id	: GenuineIntel
cpu family	: 6
model		: 37
model name	: Intel(R) Core(TM) i3 CPU       M 380  @ 2.53GHz
stepping	: 5
microcode	: 0x2
cpu MHz		: 2533.000
cache size	: 3072 KB
physical id	: 0
siblings	: 4
core id		: 0
cpu cores	: 2
apicid		: 1
initial apicid	: 1
fpu		: yes
fpu_exception	: yes
cpuid level	: 11
wp		: yes
flags		: fpu vme de pse tsc msr pae mce cx8 apic sep mtrr pge mca cmov pat pse36 clflush dts acpi mmx fxsr sse sse2 ss ht tm pbe syscall nx rdtscp lm constant_tsc arch_perfmon pebs bts rep_good nopl xtopology nonstop_tsc aperfmperf pni dtes64 monitor ds_cpl vmx est tm2 ssse3 cx16 xtpr pdcm pcid sse4_1 sse4_2 popcnt lahf_lm arat dtherm tpr_shadow vnmi flexpriority ept vpid
bogomips	: 5054.16
clflush size	: 64
cache_alignment	: 64
address sizes	: 36 bits physical, 48 bits virtual
power management:

processor	: 3
vendor_id	: GenuineIntel
cpu family	: 6
model		: 37
model name	: Intel(R) Core(TM) i3 CPU       M 380  @ 2.53GHz
stepping	: 5
microcode	: 0x2
cpu MHz		: 933.000
cache size	: 3072 KB
physical id	: 0
siblings	: 4
core id		: 2
cpu cores	: 2
apicid		: 5
initial apicid	: 5
fpu		: yes
fpu_exception	: yes
cpuid level	: 11
wp		: yes
flags		: fpu vme de pse tsc msr pae mce cx8 apic sep mtrr pge mca cmov pat pse36 clflush dts acpi mmx fxsr sse sse2 ss ht tm pbe syscall nx rdtscp lm constant_tsc arch_perfmon pebs bts rep_good nopl xtopology nonstop_tsc aperfmperf pni dtes64 monitor ds_cpl vmx est tm2 ssse3 cx16 xtpr pdcm pcid sse4_1 sse4_2 popcnt lahf_lm arat dtherm tpr_shadow vnmi flexpriority ept vpid
bogomips	: 5054.16
clflush size	: 64
cache_alignment	: 64
address sizes	: 36 bits physical, 48 bits virtual
power management:



Memory: 4k page, physical 3834528k(216576k free), swap 1951740k(1669304k free)

vm_info: OpenJDK 64-Bit Server VM (23.7-b01) for linux-amd64 JRE (1.7.0_25-b30), built on Jul  3 2013 13:50:39 by "buildd" with gcc 4.7.3

time: Wed Nov 20 10:48:19 2013
elapsed time: 0 seconds

