#
# A fatal error has been detected by the Java Runtime Environment:
#
#  Internal Error (javaClasses.cpp:136), pid=7094, tid=140381533513472
#  fatal error: Invalid layout of preloaded class
#
# JRE version:  (7.0_45-b18) (build )
# Java VM: Java HotSpot(TM) 64-Bit Server VM (24.45-b08 mixed mode linux-amd64 compressed oops)
# Failed to write core dump. Core dumps have been disabled. To enable core dumping, try "ulimit -c unlimited" before starting Java again
#
# If you would like to submit a bug report, please visit:
#   http://bugreport.sun.com/bugreport/crash.jsp
#

---------------  T H R E A D  ---------------

Current thread (0x00007fad1800a000):  JavaThread "Unknown thread" [_thread_in_vm, id=7100, stack(0x00007fad1f602000,0x00007fad1f703000)]

Stack: [0x00007fad1f602000,0x00007fad1f703000],  sp=0x00007fad1f701780,  free space=1021k
Native frames: (J=compiled Java code, j=interpreted, Vv=VM code, C=native code)
V  [libjvm.so+0x992c8a]  VMError::report_and_die()+0x2ea
V  [libjvm.so+0x493559]  report_fatal(char const*, int, char const*)+0x59
V  [libjvm.so+0x5fdd00]  compute_offset(int&, klassOopDesc*, Symbol*, Symbol*, bool)+0x140
V  [libjvm.so+0x5fe819]  java_lang_String::compute_offsets()+0x39
V  [libjvm.so+0x918f55]  SystemDictionary::initialize_preloaded_classes(Thread*)+0x1a5
V  [libjvm.so+0x967c94]  Universe::genesis(Thread*)+0x494
V  [libjvm.so+0x968149]  universe2_init()+0x29
V  [libjvm.so+0x5a969d]  init_globals()+0xbd
V  [libjvm.so+0x94ed1d]  Threads::create_vm(JavaVMInitArgs*, bool*)+0x1ed
V  [libjvm.so+0x630804]  JNI_CreateJavaVM+0x74
C  [libjli.so+0x2f8e]  JavaMain+0x9e


---------------  P R O C E S S  ---------------

Java Threads: ( => current thread )

Other Threads:

=>0x00007fad1800a000 (exited) JavaThread "Unknown thread" [_thread_in_vm, id=7100, stack(0x00007fad1f602000,0x00007fad1f703000)]

VM state:not at safepoint (not fully initialized)

VM Mutex/Monitor currently owned by a thread: None

GC Heap History (0 events):
No events

Deoptimization events (0 events):
No events

Internal exceptions (0 events):
No events

Events (10 events):
Event: 0.009 loading class 0x00007fad1c11c6f0 done
Event: 0.009 loading class 0x00007fad1c11c110 done
Event: 0.009 loading class 0x00007fad1c11c0f0
Event: 0.010 loading class 0x00007fad1c1241f0
Event: 0.010 loading class 0x00007fad1c1241f0 done
Event: 0.010 loading class 0x00007fad1c124220
Event: 0.010 loading class 0x00007fad1c124220 done
Event: 0.010 loading class 0x00007fad1c124250
Event: 0.010 loading class 0x00007fad1c124250 done
Event: 0.010 loading class 0x00007fad1c11c0f0 done


Dynamic libraries:
00400000-00401000 r-xp 00000000 08:08 4085595                            /home/felipe/jre1.7.0_45/bin/java
00600000-00601000 rw-p 00000000 08:08 4085595                            /home/felipe/jre1.7.0_45/bin/java
02398000-023b9000 rw-p 00000000 00:00 0                                  [heap]
c0400000-c1900000 rw-p 00000000 00:00 0 
c1900000-c5600000 rw-p 00000000 00:00 0 
c5600000-c7d00000 rw-p 00000000 00:00 0 
c7d00000-ec700000 rw-p 00000000 00:00 0 
ec700000-eda80000 rw-p 00000000 00:00 0 
eda80000-100000000 rw-p 00000000 00:00 0 
7facf8000000-7facf8021000 rw-p 00000000 00:00 0 
7facf8021000-7facfc000000 ---p 00000000 00:00 0 
7fad00000000-7fad00021000 rw-p 00000000 00:00 0 
7fad00021000-7fad04000000 ---p 00000000 00:00 0 
7fad08000000-7fad08021000 rw-p 00000000 00:00 0 
7fad08021000-7fad0c000000 ---p 00000000 00:00 0 
7fad0e020000-7fad10000000 rw-p 00000000 00:00 0 
7fad10000000-7fad10021000 rw-p 00000000 00:00 0 
7fad10021000-7fad14000000 ---p 00000000 00:00 0 
7fad14af3000-7fad14d38000 rw-p 00000000 00:00 0 
7fad14d38000-7fad14e02000 r--s 011ad000 08:08 6697148                    /home/felipe/adt-bundle-linux-x86_64-20130729/sdk/platforms/android-18/android.jar
7fad14e02000-7fad15000000 rw-p 00000000 00:00 0 
7fad15000000-7fad15270000 rwxp 00000000 00:00 0 
7fad15270000-7fad18056000 rw-p 00000000 00:00 0 
7fad18056000-7fad1c000000 ---p 00000000 00:00 0 
7fad1c081000-7fad1c19f000 rw-p 00000000 00:00 0 
7fad1c19f000-7fad1c1a0000 ---p 00000000 00:00 0 
7fad1c1a0000-7fad1c2a0000 rw-p 00000000 00:00 0                          [stack:7104]
7fad1c2a0000-7fad1c2a1000 ---p 00000000 00:00 0 
7fad1c2a1000-7fad1c3a1000 rw-p 00000000 00:00 0                          [stack:7103]
7fad1c3a1000-7fad1c3a2000 ---p 00000000 00:00 0 
7fad1c3a2000-7fad1c4a2000 rw-p 00000000 00:00 0                          [stack:7102]
7fad1c4a2000-7fad1c4a3000 ---p 00000000 00:00 0 
7fad1c4a3000-7fad1c5ae000 rw-p 00000000 00:00 0                          [stack:7101]
7fad1c5ae000-7fad1c5cc000 rw-p 00000000 00:00 0 
7fad1c5cc000-7fad1c5e0000 rw-p 00000000 00:00 0 
7fad1c5e0000-7fad1c705000 rw-p 00000000 00:00 0 
7fad1c705000-7fad1c710000 rw-p 00000000 00:00 0 
7fad1c710000-7fad1c72e000 rw-p 00000000 00:00 0 
7fad1c72e000-7fad1c742000 rw-p 00000000 00:00 0 
7fad1c742000-7fad1c866000 rw-p 00000000 00:00 0 
7fad1c866000-7fad1c871000 rw-p 00000000 00:00 0 
7fad1c871000-7fad1c903000 rw-p 00000000 00:00 0 
7fad1c903000-7fad1c904000 rw-p 00000000 00:00 0 
7fad1c904000-7fad1c91e000 r-xp 00000000 08:08 4085555                    /home/felipe/jre1.7.0_45/lib/amd64/libzip.so
7fad1c91e000-7fad1cb1e000 ---p 0001a000 08:08 4085555                    /home/felipe/jre1.7.0_45/lib/amd64/libzip.so
7fad1cb1e000-7fad1cb1f000 rw-p 0001a000 08:08 4085555                    /home/felipe/jre1.7.0_45/lib/amd64/libzip.so
7fad1cb1f000-7fad1cb2b000 r-xp 00000000 08:06 935688                     /lib/x86_64-linux-gnu/libnss_files-2.17.so
7fad1cb2b000-7fad1cd2a000 ---p 0000c000 08:06 935688                     /lib/x86_64-linux-gnu/libnss_files-2.17.so
7fad1cd2a000-7fad1cd2b000 r--p 0000b000 08:06 935688                     /lib/x86_64-linux-gnu/libnss_files-2.17.so
7fad1cd2b000-7fad1cd2c000 rw-p 0000c000 08:06 935688                     /lib/x86_64-linux-gnu/libnss_files-2.17.so
7fad1cd2c000-7fad1cd37000 r-xp 00000000 08:06 935702                     /lib/x86_64-linux-gnu/libnss_nis-2.17.so
7fad1cd37000-7fad1cf36000 ---p 0000b000 08:06 935702                     /lib/x86_64-linux-gnu/libnss_nis-2.17.so
7fad1cf36000-7fad1cf37000 r--p 0000a000 08:06 935702                     /lib/x86_64-linux-gnu/libnss_nis-2.17.so
7fad1cf37000-7fad1cf38000 rw-p 0000b000 08:06 935702                     /lib/x86_64-linux-gnu/libnss_nis-2.17.so
7fad1cf38000-7fad1cf4f000 r-xp 00000000 08:06 935673                     /lib/x86_64-linux-gnu/libnsl-2.17.so
7fad1cf4f000-7fad1d14e000 ---p 00017000 08:06 935673                     /lib/x86_64-linux-gnu/libnsl-2.17.so
7fad1d14e000-7fad1d14f000 r--p 00016000 08:06 935673                     /lib/x86_64-linux-gnu/libnsl-2.17.so
7fad1d14f000-7fad1d150000 rw-p 00017000 08:06 935673                     /lib/x86_64-linux-gnu/libnsl-2.17.so
7fad1d150000-7fad1d152000 rw-p 00000000 00:00 0 
7fad1d152000-7fad1d15a000 r-xp 00000000 08:06 935704                     /lib/x86_64-linux-gnu/libnss_compat-2.17.so
7fad1d15a000-7fad1d359000 ---p 00008000 08:06 935704                     /lib/x86_64-linux-gnu/libnss_compat-2.17.so
7fad1d359000-7fad1d35a000 r--p 00007000 08:06 935704                     /lib/x86_64-linux-gnu/libnss_compat-2.17.so
7fad1d35a000-7fad1d35b000 rw-p 00008000 08:06 935704                     /lib/x86_64-linux-gnu/libnss_compat-2.17.so
7fad1d35b000-7fad1d384000 r-xp 00000000 08:08 4085546                    /home/felipe/jre1.7.0_45/lib/amd64/libjava.so
7fad1d384000-7fad1d584000 ---p 00029000 08:08 4085546                    /home/felipe/jre1.7.0_45/lib/amd64/libjava.so
7fad1d584000-7fad1d586000 rw-p 00029000 08:08 4085546                    /home/felipe/jre1.7.0_45/lib/amd64/libjava.so
7fad1d586000-7fad1d593000 r-xp 00000000 08:08 4085536                    /home/felipe/jre1.7.0_45/lib/amd64/libverify.so
7fad1d593000-7fad1d792000 ---p 0000d000 08:08 4085536                    /home/felipe/jre1.7.0_45/lib/amd64/libverify.so
7fad1d792000-7fad1d794000 rw-p 0000c000 08:08 4085536                    /home/felipe/jre1.7.0_45/lib/amd64/libverify.so
7fad1d794000-7fad1d79b000 r-xp 00000000 08:06 935698                     /lib/x86_64-linux-gnu/librt-2.17.so
7fad1d79b000-7fad1d99a000 ---p 00007000 08:06 935698                     /lib/x86_64-linux-gnu/librt-2.17.so
7fad1d99a000-7fad1d99b000 r--p 00006000 08:06 935698                     /lib/x86_64-linux-gnu/librt-2.17.so
7fad1d99b000-7fad1d99c000 rw-p 00007000 08:06 935698                     /lib/x86_64-linux-gnu/librt-2.17.so
7fad1d99c000-7fad1da9f000 r-xp 00000000 08:06 935703                     /lib/x86_64-linux-gnu/libm-2.17.so
7fad1da9f000-7fad1dc9f000 ---p 00103000 08:06 935703                     /lib/x86_64-linux-gnu/libm-2.17.so
7fad1dc9f000-7fad1dca0000 r--p 00103000 08:06 935703                     /lib/x86_64-linux-gnu/libm-2.17.so
7fad1dca0000-7fad1dca1000 rw-p 00104000 08:06 935703                     /lib/x86_64-linux-gnu/libm-2.17.so
7fad1dca1000-7fad1e803000 r-xp 00000000 08:08 4085553                    /home/felipe/jre1.7.0_45/lib/amd64/server/libjvm.so
7fad1e803000-7fad1ea03000 ---p 00b62000 08:08 4085553                    /home/felipe/jre1.7.0_45/lib/amd64/server/libjvm.so
7fad1ea03000-7fad1eac6000 rw-p 00b62000 08:08 4085553                    /home/felipe/jre1.7.0_45/lib/amd64/server/libjvm.so
7fad1eac6000-7fad1eb07000 rw-p 00000000 00:00 0 
7fad1eb07000-7fad1ecc6000 r-xp 00000000 08:06 935706                     /lib/x86_64-linux-gnu/libc-2.17.so
7fad1ecc6000-7fad1eec5000 ---p 001bf000 08:06 935706                     /lib/x86_64-linux-gnu/libc-2.17.so
7fad1eec5000-7fad1eec9000 r--p 001be000 08:06 935706                     /lib/x86_64-linux-gnu/libc-2.17.so
7fad1eec9000-7fad1eecb000 rw-p 001c2000 08:06 935706                     /lib/x86_64-linux-gnu/libc-2.17.so
7fad1eecb000-7fad1eed0000 rw-p 00000000 00:00 0 
7fad1eed0000-7fad1eed3000 r-xp 00000000 08:06 935684                     /lib/x86_64-linux-gnu/libdl-2.17.so
7fad1eed3000-7fad1f0d2000 ---p 00003000 08:06 935684                     /lib/x86_64-linux-gnu/libdl-2.17.so
7fad1f0d2000-7fad1f0d3000 r--p 00002000 08:06 935684                     /lib/x86_64-linux-gnu/libdl-2.17.so
7fad1f0d3000-7fad1f0d4000 rw-p 00003000 08:06 935684                     /lib/x86_64-linux-gnu/libdl-2.17.so
7fad1f0d4000-7fad1f0ea000 r-xp 00000000 08:08 4085574                    /home/felipe/jre1.7.0_45/lib/amd64/jli/libjli.so
7fad1f0ea000-7fad1f2ea000 ---p 00016000 08:08 4085574                    /home/felipe/jre1.7.0_45/lib/amd64/jli/libjli.so
7fad1f2ea000-7fad1f2eb000 rw-p 00016000 08:08 4085574                    /home/felipe/jre1.7.0_45/lib/amd64/jli/libjli.so
7fad1f2eb000-7fad1f303000 r-xp 00000000 08:06 935676                     /lib/x86_64-linux-gnu/libpthread-2.17.so
7fad1f303000-7fad1f502000 ---p 00018000 08:06 935676                     /lib/x86_64-linux-gnu/libpthread-2.17.so
7fad1f502000-7fad1f503000 r--p 00017000 08:06 935676                     /lib/x86_64-linux-gnu/libpthread-2.17.so
7fad1f503000-7fad1f504000 rw-p 00018000 08:06 935676                     /lib/x86_64-linux-gnu/libpthread-2.17.so
7fad1f504000-7fad1f508000 rw-p 00000000 00:00 0 
7fad1f508000-7fad1f52b000 r-xp 00000000 08:06 935651                     /lib/x86_64-linux-gnu/ld-2.17.so
7fad1f542000-7fad1f54c000 rw-p 00000000 00:00 0 
7fad1f54c000-7fad1f602000 rw-p 00000000 00:00 0 
7fad1f602000-7fad1f605000 ---p 00000000 00:00 0 
7fad1f605000-7fad1f707000 rw-p 00000000 00:00 0                          [stack:7100]
7fad1f708000-7fad1f71e000 rw-p 00000000 00:00 0 
7fad1f71e000-7fad1f726000 rw-s 00000000 08:06 541947                     /tmp/hsperfdata_root/7094
7fad1f726000-7fad1f727000 rw-p 00000000 00:00 0 
7fad1f727000-7fad1f728000 r--p 00000000 00:00 0 
7fad1f728000-7fad1f72a000 rw-p 00000000 00:00 0 
7fad1f72a000-7fad1f72b000 r--p 00022000 08:06 935651                     /lib/x86_64-linux-gnu/ld-2.17.so
7fad1f72b000-7fad1f72d000 rw-p 00023000 08:06 935651                     /lib/x86_64-linux-gnu/ld-2.17.so
7fff9b7c6000-7fff9b7e7000 rw-p 00000000 00:00 0                          [stack]
7fff9b7fe000-7fff9b800000 r-xp 00000000 00:00 0                          [vdso]
ffffffffff600000-ffffffffff601000 r-xp 00000000 00:00 0                  [vsyscall]

VM Arguments:
jvm_args: -Dfile.encoding=UTF-8 -Xbootclasspath/p:/home/felipe/adt-bundle-linux-x86_64-20130729/sdk/platforms/android-18/android.jar 
java_command: org.eclipse.jdt.internal.junit.runner.RemoteTestRunner -version 3 -port 52331 -testLoaderClass org.eclipse.jdt.internal.junit4.runner.JUnit4TestLoader -loaderpluginname org.eclipse.jdt.junit4.runtime -classNames test.Teste
Launcher Type: SUN_STANDARD

Environment Variables:
PATH=/usr/local/heroku/bin:/usr/local/sbin:/usr/local/bin:/usr/sbin:/usr/bin:/sbin:/bin:/usr/games:/usr/local/games
USERNAME=root
SHELL=/bin/bash
DISPLAY=:0

Signal Handlers:
SIGSEGV: [libjvm.so+0x9935b0], sa_mask[0]=0x7ffbfeff, sa_flags=0x10000004
SIGBUS: [libjvm.so+0x9935b0], sa_mask[0]=0x7ffbfeff, sa_flags=0x10000004
SIGFPE: [libjvm.so+0x810330], sa_mask[0]=0x7ffbfeff, sa_flags=0x10000004
SIGPIPE: [libjvm.so+0x810330], sa_mask[0]=0x7ffbfeff, sa_flags=0x10000004
SIGXFSZ: [libjvm.so+0x810330], sa_mask[0]=0x7ffbfeff, sa_flags=0x10000004
SIGILL: [libjvm.so+0x810330], sa_mask[0]=0x7ffbfeff, sa_flags=0x10000004
SIGUSR1: SIG_DFL, sa_mask[0]=0x00000000, sa_flags=0x00000000
SIGUSR2: [libjvm.so+0x811820], sa_mask[0]=0x00000004, sa_flags=0x10000004
SIGHUP: SIG_DFL, sa_mask[0]=0x00000000, sa_flags=0x00000000
SIGINT: SIG_DFL, sa_mask[0]=0x00000000, sa_flags=0x00000000
SIGTERM: SIG_DFL, sa_mask[0]=0x00000000, sa_flags=0x00000000
SIGQUIT: SIG_DFL, sa_mask[0]=0x00000000, sa_flags=0x00000000


---------------  S Y S T E M  ---------------

OS:wheezy/sid

uname:Linux 3.8.0-33-generic #48-Ubuntu SMP Wed Oct 23 09:16:58 UTC 2013 x86_64
libc:glibc 2.17 NPTL 2.17 
rlimit: STACK 8192k, CORE 0k, NPROC 29807, NOFILE 4096, AS infinity
load average:1.37 1.60 1.26

/proc/meminfo:
MemTotal:        3834528 kB
MemFree:          139920 kB
Buffers:            5496 kB
Cached:           405428 kB
SwapCached:        78544 kB
Active:          2526940 kB
Inactive:         945924 kB
Active(anon):    2447232 kB
Inactive(anon):   852084 kB
Active(file):      79708 kB
Inactive(file):    93840 kB
Unevictable:          64 kB
Mlocked:              64 kB
SwapTotal:       1951740 kB
SwapFree:         945560 kB
Dirty:               136 kB
Writeback:             0 kB
AnonPages:       3024552 kB
Mapped:           128388 kB
Shmem:            237332 kB
Slab:              97428 kB
SReclaimable:      57628 kB
SUnreclaim:        39800 kB
KernelStack:        5840 kB
PageTables:        64392 kB
NFS_Unstable:          0 kB
Bounce:                0 kB
WritebackTmp:          0 kB
CommitLimit:     3869004 kB
Committed_AS:   10022972 kB
VmallocTotal:   34359738367 kB
VmallocUsed:      544324 kB
VmallocChunk:   34359190492 kB
HardwareCorrupted:     0 kB
AnonHugePages:         0 kB
HugePages_Total:       0
HugePages_Free:        0
HugePages_Rsvd:        0
HugePages_Surp:        0
Hugepagesize:       2048 kB
DirectMap4k:       68372 kB
DirectMap2M:     3909632 kB


CPU:total 4 (2 cores per cpu, 2 threads per core) family 6 model 37 stepping 5, cmov, cx8, fxsr, mmx, sse, sse2, sse3, ssse3, sse4.1, sse4.2, popcnt, ht, tsc, tscinvbit

/proc/cpuinfo:
processor	: 0
vendor_id	: GenuineIntel
cpu family	: 6
model		: 37
model name	: Intel(R) Core(TM) i3 CPU       M 380  @ 2.53GHz
stepping	: 5
microcode	: 0x2
cpu MHz		: 933.000
cache size	: 3072 KB
physical id	: 0
siblings	: 4
core id		: 0
cpu cores	: 2
apicid		: 0
initial apicid	: 0
fpu		: yes
fpu_exception	: yes
cpuid level	: 11
wp		: yes
flags		: fpu vme de pse tsc msr pae mce cx8 apic sep mtrr pge mca cmov pat pse36 clflush dts acpi mmx fxsr sse sse2 ss ht tm pbe syscall nx rdtscp lm constant_tsc arch_perfmon pebs bts rep_good nopl xtopology nonstop_tsc aperfmperf pni dtes64 monitor ds_cpl vmx est tm2 ssse3 cx16 xtpr pdcm pcid sse4_1 sse4_2 popcnt lahf_lm arat dtherm tpr_shadow vnmi flexpriority ept vpid
bogomips	: 5054.12
clflush size	: 64
cache_alignment	: 64
address sizes	: 36 bits physical, 48 bits virtual
power management:

processor	: 1
vendor_id	: GenuineIntel
cpu family	: 6
model		: 37
model name	: Intel(R) Core(TM) i3 CPU       M 380  @ 2.53GHz
stepping	: 5
microcode	: 0x2
cpu MHz		: 1999.000
cache size	: 3072 KB
physical id	: 0
siblings	: 4
core id		: 2
cpu cores	: 2
apicid		: 4
initial apicid	: 4
fpu		: yes
fpu_exception	: yes
cpuid level	: 11
wp		: yes
flags		: fpu vme de pse tsc msr pae mce cx8 apic sep mtrr pge mca cmov pat pse36 clflush dts acpi mmx fxsr sse sse2 ss ht tm pbe syscall nx rdtscp lm constant_tsc arch_perfmon pebs bts rep_good nopl xtopology nonstop_tsc aperfmperf pni dtes64 monitor ds_cpl vmx est tm2 ssse3 cx16 xtpr pdcm pcid sse4_1 sse4_2 popcnt lahf_lm arat dtherm tpr_shadow vnmi flexpriority ept vpid
bogomips	: 5054.12
clflush size	: 64
cache_alignment	: 64
address sizes	: 36 bits physical, 48 bits virtual
power management:

processor	: 2
vendor_id	: GenuineIntel
cpu family	: 6
model		: 37
model name	: Intel(R) Core(TM) i3 CPU       M 380  @ 2.53GHz
stepping	: 5
microcode	: 0x2
cpu MHz		: 1866.000
cache size	: 3072 KB
physical id	: 0
siblings	: 4
core id		: 0
cpu cores	: 2
apicid		: 1
initial apicid	: 1
fpu		: yes
fpu_exception	: yes
cpuid level	: 11
wp		: yes
flags		: fpu vme de pse tsc msr pae mce cx8 apic sep mtrr pge mca cmov pat pse36 clflush dts acpi mmx fxsr sse sse2 ss ht tm pbe syscall nx rdtscp lm constant_tsc arch_perfmon pebs bts rep_good nopl xtopology nonstop_tsc aperfmperf pni dtes64 monitor ds_cpl vmx est tm2 ssse3 cx16 xtpr pdcm pcid sse4_1 sse4_2 popcnt lahf_lm arat dtherm tpr_shadow vnmi flexpriority ept vpid
bogomips	: 5054.12
clflush size	: 64
cache_alignment	: 64
address sizes	: 36 bits physical, 48 bits virtual
power management:

processor	: 3
vendor_id	: GenuineIntel
cpu family	: 6
model		: 37
model name	: Intel(R) Core(TM) i3 CPU       M 380  @ 2.53GHz
stepping	: 5
microcode	: 0x2
cpu MHz		: 933.000
cache size	: 3072 KB
physical id	: 0
siblings	: 4
core id		: 2
cpu cores	: 2
apicid		: 5
initial apicid	: 5
fpu		: yes
fpu_exception	: yes
cpuid level	: 11
wp		: yes
flags		: fpu vme de pse tsc msr pae mce cx8 apic sep mtrr pge mca cmov pat pse36 clflush dts acpi mmx fxsr sse sse2 ss ht tm pbe syscall nx rdtscp lm constant_tsc arch_perfmon pebs bts rep_good nopl xtopology nonstop_tsc aperfmperf pni dtes64 monitor ds_cpl vmx est tm2 ssse3 cx16 xtpr pdcm pcid sse4_1 sse4_2 popcnt lahf_lm arat dtherm tpr_shadow vnmi flexpriority ept vpid
bogomips	: 5054.12
clflush size	: 64
cache_alignment	: 64
address sizes	: 36 bits physical, 48 bits virtual
power management:



Memory: 4k page, physical 3834528k(139920k free), swap 1951740k(945560k free)

vm_info: Java HotSpot(TM) 64-Bit Server VM (24.45-b08) for linux-amd64 JRE (1.7.0_45-b18), built on Oct  8 2013 05:44:25 by "java_re" with gcc 4.3.0 20080428 (Red Hat 4.3.0-8)

time: Sat Nov 23 01:50:28 2013
elapsed time: 0 seconds

