#
# A fatal error has been detected by the Java Runtime Environment:
#
#  Internal Error (javaClasses.cpp:136), pid=7106, tid=140617162315520
#  fatal error: Invalid layout of preloaded class
#
# JRE version:  (7.0_45-b18) (build )
# Java VM: Java HotSpot(TM) 64-Bit Server VM (24.45-b08 mixed mode linux-amd64 compressed oops)
# Failed to write core dump. Core dumps have been disabled. To enable core dumping, try "ulimit -c unlimited" before starting Java again
#
# If you would like to submit a bug report, please visit:
#   http://bugreport.sun.com/bugreport/crash.jsp
#

---------------  T H R E A D  ---------------

Current thread (0x00007fe3f400a000):  JavaThread "Unknown thread" [_thread_in_vm, id=7112, stack(0x00007fe3fbf25000,0x00007fe3fc026000)]

Stack: [0x00007fe3fbf25000,0x00007fe3fc026000],  sp=0x00007fe3fc024780,  free space=1021k
Native frames: (J=compiled Java code, j=interpreted, Vv=VM code, C=native code)
V  [libjvm.so+0x992c8a]  VMError::report_and_die()+0x2ea
V  [libjvm.so+0x493559]  report_fatal(char const*, int, char const*)+0x59
V  [libjvm.so+0x5fdd00]  compute_offset(int&, klassOopDesc*, Symbol*, Symbol*, bool)+0x140
V  [libjvm.so+0x5fe819]  java_lang_String::compute_offsets()+0x39
V  [libjvm.so+0x918f55]  SystemDictionary::initialize_preloaded_classes(Thread*)+0x1a5
V  [libjvm.so+0x967c94]  Universe::genesis(Thread*)+0x494
V  [libjvm.so+0x968149]  universe2_init()+0x29
V  [libjvm.so+0x5a969d]  init_globals()+0xbd
V  [libjvm.so+0x94ed1d]  Threads::create_vm(JavaVMInitArgs*, bool*)+0x1ed
V  [libjvm.so+0x630804]  JNI_CreateJavaVM+0x74
C  [libjli.so+0x2f8e]  JavaMain+0x9e


---------------  P R O C E S S  ---------------

Java Threads: ( => current thread )

Other Threads:

=>0x00007fe3f400a000 (exited) JavaThread "Unknown thread" [_thread_in_vm, id=7112, stack(0x00007fe3fbf25000,0x00007fe3fc026000)]

VM state:not at safepoint (not fully initialized)

VM Mutex/Monitor currently owned by a thread: None

GC Heap History (0 events):
No events

Deoptimization events (0 events):
No events

Internal exceptions (0 events):
No events

Events (10 events):
Event: 0.010 loading class 0x00007fe3f88416f0 done
Event: 0.010 loading class 0x00007fe3f8841110 done
Event: 0.010 loading class 0x00007fe3f88410f0
Event: 0.010 loading class 0x00007fe3f88491f0
Event: 0.011 loading class 0x00007fe3f88491f0 done
Event: 0.011 loading class 0x00007fe3f8849220
Event: 0.011 loading class 0x00007fe3f8849220 done
Event: 0.011 loading class 0x00007fe3f8849250
Event: 0.011 loading class 0x00007fe3f8849250 done
Event: 0.011 loading class 0x00007fe3f88410f0 done


Dynamic libraries:
00400000-00401000 r-xp 00000000 08:08 4085595                            /home/felipe/jre1.7.0_45/bin/java
00600000-00601000 rw-p 00000000 08:08 4085595                            /home/felipe/jre1.7.0_45/bin/java
00cd7000-00cf8000 rw-p 00000000 00:00 0                                  [heap]
c0400000-c1900000 rw-p 00000000 00:00 0 
c1900000-c5600000 rw-p 00000000 00:00 0 
c5600000-c7d00000 rw-p 00000000 00:00 0 
c7d00000-ec700000 rw-p 00000000 00:00 0 
ec700000-eda80000 rw-p 00000000 00:00 0 
eda80000-100000000 rw-p 00000000 00:00 0 
7fe3dc000000-7fe3dc021000 rw-p 00000000 00:00 0 
7fe3dc021000-7fe3e0000000 ---p 00000000 00:00 0 
7fe3e2020000-7fe3e4000000 rw-p 00000000 00:00 0 
7fe3e4000000-7fe3e4021000 rw-p 00000000 00:00 0 
7fe3e4021000-7fe3e8000000 ---p 00000000 00:00 0 
7fe3e8000000-7fe3e8021000 rw-p 00000000 00:00 0 
7fe3e8021000-7fe3ec000000 ---p 00000000 00:00 0 
7fe3ec000000-7fe3ec021000 rw-p 00000000 00:00 0 
7fe3ec021000-7fe3f0000000 ---p 00000000 00:00 0 
7fe3f1000000-7fe3f1270000 rwxp 00000000 00:00 0 
7fe3f1270000-7fe3f4056000 rw-p 00000000 00:00 0 
7fe3f4056000-7fe3f8000000 ---p 00000000 00:00 0 
7fe3f8497000-7fe3f8701000 rw-p 00000000 00:00 0 
7fe3f8701000-7fe3f87cb000 r--s 011ad000 08:08 6697148                    /home/felipe/adt-bundle-linux-x86_64-20130729/sdk/platforms/android-18/android.jar
7fe3f87cb000-7fe3f8ac2000 rw-p 00000000 00:00 0 
7fe3f8ac2000-7fe3f8ac3000 ---p 00000000 00:00 0 
7fe3f8ac3000-7fe3f8bc3000 rw-p 00000000 00:00 0                          [stack:7116]
7fe3f8bc3000-7fe3f8bc4000 ---p 00000000 00:00 0 
7fe3f8bc4000-7fe3f8cc4000 rw-p 00000000 00:00 0                          [stack:7115]
7fe3f8cc4000-7fe3f8cc5000 ---p 00000000 00:00 0 
7fe3f8cc5000-7fe3f8dc5000 rw-p 00000000 00:00 0                          [stack:7114]
7fe3f8dc5000-7fe3f8dc6000 ---p 00000000 00:00 0 
7fe3f8dc6000-7fe3f8ed1000 rw-p 00000000 00:00 0                          [stack:7113]
7fe3f8ed1000-7fe3f8eef000 rw-p 00000000 00:00 0 
7fe3f8eef000-7fe3f8f03000 rw-p 00000000 00:00 0 
7fe3f8f03000-7fe3f9028000 rw-p 00000000 00:00 0 
7fe3f9028000-7fe3f9033000 rw-p 00000000 00:00 0 
7fe3f9033000-7fe3f9051000 rw-p 00000000 00:00 0 
7fe3f9051000-7fe3f9065000 rw-p 00000000 00:00 0 
7fe3f9065000-7fe3f9189000 rw-p 00000000 00:00 0 
7fe3f9189000-7fe3f9194000 rw-p 00000000 00:00 0 
7fe3f9194000-7fe3f9226000 rw-p 00000000 00:00 0 
7fe3f9226000-7fe3f9227000 rw-p 00000000 00:00 0 
7fe3f9227000-7fe3f9241000 r-xp 00000000 08:08 4085555                    /home/felipe/jre1.7.0_45/lib/amd64/libzip.so
7fe3f9241000-7fe3f9441000 ---p 0001a000 08:08 4085555                    /home/felipe/jre1.7.0_45/lib/amd64/libzip.so
7fe3f9441000-7fe3f9442000 rw-p 0001a000 08:08 4085555                    /home/felipe/jre1.7.0_45/lib/amd64/libzip.so
7fe3f9442000-7fe3f944e000 r-xp 00000000 08:06 935688                     /lib/x86_64-linux-gnu/libnss_files-2.17.so
7fe3f944e000-7fe3f964d000 ---p 0000c000 08:06 935688                     /lib/x86_64-linux-gnu/libnss_files-2.17.so
7fe3f964d000-7fe3f964e000 r--p 0000b000 08:06 935688                     /lib/x86_64-linux-gnu/libnss_files-2.17.so
7fe3f964e000-7fe3f964f000 rw-p 0000c000 08:06 935688                     /lib/x86_64-linux-gnu/libnss_files-2.17.so
7fe3f964f000-7fe3f965a000 r-xp 00000000 08:06 935702                     /lib/x86_64-linux-gnu/libnss_nis-2.17.so
7fe3f965a000-7fe3f9859000 ---p 0000b000 08:06 935702                     /lib/x86_64-linux-gnu/libnss_nis-2.17.so
7fe3f9859000-7fe3f985a000 r--p 0000a000 08:06 935702                     /lib/x86_64-linux-gnu/libnss_nis-2.17.so
7fe3f985a000-7fe3f985b000 rw-p 0000b000 08:06 935702                     /lib/x86_64-linux-gnu/libnss_nis-2.17.so
7fe3f985b000-7fe3f9872000 r-xp 00000000 08:06 935673                     /lib/x86_64-linux-gnu/libnsl-2.17.so
7fe3f9872000-7fe3f9a71000 ---p 00017000 08:06 935673                     /lib/x86_64-linux-gnu/libnsl-2.17.so
7fe3f9a71000-7fe3f9a72000 r--p 00016000 08:06 935673                     /lib/x86_64-linux-gnu/libnsl-2.17.so
7fe3f9a72000-7fe3f9a73000 rw-p 00017000 08:06 935673                     /lib/x86_64-linux-gnu/libnsl-2.17.so
7fe3f9a73000-7fe3f9a75000 rw-p 00000000 00:00 0 
7fe3f9a75000-7fe3f9a7d000 r-xp 00000000 08:06 935704                     /lib/x86_64-linux-gnu/libnss_compat-2.17.so
7fe3f9a7d000-7fe3f9c7c000 ---p 00008000 08:06 935704                     /lib/x86_64-linux-gnu/libnss_compat-2.17.so
7fe3f9c7c000-7fe3f9c7d000 r--p 00007000 08:06 935704                     /lib/x86_64-linux-gnu/libnss_compat-2.17.so
7fe3f9c7d000-7fe3f9c7e000 rw-p 00008000 08:06 935704                     /lib/x86_64-linux-gnu/libnss_compat-2.17.so
7fe3f9c7e000-7fe3f9ca7000 r-xp 00000000 08:08 4085546                    /home/felipe/jre1.7.0_45/lib/amd64/libjava.so
7fe3f9ca7000-7fe3f9ea7000 ---p 00029000 08:08 4085546                    /home/felipe/jre1.7.0_45/lib/amd64/libjava.so
7fe3f9ea7000-7fe3f9ea9000 rw-p 00029000 08:08 4085546                    /home/felipe/jre1.7.0_45/lib/amd64/libjava.so
7fe3f9ea9000-7fe3f9eb6000 r-xp 00000000 08:08 4085536                    /home/felipe/jre1.7.0_45/lib/amd64/libverify.so
7fe3f9eb6000-7fe3fa0b5000 ---p 0000d000 08:08 4085536                    /home/felipe/jre1.7.0_45/lib/amd64/libverify.so
7fe3fa0b5000-7fe3fa0b7000 rw-p 0000c000 08:08 4085536                    /home/felipe/jre1.7.0_45/lib/amd64/libverify.so
7fe3fa0b7000-7fe3fa0be000 r-xp 00000000 08:06 935698                     /lib/x86_64-linux-gnu/librt-2.17.so
7fe3fa0be000-7fe3fa2bd000 ---p 00007000 08:06 935698                     /lib/x86_64-linux-gnu/librt-2.17.so
7fe3fa2bd000-7fe3fa2be000 r--p 00006000 08:06 935698                     /lib/x86_64-linux-gnu/librt-2.17.so
7fe3fa2be000-7fe3fa2bf000 rw-p 00007000 08:06 935698                     /lib/x86_64-linux-gnu/librt-2.17.so
7fe3fa2bf000-7fe3fa3c2000 r-xp 00000000 08:06 935703                     /lib/x86_64-linux-gnu/libm-2.17.so
7fe3fa3c2000-7fe3fa5c2000 ---p 00103000 08:06 935703                     /lib/x86_64-linux-gnu/libm-2.17.so
7fe3fa5c2000-7fe3fa5c3000 r--p 00103000 08:06 935703                     /lib/x86_64-linux-gnu/libm-2.17.so
7fe3fa5c3000-7fe3fa5c4000 rw-p 00104000 08:06 935703                     /lib/x86_64-linux-gnu/libm-2.17.so
7fe3fa5c4000-7fe3fb126000 r-xp 00000000 08:08 4085553                    /home/felipe/jre1.7.0_45/lib/amd64/server/libjvm.so
7fe3fb126000-7fe3fb326000 ---p 00b62000 08:08 4085553                    /home/felipe/jre1.7.0_45/lib/amd64/server/libjvm.so
7fe3fb326000-7fe3fb3e9000 rw-p 00b62000 08:08 4085553                    /home/felipe/jre1.7.0_45/lib/amd64/server/libjvm.so
7fe3fb3e9000-7fe3fb42a000 rw-p 00000000 00:00 0 
7fe3fb42a000-7fe3fb5e9000 r-xp 00000000 08:06 935706                     /lib/x86_64-linux-gnu/libc-2.17.so
7fe3fb5e9000-7fe3fb7e8000 ---p 001bf000 08:06 935706                     /lib/x86_64-linux-gnu/libc-2.17.so
7fe3fb7e8000-7fe3fb7ec000 r--p 001be000 08:06 935706                     /lib/x86_64-linux-gnu/libc-2.17.so
7fe3fb7ec000-7fe3fb7ee000 rw-p 001c2000 08:06 935706                     /lib/x86_64-linux-gnu/libc-2.17.so
7fe3fb7ee000-7fe3fb7f3000 rw-p 00000000 00:00 0 
7fe3fb7f3000-7fe3fb7f6000 r-xp 00000000 08:06 935684                     /lib/x86_64-linux-gnu/libdl-2.17.so
7fe3fb7f6000-7fe3fb9f5000 ---p 00003000 08:06 935684                     /lib/x86_64-linux-gnu/libdl-2.17.so
7fe3fb9f5000-7fe3fb9f6000 r--p 00002000 08:06 935684                     /lib/x86_64-linux-gnu/libdl-2.17.so
7fe3fb9f6000-7fe3fb9f7000 rw-p 00003000 08:06 935684                     /lib/x86_64-linux-gnu/libdl-2.17.so
7fe3fb9f7000-7fe3fba0d000 r-xp 00000000 08:08 4085574                    /home/felipe/jre1.7.0_45/lib/amd64/jli/libjli.so
7fe3fba0d000-7fe3fbc0d000 ---p 00016000 08:08 4085574                    /home/felipe/jre1.7.0_45/lib/amd64/jli/libjli.so
7fe3fbc0d000-7fe3fbc0e000 rw-p 00016000 08:08 4085574                    /home/felipe/jre1.7.0_45/lib/amd64/jli/libjli.so
7fe3fbc0e000-7fe3fbc26000 r-xp 00000000 08:06 935676                     /lib/x86_64-linux-gnu/libpthread-2.17.so
7fe3fbc26000-7fe3fbe25000 ---p 00018000 08:06 935676                     /lib/x86_64-linux-gnu/libpthread-2.17.so
7fe3fbe25000-7fe3fbe26000 r--p 00017000 08:06 935676                     /lib/x86_64-linux-gnu/libpthread-2.17.so
7fe3fbe26000-7fe3fbe27000 rw-p 00018000 08:06 935676                     /lib/x86_64-linux-gnu/libpthread-2.17.so
7fe3fbe27000-7fe3fbe2b000 rw-p 00000000 00:00 0 
7fe3fbe2b000-7fe3fbe4e000 r-xp 00000000 08:06 935651                     /lib/x86_64-linux-gnu/ld-2.17.so
7fe3fbe65000-7fe3fbe6f000 rw-p 00000000 00:00 0 
7fe3fbe6f000-7fe3fbf25000 rw-p 00000000 00:00 0 
7fe3fbf25000-7fe3fbf28000 ---p 00000000 00:00 0 
7fe3fbf28000-7fe3fc02a000 rw-p 00000000 00:00 0                          [stack:7112]
7fe3fc02b000-7fe3fc041000 rw-p 00000000 00:00 0 
7fe3fc041000-7fe3fc049000 rw-s 00000000 08:06 541947                     /tmp/hsperfdata_root/7106
7fe3fc049000-7fe3fc04a000 rw-p 00000000 00:00 0 
7fe3fc04a000-7fe3fc04b000 r--p 00000000 00:00 0 
7fe3fc04b000-7fe3fc04d000 rw-p 00000000 00:00 0 
7fe3fc04d000-7fe3fc04e000 r--p 00022000 08:06 935651                     /lib/x86_64-linux-gnu/ld-2.17.so
7fe3fc04e000-7fe3fc050000 rw-p 00023000 08:06 935651                     /lib/x86_64-linux-gnu/ld-2.17.so
7fff10ca5000-7fff10cc6000 rw-p 00000000 00:00 0                          [stack]
7fff10dbe000-7fff10dc0000 r-xp 00000000 00:00 0                          [vdso]
ffffffffff600000-ffffffffff601000 r-xp 00000000 00:00 0                  [vsyscall]

VM Arguments:
jvm_args: -Dfile.encoding=UTF-8 -Xbootclasspath/p:/home/felipe/adt-bundle-linux-x86_64-20130729/sdk/platforms/android-18/android.jar 
java_command: org.eclipse.jdt.internal.junit.runner.RemoteTestRunner -version 3 -port 54317 -testLoaderClass org.eclipse.jdt.internal.junit4.runner.JUnit4TestLoader -loaderpluginname org.eclipse.jdt.junit4.runtime -classNames test.Teste
Launcher Type: SUN_STANDARD

Environment Variables:
PATH=/usr/local/heroku/bin:/usr/local/sbin:/usr/local/bin:/usr/sbin:/usr/bin:/sbin:/bin:/usr/games:/usr/local/games
USERNAME=root
SHELL=/bin/bash
DISPLAY=:0

Signal Handlers:
SIGSEGV: [libjvm.so+0x9935b0], sa_mask[0]=0x7ffbfeff, sa_flags=0x10000004
SIGBUS: [libjvm.so+0x9935b0], sa_mask[0]=0x7ffbfeff, sa_flags=0x10000004
SIGFPE: [libjvm.so+0x810330], sa_mask[0]=0x7ffbfeff, sa_flags=0x10000004
SIGPIPE: [libjvm.so+0x810330], sa_mask[0]=0x7ffbfeff, sa_flags=0x10000004
SIGXFSZ: [libjvm.so+0x810330], sa_mask[0]=0x7ffbfeff, sa_flags=0x10000004
SIGILL: [libjvm.so+0x810330], sa_mask[0]=0x7ffbfeff, sa_flags=0x10000004
SIGUSR1: SIG_DFL, sa_mask[0]=0x00000000, sa_flags=0x00000000
SIGUSR2: [libjvm.so+0x811820], sa_mask[0]=0x00000004, sa_flags=0x10000004
SIGHUP: SIG_DFL, sa_mask[0]=0x00000000, sa_flags=0x00000000
SIGINT: SIG_DFL, sa_mask[0]=0x00000000, sa_flags=0x00000000
SIGTERM: SIG_DFL, sa_mask[0]=0x00000000, sa_flags=0x00000000
SIGQUIT: SIG_DFL, sa_mask[0]=0x00000000, sa_flags=0x00000000


---------------  S Y S T E M  ---------------

OS:wheezy/sid

uname:Linux 3.8.0-33-generic #48-Ubuntu SMP Wed Oct 23 09:16:58 UTC 2013 x86_64
libc:glibc 2.17 NPTL 2.17 
rlimit: STACK 8192k, CORE 0k, NPROC 29807, NOFILE 4096, AS infinity
load average:1.50 1.63 1.27

/proc/meminfo:
MemTotal:        3834528 kB
MemFree:          174164 kB
Buffers:            5656 kB
Cached:           413292 kB
SwapCached:        78568 kB
Active:          2496440 kB
Inactive:         943076 kB
Active(anon):    2406456 kB
Inactive(anon):   853836 kB
Active(file):      89984 kB
Inactive(file):    89240 kB
Unevictable:          64 kB
Mlocked:              64 kB
SwapTotal:       1951740 kB
SwapFree:         945568 kB
Dirty:               224 kB
Writeback:             0 kB
AnonPages:       2982804 kB
Mapped:           129760 kB
Shmem:            239652 kB
Slab:              97416 kB
SReclaimable:      57628 kB
SUnreclaim:        39788 kB
KernelStack:        5832 kB
PageTables:        64536 kB
NFS_Unstable:          0 kB
Bounce:                0 kB
WritebackTmp:          0 kB
CommitLimit:     3869004 kB
Committed_AS:    9986332 kB
VmallocTotal:   34359738367 kB
VmallocUsed:      544324 kB
VmallocChunk:   34359190492 kB
HardwareCorrupted:     0 kB
AnonHugePages:         0 kB
HugePages_Total:       0
HugePages_Free:        0
HugePages_Rsvd:        0
HugePages_Surp:        0
Hugepagesize:       2048 kB
DirectMap4k:       68372 kB
DirectMap2M:     3909632 kB


CPU:total 4 (2 cores per cpu, 2 threads per core) family 6 model 37 stepping 5, cmov, cx8, fxsr, mmx, sse, sse2, sse3, ssse3, sse4.1, sse4.2, popcnt, ht, tsc, tscinvbit

/proc/cpuinfo:
processor	: 0
vendor_id	: GenuineIntel
cpu family	: 6
model		: 37
model name	: Intel(R) Core(TM) i3 CPU       M 380  @ 2.53GHz
stepping	: 5
microcode	: 0x2
cpu MHz		: 1999.000
cache size	: 3072 KB
physical id	: 0
siblings	: 4
core id		: 0
cpu cores	: 2
apicid		: 0
initial apicid	: 0
fpu		: yes
fpu_exception	: yes
cpuid level	: 11
wp		: yes
flags		: fpu vme de pse tsc msr pae mce cx8 apic sep mtrr pge mca cmov pat pse36 clflush dts acpi mmx fxsr sse sse2 ss ht tm pbe syscall nx rdtscp lm constant_tsc arch_perfmon pebs bts rep_good nopl xtopology nonstop_tsc aperfmperf pni dtes64 monitor ds_cpl vmx est tm2 ssse3 cx16 xtpr pdcm pcid sse4_1 sse4_2 popcnt lahf_lm arat dtherm tpr_shadow vnmi flexpriority ept vpid
bogomips	: 5054.12
clflush size	: 64
cache_alignment	: 64
address sizes	: 36 bits physical, 48 bits virtual
power management:

processor	: 1
vendor_id	: GenuineIntel
cpu family	: 6
model		: 37
model name	: Intel(R) Core(TM) i3 CPU       M 380  @ 2.53GHz
stepping	: 5
microcode	: 0x2
cpu MHz		: 933.000
cache size	: 3072 KB
physical id	: 0
siblings	: 4
core id		: 2
cpu cores	: 2
apicid		: 4
initial apicid	: 4
fpu		: yes
fpu_exception	: yes
cpuid level	: 11
wp		: yes
flags		: fpu vme de pse tsc msr pae mce cx8 apic sep mtrr pge mca cmov pat pse36 clflush dts acpi mmx fxsr sse sse2 ss ht tm pbe syscall nx rdtscp lm constant_tsc arch_perfmon pebs bts rep_good nopl xtopology nonstop_tsc aperfmperf pni dtes64 monitor ds_cpl vmx est tm2 ssse3 cx16 xtpr pdcm pcid sse4_1 sse4_2 popcnt lahf_lm arat dtherm tpr_shadow vnmi flexpriority ept vpid
bogomips	: 5054.12
clflush size	: 64
cache_alignment	: 64
address sizes	: 36 bits physical, 48 bits virtual
power management:

processor	: 2
vendor_id	: GenuineIntel
cpu family	: 6
model		: 37
model name	: Intel(R) Core(TM) i3 CPU       M 380  @ 2.53GHz
stepping	: 5
microcode	: 0x2
cpu MHz		: 933.000
cache size	: 3072 KB
physical id	: 0
siblings	: 4
core id		: 0
cpu cores	: 2
apicid		: 1
initial apicid	: 1
fpu		: yes
fpu_exception	: yes
cpuid level	: 11
wp		: yes
flags		: fpu vme de pse tsc msr pae mce cx8 apic sep mtrr pge mca cmov pat pse36 clflush dts acpi mmx fxsr sse sse2 ss ht tm pbe syscall nx rdtscp lm constant_tsc arch_perfmon pebs bts rep_good nopl xtopology nonstop_tsc aperfmperf pni dtes64 monitor ds_cpl vmx est tm2 ssse3 cx16 xtpr pdcm pcid sse4_1 sse4_2 popcnt lahf_lm arat dtherm tpr_shadow vnmi flexpriority ept vpid
bogomips	: 5054.12
clflush size	: 64
cache_alignment	: 64
address sizes	: 36 bits physical, 48 bits virtual
power management:

processor	: 3
vendor_id	: GenuineIntel
cpu family	: 6
model		: 37
model name	: Intel(R) Core(TM) i3 CPU       M 380  @ 2.53GHz
stepping	: 5
microcode	: 0x2
cpu MHz		: 1999.000
cache size	: 3072 KB
physical id	: 0
siblings	: 4
core id		: 2
cpu cores	: 2
apicid		: 5
initial apicid	: 5
fpu		: yes
fpu_exception	: yes
cpuid level	: 11
wp		: yes
flags		: fpu vme de pse tsc msr pae mce cx8 apic sep mtrr pge mca cmov pat pse36 clflush dts acpi mmx fxsr sse sse2 ss ht tm pbe syscall nx rdtscp lm constant_tsc arch_perfmon pebs bts rep_good nopl xtopology nonstop_tsc aperfmperf pni dtes64 monitor ds_cpl vmx est tm2 ssse3 cx16 xtpr pdcm pcid sse4_1 sse4_2 popcnt lahf_lm arat dtherm tpr_shadow vnmi flexpriority ept vpid
bogomips	: 5054.12
clflush size	: 64
cache_alignment	: 64
address sizes	: 36 bits physical, 48 bits virtual
power management:



Memory: 4k page, physical 3834528k(174164k free), swap 1951740k(945568k free)

vm_info: Java HotSpot(TM) 64-Bit Server VM (24.45-b08) for linux-amd64 JRE (1.7.0_45-b18), built on Oct  8 2013 05:44:25 by "java_re" with gcc 4.3.0 20080428 (Red Hat 4.3.0-8)

time: Sat Nov 23 01:50:32 2013
elapsed time: 0 seconds

