#
# A fatal error has been detected by the Java Runtime Environment:
#
#  Internal Error (javaClasses.cpp:129), pid=6657, tid=139797208819456
#  fatal error: Invalid layout of preloaded class
#
# JRE version: 7.0_25-b30
# Java VM: OpenJDK 64-Bit Server VM (23.7-b01 mixed mode linux-amd64 compressed oops)
# Failed to write core dump. Core dumps have been disabled. To enable core dumping, try "ulimit -c unlimited" before starting Java again
#
# If you would like to submit a bug report, please include
# instructions on how to reproduce the bug and visit:
#   https://bugs.launchpad.net/ubuntu/+source/openjdk-7/
#

---------------  T H R E A D  ---------------

Current thread (0x00007f250c009800):  JavaThread "Unknown thread" [_thread_in_vm, id=6663, stack(0x00007f2512e8e000,0x00007f2512f8f000)]

Stack: [0x00007f2512e8e000,0x00007f2512f8f000],  sp=0x00007f2512f8d9a0,  free space=1022k
Native frames: (J=compiled Java code, j=interpreted, Vv=VM code, C=native code)
V  [libjvm.so+0x84e92b]  VMError::report_and_die()+0x16b
V  [libjvm.so+0x3ebd57]  report_fatal(char const*, int, char const*)+0x57
V  [libjvm.so+0x528efa]  compute_offset(int&, klassOopDesc*, Symbol*, Symbol*, bool) [clone .constprop.123]+0x11a
V  [libjvm.so+0x529166]  java_lang_String::compute_offsets()+0x36
V  [libjvm.so+0x7dcf8d]  SystemDictionary::initialize_preloaded_classes(Thread*)+0x3d
V  [libjvm.so+0x829288]  Universe::genesis(Thread*)+0x468
V  [libjvm.so+0x82973f]  universe2_init()+0x1f
V  [libjvm.so+0x4dde1a]  init_globals()+0x9a
V  [libjvm.so+0x80d26c]  Threads::create_vm(JavaVMInitArgs*, bool*)+0x39c
V  [libjvm.so+0x545278]  JNI_CreateJavaVM+0x58
C  [libjli.so+0x2b34]  __strcat_chk+0x2b34


---------------  P R O C E S S  ---------------

Java Threads: ( => current thread )

Other Threads:

=>0x00007f250c009800 (exited) JavaThread "Unknown thread" [_thread_in_vm, id=6663, stack(0x00007f2512e8e000,0x00007f2512f8f000)]

VM state:not at safepoint (not fully initialized)

VM Mutex/Monitor currently owned by a thread: None

GC Heap History (0 events):
No events

Deoptimization events (0 events):
No events

Internal exceptions (0 events):
No events

Events (10 events):
Event: 0.007 loading class 0x00007f250c02b720 done
Event: 0.007 loading class 0x00007f250c02afc0 done
Event: 0.007 loading class 0x00007f250c02af90
Event: 0.007 loading class 0x00007f250c056320
Event: 0.007 loading class 0x00007f250c056320 done
Event: 0.007 loading class 0x00007f250c056360
Event: 0.007 loading class 0x00007f250c056360 done
Event: 0.007 loading class 0x00007f250c0563a0
Event: 0.007 loading class 0x00007f250c0563a0 done
Event: 0.007 loading class 0x00007f250c02af90 done


Dynamic libraries:
00400000-00401000 r-xp 00000000 08:06 2103703                            /usr/lib/jvm/java-7-openjdk-amd64/jre/bin/java
00600000-00601000 r--p 00000000 08:06 2103703                            /usr/lib/jvm/java-7-openjdk-amd64/jre/bin/java
00601000-00602000 rw-p 00001000 08:06 2103703                            /usr/lib/jvm/java-7-openjdk-amd64/jre/bin/java
0120f000-01230000 rw-p 00000000 00:00 0                                  [heap]
bb000000-bc4c0000 rw-p 00000000 00:00 0 
bc4c0000-c5600000 rw-p 00000000 00:00 0 
c5600000-c7d10000 rw-p 00000000 00:00 0 
c7d10000-ec760000 rw-p 00000000 00:00 0 
ec760000-edae0000 rw-p 00000000 00:00 0 
edae0000-100000000 rw-p 00000000 00:00 0 
7f24f4000000-7f24f4021000 rw-p 00000000 00:00 0 
7f24f4021000-7f24f8000000 ---p 00000000 00:00 0 
7f24f94e0000-7f24fc000000 rw-p 00000000 00:00 0 
7f24fc000000-7f24fc021000 rw-p 00000000 00:00 0 
7f24fc021000-7f2500000000 ---p 00000000 00:00 0 
7f2500000000-7f2500021000 rw-p 00000000 00:00 0 
7f2500021000-7f2504000000 ---p 00000000 00:00 0 
7f2504000000-7f2504021000 rw-p 00000000 00:00 0 
7f2504021000-7f2508000000 ---p 00000000 00:00 0 
7f2508124000-7f2508367000 rw-p 00000000 00:00 0 
7f2508367000-7f2508431000 r--s 011ad000 08:08 6697148                    /home/felipe/adt-bundle-linux-x86_64-20130729/sdk/platforms/android-18/android.jar
7f2508431000-7f2508432000 ---p 00000000 00:00 0 
7f2508432000-7f2508532000 rw-p 00000000 00:00 0                          [stack:6667]
7f2508532000-7f2508533000 ---p 00000000 00:00 0 
7f2508533000-7f2508633000 rw-p 00000000 00:00 0                          [stack:6666]
7f2508633000-7f2508634000 ---p 00000000 00:00 0 
7f2508634000-7f2508734000 rw-p 00000000 00:00 0                          [stack:6665]
7f2508734000-7f2508735000 ---p 00000000 00:00 0 
7f2508735000-7f2508840000 rw-p 00000000 00:00 0                          [stack:6664]
7f2508840000-7f2508888000 rw-p 00000000 00:00 0 
7f2508888000-7f250889c000 rw-p 00000000 00:00 0 
7f250889c000-7f25089c1000 rw-p 00000000 00:00 0 
7f25089c1000-7f25089cc000 rw-p 00000000 00:00 0 
7f25089cc000-7f2508a14000 rw-p 00000000 00:00 0 
7f2508a14000-7f2508a28000 rw-p 00000000 00:00 0 
7f2508a28000-7f2508b4c000 rw-p 00000000 00:00 0 
7f2508b4c000-7f2508b57000 rw-p 00000000 00:00 0 
7f2508b57000-7f2508be9000 rw-p 00000000 00:00 0 
7f2508be9000-7f2508bea000 rw-p 00000000 00:00 0 
7f2508bea000-7f2508e5a000 rwxp 00000000 00:00 0 
7f2508e5a000-7f250bbea000 rw-p 00000000 00:00 0 
7f250bbea000-7f250bbf2000 r-xp 00000000 08:06 2103700                    /usr/lib/jvm/java-7-openjdk-amd64/jre/lib/amd64/libzip.so
7f250bbf2000-7f250bdf1000 ---p 00008000 08:06 2103700                    /usr/lib/jvm/java-7-openjdk-amd64/jre/lib/amd64/libzip.so
7f250bdf1000-7f250bdf2000 r--p 00007000 08:06 2103700                    /usr/lib/jvm/java-7-openjdk-amd64/jre/lib/amd64/libzip.so
7f250bdf2000-7f250bdf3000 rw-p 00008000 08:06 2103700                    /usr/lib/jvm/java-7-openjdk-amd64/jre/lib/amd64/libzip.so
7f250bdf3000-7f250bdff000 r-xp 00000000 08:06 935688                     /lib/x86_64-linux-gnu/libnss_files-2.17.so
7f250bdff000-7f250bffe000 ---p 0000c000 08:06 935688                     /lib/x86_64-linux-gnu/libnss_files-2.17.so
7f250bffe000-7f250bfff000 r--p 0000b000 08:06 935688                     /lib/x86_64-linux-gnu/libnss_files-2.17.so
7f250bfff000-7f250c000000 rw-p 0000c000 08:06 935688                     /lib/x86_64-linux-gnu/libnss_files-2.17.so
7f250c000000-7f250c061000 rw-p 00000000 00:00 0 
7f250c061000-7f2510000000 ---p 00000000 00:00 0 
7f251000f000-7f2510037000 rw-p 00000000 00:00 0 
7f2510037000-7f2510042000 r-xp 00000000 08:06 935702                     /lib/x86_64-linux-gnu/libnss_nis-2.17.so
7f2510042000-7f2510241000 ---p 0000b000 08:06 935702                     /lib/x86_64-linux-gnu/libnss_nis-2.17.so
7f2510241000-7f2510242000 r--p 0000a000 08:06 935702                     /lib/x86_64-linux-gnu/libnss_nis-2.17.so
7f2510242000-7f2510243000 rw-p 0000b000 08:06 935702                     /lib/x86_64-linux-gnu/libnss_nis-2.17.so
7f2510243000-7f251025a000 r-xp 00000000 08:06 935673                     /lib/x86_64-linux-gnu/libnsl-2.17.so
7f251025a000-7f2510459000 ---p 00017000 08:06 935673                     /lib/x86_64-linux-gnu/libnsl-2.17.so
7f2510459000-7f251045a000 r--p 00016000 08:06 935673                     /lib/x86_64-linux-gnu/libnsl-2.17.so
7f251045a000-7f251045b000 rw-p 00017000 08:06 935673                     /lib/x86_64-linux-gnu/libnsl-2.17.so
7f251045b000-7f251045d000 rw-p 00000000 00:00 0 
7f251045d000-7f2510465000 r-xp 00000000 08:06 935704                     /lib/x86_64-linux-gnu/libnss_compat-2.17.so
7f2510465000-7f2510664000 ---p 00008000 08:06 935704                     /lib/x86_64-linux-gnu/libnss_compat-2.17.so
7f2510664000-7f2510665000 r--p 00007000 08:06 935704                     /lib/x86_64-linux-gnu/libnss_compat-2.17.so
7f2510665000-7f2510666000 rw-p 00008000 08:06 935704                     /lib/x86_64-linux-gnu/libnss_compat-2.17.so
7f2510666000-7f2510691000 r-xp 00000000 08:06 2103683                    /usr/lib/jvm/java-7-openjdk-amd64/jre/lib/amd64/libjava.so
7f2510691000-7f2510890000 ---p 0002b000 08:06 2103683                    /usr/lib/jvm/java-7-openjdk-amd64/jre/lib/amd64/libjava.so
7f2510890000-7f2510891000 r--p 0002a000 08:06 2103683                    /usr/lib/jvm/java-7-openjdk-amd64/jre/lib/amd64/libjava.so
7f2510891000-7f2510893000 rw-p 0002b000 08:06 2103683                    /usr/lib/jvm/java-7-openjdk-amd64/jre/lib/amd64/libjava.so
7f2510893000-7f25108a2000 r-xp 00000000 08:06 2103682                    /usr/lib/jvm/java-7-openjdk-amd64/jre/lib/amd64/libverify.so
7f25108a2000-7f2510aa1000 ---p 0000f000 08:06 2103682                    /usr/lib/jvm/java-7-openjdk-amd64/jre/lib/amd64/libverify.so
7f2510aa1000-7f2510aa3000 r--p 0000e000 08:06 2103682                    /usr/lib/jvm/java-7-openjdk-amd64/jre/lib/amd64/libverify.so
7f2510aa3000-7f2510aa4000 rw-p 00010000 08:06 2103682                    /usr/lib/jvm/java-7-openjdk-amd64/jre/lib/amd64/libverify.so
7f2510aa4000-7f2510aab000 r-xp 00000000 08:06 935698                     /lib/x86_64-linux-gnu/librt-2.17.so
7f2510aab000-7f2510caa000 ---p 00007000 08:06 935698                     /lib/x86_64-linux-gnu/librt-2.17.so
7f2510caa000-7f2510cab000 r--p 00006000 08:06 935698                     /lib/x86_64-linux-gnu/librt-2.17.so
7f2510cab000-7f2510cac000 rw-p 00007000 08:06 935698                     /lib/x86_64-linux-gnu/librt-2.17.so
7f2510cac000-7f2510cc0000 r-xp 00000000 08:06 921406                     /lib/x86_64-linux-gnu/libgcc_s.so.1
7f2510cc0000-7f2510ec0000 ---p 00014000 08:06 921406                     /lib/x86_64-linux-gnu/libgcc_s.so.1
7f2510ec0000-7f2510ec1000 r--p 00014000 08:06 921406                     /lib/x86_64-linux-gnu/libgcc_s.so.1
7f2510ec1000-7f2510ec2000 rw-p 00015000 08:06 921406                     /lib/x86_64-linux-gnu/libgcc_s.so.1
7f2510ec2000-7f2510fc5000 r-xp 00000000 08:06 935703                     /lib/x86_64-linux-gnu/libm-2.17.so
7f2510fc5000-7f25111c5000 ---p 00103000 08:06 935703                     /lib/x86_64-linux-gnu/libm-2.17.so
7f25111c5000-7f25111c6000 r--p 00103000 08:06 935703                     /lib/x86_64-linux-gnu/libm-2.17.so
7f25111c6000-7f25111c7000 rw-p 00104000 08:06 935703                     /lib/x86_64-linux-gnu/libm-2.17.so
7f25111c7000-7f25112ac000 r-xp 00000000 08:06 1974892                    /usr/lib/x86_64-linux-gnu/libstdc++.so.6.0.17
7f25112ac000-7f25114ab000 ---p 000e5000 08:06 1974892                    /usr/lib/x86_64-linux-gnu/libstdc++.so.6.0.17
7f25114ab000-7f25114b3000 r--p 000e4000 08:06 1974892                    /usr/lib/x86_64-linux-gnu/libstdc++.so.6.0.17
7f25114b3000-7f25114b5000 rw-p 000ec000 08:06 1974892                    /usr/lib/x86_64-linux-gnu/libstdc++.so.6.0.17
7f25114b5000-7f25114ca000 rw-p 00000000 00:00 0 
7f25114ca000-7f2511eba000 r-xp 00000000 08:06 2103688                    /usr/lib/jvm/java-7-openjdk-amd64/jre/lib/amd64/server/libjvm.so
7f2511eba000-7f25120b9000 ---p 009f0000 08:06 2103688                    /usr/lib/jvm/java-7-openjdk-amd64/jre/lib/amd64/server/libjvm.so
7f25120b9000-7f2512138000 r--p 009ef000 08:06 2103688                    /usr/lib/jvm/java-7-openjdk-amd64/jre/lib/amd64/server/libjvm.so
7f2512138000-7f251215b000 rw-p 00a6e000 08:06 2103688                    /usr/lib/jvm/java-7-openjdk-amd64/jre/lib/amd64/server/libjvm.so
7f251215b000-7f2512186000 rw-p 00000000 00:00 0 
7f2512186000-7f251219c000 r-xp 00000000 08:06 921534                     /lib/x86_64-linux-gnu/libz.so.1.2.7
7f251219c000-7f251239b000 ---p 00016000 08:06 921534                     /lib/x86_64-linux-gnu/libz.so.1.2.7
7f251239b000-7f251239c000 r--p 00015000 08:06 921534                     /lib/x86_64-linux-gnu/libz.so.1.2.7
7f251239c000-7f251239d000 rw-p 00016000 08:06 921534                     /lib/x86_64-linux-gnu/libz.so.1.2.7
7f251239d000-7f25123b5000 r-xp 00000000 08:06 935676                     /lib/x86_64-linux-gnu/libpthread-2.17.so
7f25123b5000-7f25125b4000 ---p 00018000 08:06 935676                     /lib/x86_64-linux-gnu/libpthread-2.17.so
7f25125b4000-7f25125b5000 r--p 00017000 08:06 935676                     /lib/x86_64-linux-gnu/libpthread-2.17.so
7f25125b5000-7f25125b6000 rw-p 00018000 08:06 935676                     /lib/x86_64-linux-gnu/libpthread-2.17.so
7f25125b6000-7f25125ba000 rw-p 00000000 00:00 0 
7f25125ba000-7f25125bd000 r-xp 00000000 08:06 935684                     /lib/x86_64-linux-gnu/libdl-2.17.so
7f25125bd000-7f25127bc000 ---p 00003000 08:06 935684                     /lib/x86_64-linux-gnu/libdl-2.17.so
7f25127bc000-7f25127bd000 r--p 00002000 08:06 935684                     /lib/x86_64-linux-gnu/libdl-2.17.so
7f25127bd000-7f25127be000 rw-p 00003000 08:06 935684                     /lib/x86_64-linux-gnu/libdl-2.17.so
7f25127be000-7f251297d000 r-xp 00000000 08:06 935706                     /lib/x86_64-linux-gnu/libc-2.17.so
7f251297d000-7f2512b7c000 ---p 001bf000 08:06 935706                     /lib/x86_64-linux-gnu/libc-2.17.so
7f2512b7c000-7f2512b80000 r--p 001be000 08:06 935706                     /lib/x86_64-linux-gnu/libc-2.17.so
7f2512b80000-7f2512b82000 rw-p 001c2000 08:06 935706                     /lib/x86_64-linux-gnu/libc-2.17.so
7f2512b82000-7f2512b87000 rw-p 00000000 00:00 0 
7f2512b87000-7f2512b94000 r-xp 00000000 08:06 2103664                    /usr/lib/jvm/java-7-openjdk-amd64/jre/lib/amd64/jli/libjli.so
7f2512b94000-7f2512d93000 ---p 0000d000 08:06 2103664                    /usr/lib/jvm/java-7-openjdk-amd64/jre/lib/amd64/jli/libjli.so
7f2512d93000-7f2512d94000 r--p 0000c000 08:06 2103664                    /usr/lib/jvm/java-7-openjdk-amd64/jre/lib/amd64/jli/libjli.so
7f2512d94000-7f2512d95000 rw-p 0000d000 08:06 2103664                    /usr/lib/jvm/java-7-openjdk-amd64/jre/lib/amd64/jli/libjli.so
7f2512d95000-7f2512db8000 r-xp 00000000 08:06 935651                     /lib/x86_64-linux-gnu/ld-2.17.so
7f2512dce000-7f2512dd8000 rw-p 00000000 00:00 0 
7f2512dd8000-7f2512e8e000 rw-p 00000000 00:00 0 
7f2512e8e000-7f2512e91000 ---p 00000000 00:00 0 
7f2512e91000-7f2512f94000 rw-p 00000000 00:00 0                          [stack:6663]
7f2512fa9000-7f2512fab000 rw-p 00000000 00:00 0 
7f2512fab000-7f2512fb3000 rw-s 00000000 08:06 542053                     /tmp/hsperfdata_root/6657
7f2512fb3000-7f2512fb4000 rw-p 00000000 00:00 0 
7f2512fb4000-7f2512fb5000 r--p 00000000 00:00 0 
7f2512fb5000-7f2512fb7000 rw-p 00000000 00:00 0 
7f2512fb7000-7f2512fb8000 r--p 00022000 08:06 935651                     /lib/x86_64-linux-gnu/ld-2.17.so
7f2512fb8000-7f2512fba000 rw-p 00023000 08:06 935651                     /lib/x86_64-linux-gnu/ld-2.17.so
7ffff9bf0000-7ffff9c11000 rw-p 00000000 00:00 0                          [stack]
7ffff9c52000-7ffff9c54000 r-xp 00000000 00:00 0                          [vdso]
ffffffffff600000-ffffffffff601000 r-xp 00000000 00:00 0                  [vsyscall]

VM Arguments:
jvm_args: -Dfile.encoding=UTF-8 -Xbootclasspath:/home/felipe/adt-bundle-linux-x86_64-20130729/sdk/platforms/android-18/android.jar 
java_command: org.eclipse.jdt.internal.junit.runner.RemoteTestRunner -version 3 -port 56401 -testLoaderClass org.eclipse.jdt.internal.junit4.runner.JUnit4TestLoader -loaderpluginname org.eclipse.jdt.junit4.runtime -classNames test.Teste
Launcher Type: SUN_STANDARD

Environment Variables:
PATH=/usr/local/heroku/bin:/usr/local/sbin:/usr/local/bin:/usr/sbin:/usr/bin:/sbin:/bin:/usr/games:/usr/local/games
USERNAME=root
SHELL=/bin/bash
DISPLAY=:0

Signal Handlers:
SIGSEGV: [libjvm.so+0x84f410], sa_mask[0]=0x7ffbfeff, sa_flags=0x10000004
SIGBUS: [libjvm.so+0x84f410], sa_mask[0]=0x7ffbfeff, sa_flags=0x10000004
SIGFPE: [libjvm.so+0x6f19a0], sa_mask[0]=0x7ffbfeff, sa_flags=0x10000004
SIGPIPE: [libjvm.so+0x6f19a0], sa_mask[0]=0x7ffbfeff, sa_flags=0x10000004
SIGXFSZ: [libjvm.so+0x6f19a0], sa_mask[0]=0x7ffbfeff, sa_flags=0x10000004
SIGILL: [libjvm.so+0x6f19a0], sa_mask[0]=0x7ffbfeff, sa_flags=0x10000004
SIGUSR1: SIG_DFL, sa_mask[0]=0x00000000, sa_flags=0x00000000
SIGUSR2: [libjvm.so+0x6f1d70], sa_mask[0]=0x00000004, sa_flags=0x10000004
SIGHUP: SIG_DFL, sa_mask[0]=0x00000000, sa_flags=0x00000000
SIGINT: SIG_DFL, sa_mask[0]=0x00000000, sa_flags=0x00000000
SIGTERM: SIG_DFL, sa_mask[0]=0x00000000, sa_flags=0x00000000
SIGQUIT: SIG_DFL, sa_mask[0]=0x00000000, sa_flags=0x00000000


---------------  S Y S T E M  ---------------

OS:Ubuntu 13.04 (raring)
uname:Linux 3.8.0-33-generic #48-Ubuntu SMP Wed Oct 23 09:16:58 UTC 2013 x86_64
libc:glibc 2.17 NPTL 2.17 
rlimit: STACK 8192k, CORE 0k, NPROC 29807, NOFILE 4096, AS infinity
load average:0.61 1.04 1.02

/proc/meminfo:
MemTotal:        3834528 kB
MemFree:          216988 kB
Buffers:           28900 kB
Cached:           953340 kB
SwapCached:        30920 kB
Active:          2344940 kB
Inactive:        1043580 kB
Active(anon):    1965468 kB
Inactive(anon):   736356 kB
Active(file):     379472 kB
Inactive(file):   307224 kB
Unevictable:          64 kB
Mlocked:              64 kB
SwapTotal:       1951740 kB
SwapFree:        1669316 kB
Dirty:               236 kB
Writeback:             0 kB
AnonPages:       2379860 kB
Mapped:           129104 kB
Shmem:            295544 kB
Slab:             109184 kB
SReclaimable:      70688 kB
SUnreclaim:        38496 kB
KernelStack:        5352 kB
PageTables:        58948 kB
NFS_Unstable:          0 kB
Bounce:                0 kB
WritebackTmp:          0 kB
CommitLimit:     3869004 kB
Committed_AS:    8240392 kB
VmallocTotal:   34359738367 kB
VmallocUsed:      544324 kB
VmallocChunk:   34359189980 kB
HardwareCorrupted:     0 kB
AnonHugePages:         0 kB
HugePages_Total:       0
HugePages_Free:        0
HugePages_Rsvd:        0
HugePages_Surp:        0
Hugepagesize:       2048 kB
DirectMap4k:       74516 kB
DirectMap2M:     3903488 kB


CPU:total 4 (2 cores per cpu, 2 threads per core) family 6 model 37 stepping 5, cmov, cx8, fxsr, mmx, sse, sse2, sse3, ssse3, sse4.1, sse4.2, popcnt, ht, tsc, tscinvbit

/proc/cpuinfo:
processor	: 0
vendor_id	: GenuineIntel
cpu family	: 6
model		: 37
model name	: Intel(R) Core(TM) i3 CPU       M 380  @ 2.53GHz
stepping	: 5
microcode	: 0x2
cpu MHz		: 2533.000
cache size	: 3072 KB
physical id	: 0
siblings	: 4
core id		: 0
cpu cores	: 2
apicid		: 0
initial apicid	: 0
fpu		: yes
fpu_exception	: yes
cpuid level	: 11
wp		: yes
flags		: fpu vme de pse tsc msr pae mce cx8 apic sep mtrr pge mca cmov pat pse36 clflush dts acpi mmx fxsr sse sse2 ss ht tm pbe syscall nx rdtscp lm constant_tsc arch_perfmon pebs bts rep_good nopl xtopology nonstop_tsc aperfmperf pni dtes64 monitor ds_cpl vmx est tm2 ssse3 cx16 xtpr pdcm pcid sse4_1 sse4_2 popcnt lahf_lm arat dtherm tpr_shadow vnmi flexpriority ept vpid
bogomips	: 5054.16
clflush size	: 64
cache_alignment	: 64
address sizes	: 36 bits physical, 48 bits virtual
power management:

processor	: 1
vendor_id	: GenuineIntel
cpu family	: 6
model		: 37
model name	: Intel(R) Core(TM) i3 CPU       M 380  @ 2.53GHz
stepping	: 5
microcode	: 0x2
cpu MHz		: 2533.000
cache size	: 3072 KB
physical id	: 0
siblings	: 4
core id		: 2
cpu cores	: 2
apicid		: 4
initial apicid	: 4
fpu		: yes
fpu_exception	: yes
cpuid level	: 11
wp		: yes
flags		: fpu vme de pse tsc msr pae mce cx8 apic sep mtrr pge mca cmov pat pse36 clflush dts acpi mmx fxsr sse sse2 ss ht tm pbe syscall nx rdtscp lm constant_tsc arch_perfmon pebs bts rep_good nopl xtopology nonstop_tsc aperfmperf pni dtes64 monitor ds_cpl vmx est tm2 ssse3 cx16 xtpr pdcm pcid sse4_1 sse4_2 popcnt lahf_lm arat dtherm tpr_shadow vnmi flexpriority ept vpid
bogomips	: 5054.16
clflush size	: 64
cache_alignment	: 64
address sizes	: 36 bits physical, 48 bits virtual
power management:

processor	: 2
vendor_id	: GenuineIntel
cpu family	: 6
model		: 37
model name	: Intel(R) Core(TM) i3 CPU       M 380  @ 2.53GHz
stepping	: 5
microcode	: 0x2
cpu MHz		: 2533.000
cache size	: 3072 KB
physical id	: 0
siblings	: 4
core id		: 0
cpu cores	: 2
apicid		: 1
initial apicid	: 1
fpu		: yes
fpu_exception	: yes
cpuid level	: 11
wp		: yes
flags		: fpu vme de pse tsc msr pae mce cx8 apic sep mtrr pge mca cmov pat pse36 clflush dts acpi mmx fxsr sse sse2 ss ht tm pbe syscall nx rdtscp lm constant_tsc arch_perfmon pebs bts rep_good nopl xtopology nonstop_tsc aperfmperf pni dtes64 monitor ds_cpl vmx est tm2 ssse3 cx16 xtpr pdcm pcid sse4_1 sse4_2 popcnt lahf_lm arat dtherm tpr_shadow vnmi flexpriority ept vpid
bogomips	: 5054.16
clflush size	: 64
cache_alignment	: 64
address sizes	: 36 bits physical, 48 bits virtual
power management:

processor	: 3
vendor_id	: GenuineIntel
cpu family	: 6
model		: 37
model name	: Intel(R) Core(TM) i3 CPU       M 380  @ 2.53GHz
stepping	: 5
microcode	: 0x2
cpu MHz		: 2533.000
cache size	: 3072 KB
physical id	: 0
siblings	: 4
core id		: 2
cpu cores	: 2
apicid		: 5
initial apicid	: 5
fpu		: yes
fpu_exception	: yes
cpuid level	: 11
wp		: yes
flags		: fpu vme de pse tsc msr pae mce cx8 apic sep mtrr pge mca cmov pat pse36 clflush dts acpi mmx fxsr sse sse2 ss ht tm pbe syscall nx rdtscp lm constant_tsc arch_perfmon pebs bts rep_good nopl xtopology nonstop_tsc aperfmperf pni dtes64 monitor ds_cpl vmx est tm2 ssse3 cx16 xtpr pdcm pcid sse4_1 sse4_2 popcnt lahf_lm arat dtherm tpr_shadow vnmi flexpriority ept vpid
bogomips	: 5054.16
clflush size	: 64
cache_alignment	: 64
address sizes	: 36 bits physical, 48 bits virtual
power management:



Memory: 4k page, physical 3834528k(216988k free), swap 1951740k(1669316k free)

vm_info: OpenJDK 64-Bit Server VM (23.7-b01) for linux-amd64 JRE (1.7.0_25-b30), built on Jul  3 2013 13:50:39 by "buildd" with gcc 4.7.3

time: Wed Nov 20 10:48:54 2013
elapsed time: 0 seconds

